This is pdfTeX, Version 3.14159265-2.6-1.40.19 (TeX Live 2018) (preloaded format=pdflatex 2018.4.16)  9 APR 2019 18:55
entering extended mode
 restricted \write18 enabled.
 file:line:error style messages enabled.
 %&-line parsing enabled.
**main.tex
(./main.tex
LaTeX2e <2018-04-01> patch level 2
Babel <3.18> and hyphenation patterns for 84 language(s) loaded.
(./wlpeerj.cls
Document Class: wlpeerj 18/08/2016, v1.2
(/usr/local/texlive/2018/texmf-dist/tex/latex/base/inputenc.sty
Package: inputenc 2018/04/06 v1.3b Input encoding file
\inpenc@prehook=\toks14
\inpenc@posthook=\toks15
)
(/usr/local/texlive/2018/texmf-dist/tex/generic/babel/babel.sty
Package: babel 2018/02/14 3.18 The Babel package

(/usr/local/texlive/2018/texmf-dist/tex/generic/babel/switch.def
File: switch.def 2018/02/14 3.18 Babel switching mechanism
)
(/usr/local/texlive/2018/texmf-dist/tex/generic/babel-english/english.ldf
Language: english 2017/06/06 v3.3r English support from the babel system

(/usr/local/texlive/2018/texmf-dist/tex/generic/babel/babel.def
File: babel.def 2018/02/14 3.18 Babel common definitions
\babel@savecnt=\count80
\U@D=\dimen102

(/usr/local/texlive/2018/texmf-dist/tex/generic/babel/txtbabel.def)
\bbl@dirlevel=\count81
)
\l@canadian = a dialect from \language\l@american 
\l@australian = a dialect from \language\l@british 
\l@newzealand = a dialect from \language\l@british 
))
(/usr/local/texlive/2018/texmf-dist/tex/latex/base/ifthen.sty
Package: ifthen 2014/09/29 v1.1c Standard LaTeX ifthen package (DPC)
)
(/usr/local/texlive/2018/texmf-dist/tex/latex/tools/calc.sty
Package: calc 2017/05/25 v4.3 Infix arithmetic (KKT,FJ)
\calc@Acount=\count82
\calc@Bcount=\count83
\calc@Adimen=\dimen103
\calc@Bdimen=\dimen104
\calc@Askip=\skip41
\calc@Bskip=\skip42
LaTeX Info: Redefining \setlength on input line 80.
LaTeX Info: Redefining \addtolength on input line 81.
\calc@Ccount=\count84
\calc@Cskip=\skip43
)
(/usr/local/texlive/2018/texmf-dist/tex/latex/base/article.cls
Document Class: article 2014/09/29 v1.4h Standard LaTeX document class
(/usr/local/texlive/2018/texmf-dist/tex/latex/base/fleqn.clo
File: fleqn.clo 2016/12/29 v1.2a Standard LaTeX option (flush left equations)
\mathindent=\dimen105
Applying: [2015/01/01] Make \[ robust on input line 50.
LaTeX Info: Redefining \[ on input line 51.
Already applied: [0000/00/00] Make \[ robust on input line 62.
Applying: [2015/01/01] Make \] robust on input line 74.
LaTeX Info: Redefining \] on input line 75.
Already applied: [0000/00/00] Make \] robust on input line 83.
)
(/usr/local/texlive/2018/texmf-dist/tex/latex/base/size10.clo
File: size10.clo 2014/09/29 v1.4h Standard LaTeX file (size option)
)
\c@part=\count85
\c@section=\count86
\c@subsection=\count87
\c@subsubsection=\count88
\c@paragraph=\count89
\c@subparagraph=\count90
\c@figure=\count91
\c@table=\count92
\abovecaptionskip=\skip44
\belowcaptionskip=\skip45
\bibindent=\dimen106
)
(/usr/local/texlive/2018/texmf-dist/tex/latex/psnfss/times.sty
Package: times 2005/04/12 PSNFSS-v9.2a (SPQR) 
)
(/usr/local/texlive/2018/texmf-dist/tex/latex/psnfss/mathptmx.sty
Package: mathptmx 2005/04/12 PSNFSS-v9.2a Times w/ Math, improved (SPQR, WaS) 
LaTeX Font Info:    Redeclaring symbol font `operators' on input line 28.
LaTeX Font Info:    Overwriting symbol font `operators' in version `normal'
(Font)                  OT1/cmr/m/n --> OT1/ztmcm/m/n on input line 28.
LaTeX Font Info:    Overwriting symbol font `operators' in version `bold'
(Font)                  OT1/cmr/bx/n --> OT1/ztmcm/m/n on input line 28.
LaTeX Font Info:    Redeclaring symbol font `letters' on input line 29.
LaTeX Font Info:    Overwriting symbol font `letters' in version `normal'
(Font)                  OML/cmm/m/it --> OML/ztmcm/m/it on input line 29.
LaTeX Font Info:    Overwriting symbol font `letters' in version `bold'
(Font)                  OML/cmm/b/it --> OML/ztmcm/m/it on input line 29.
LaTeX Font Info:    Redeclaring symbol font `symbols' on input line 30.
LaTeX Font Info:    Overwriting symbol font `symbols' in version `normal'
(Font)                  OMS/cmsy/m/n --> OMS/ztmcm/m/n on input line 30.
LaTeX Font Info:    Overwriting symbol font `symbols' in version `bold'
(Font)                  OMS/cmsy/b/n --> OMS/ztmcm/m/n on input line 30.
LaTeX Font Info:    Redeclaring symbol font `largesymbols' on input line 31.
LaTeX Font Info:    Overwriting symbol font `largesymbols' in version `normal'
(Font)                  OMX/cmex/m/n --> OMX/ztmcm/m/n on input line 31.
LaTeX Font Info:    Overwriting symbol font `largesymbols' in version `bold'
(Font)                  OMX/cmex/m/n --> OMX/ztmcm/m/n on input line 31.
\symbold=\mathgroup4
\symitalic=\mathgroup5
LaTeX Font Info:    Redeclaring math alphabet \mathbf on input line 34.
LaTeX Font Info:    Overwriting math alphabet `\mathbf' in version `normal'
(Font)                  OT1/cmr/bx/n --> OT1/ptm/bx/n on input line 34.
LaTeX Font Info:    Overwriting math alphabet `\mathbf' in version `bold'
(Font)                  OT1/cmr/bx/n --> OT1/ptm/bx/n on input line 34.
LaTeX Font Info:    Redeclaring math alphabet \mathit on input line 35.
LaTeX Font Info:    Overwriting math alphabet `\mathit' in version `normal'
(Font)                  OT1/cmr/m/it --> OT1/ptm/m/it on input line 35.
LaTeX Font Info:    Overwriting math alphabet `\mathit' in version `bold'
(Font)                  OT1/cmr/bx/it --> OT1/ptm/m/it on input line 35.
LaTeX Info: Redefining \hbar on input line 50.
)
(/usr/local/texlive/2018/texmf-dist/tex/latex/lineno/lineno.sty
Package: lineno 2005/11/02 line numbers on paragraphs v4.41
\linenopenalty=\count93
\output=\toks16
\linenoprevgraf=\count94
\linenumbersep=\dimen107
\linenumberwidth=\dimen108
\c@linenumber=\count95
\c@pagewiselinenumber=\count96
\c@LN@truepage=\count97
\c@internallinenumber=\count98
\c@internallinenumbers=\count99
\quotelinenumbersep=\dimen109
\bframerule=\dimen110
\bframesep=\dimen111
\bframebox=\box26
LaTeX Info: Redefining \\ on input line 3056.
)
(/usr/local/texlive/2018/texmf-dist/tex/generic/oberdiek/ifpdf.sty
Package: ifpdf 2017/03/15 v3.2 Provides the ifpdf switch
)
(/usr/local/texlive/2018/texmf-dist/tex/latex/amsmath/amsmath.sty
Package: amsmath 2017/09/02 v2.17a AMS math features
\@mathmargin=\skip46

For additional information on amsmath, use the `?' option.
(/usr/local/texlive/2018/texmf-dist/tex/latex/amsmath/amstext.sty
Package: amstext 2000/06/29 v2.01 AMS text

(/usr/local/texlive/2018/texmf-dist/tex/latex/amsmath/amsgen.sty
File: amsgen.sty 1999/11/30 v2.0 generic functions
\@emptytoks=\toks17
\ex@=\dimen112
))
(/usr/local/texlive/2018/texmf-dist/tex/latex/amsmath/amsbsy.sty
Package: amsbsy 1999/11/29 v1.2d Bold Symbols
\pmbraise@=\dimen113
)
(/usr/local/texlive/2018/texmf-dist/tex/latex/amsmath/amsopn.sty
Package: amsopn 2016/03/08 v2.02 operator names
)
\inf@bad=\count100
LaTeX Info: Redefining \frac on input line 213.
\uproot@=\count101
\leftroot@=\count102
LaTeX Info: Redefining \overline on input line 375.
\classnum@=\count103
\DOTSCASE@=\count104
LaTeX Info: Redefining \ldots on input line 472.
LaTeX Info: Redefining \dots on input line 475.
LaTeX Info: Redefining \cdots on input line 596.
\Mathstrutbox@=\box27
\strutbox@=\box28
\big@size=\dimen114
LaTeX Font Info:    Redeclaring font encoding OML on input line 712.
LaTeX Font Info:    Redeclaring font encoding OMS on input line 713.
\macc@depth=\count105
\c@MaxMatrixCols=\count106
\dotsspace@=\muskip10
\c@parentequation=\count107
\dspbrk@lvl=\count108
\tag@help=\toks18
\row@=\count109
\column@=\count110
\maxfields@=\count111
\andhelp@=\toks19
\eqnshift@=\dimen115
\alignsep@=\dimen116
\tagshift@=\dimen117
\tagwidth@=\dimen118
\totwidth@=\dimen119
\lineht@=\dimen120
\@envbody=\toks20
\multlinegap=\skip47
\multlinetaggap=\skip48
\mathdisplay@stack=\toks21
LaTeX Info: Redefining \[ on input line 2817.
LaTeX Info: Redefining \] on input line 2818.
)
(/usr/local/texlive/2018/texmf-dist/tex/latex/amsfonts/amsfonts.sty
Package: amsfonts 2013/01/14 v3.01 Basic AMSFonts support
\symAMSa=\mathgroup6
\symAMSb=\mathgroup7
LaTeX Font Info:    Overwriting math alphabet `\mathfrak' in version `bold'
(Font)                  U/euf/m/n --> U/euf/b/n on input line 106.
)
(/usr/local/texlive/2018/texmf-dist/tex/latex/amsfonts/amssymb.sty
Package: amssymb 2013/01/14 v3.01 AMS font symbols
)
(/usr/local/texlive/2018/texmf-dist/tex/latex/graphics/graphicx.sty
Package: graphicx 2017/06/01 v1.1a Enhanced LaTeX Graphics (DPC,SPQR)

(/usr/local/texlive/2018/texmf-dist/tex/latex/graphics/keyval.sty
Package: keyval 2014/10/28 v1.15 key=value parser (DPC)
\KV@toks@=\toks22
)
(/usr/local/texlive/2018/texmf-dist/tex/latex/graphics/graphics.sty
Package: graphics 2017/06/25 v1.2c Standard LaTeX Graphics (DPC,SPQR)

(/usr/local/texlive/2018/texmf-dist/tex/latex/graphics/trig.sty
Package: trig 2016/01/03 v1.10 sin cos tan (DPC)
)
(/usr/local/texlive/2018/texmf-dist/tex/latex/graphics-cfg/graphics.cfg
File: graphics.cfg 2016/06/04 v1.11 sample graphics configuration
)
Package graphics Info: Driver file: pdftex.def on input line 99.

(/usr/local/texlive/2018/texmf-dist/tex/latex/graphics-def/pdftex.def
File: pdftex.def 2018/01/08 v1.0l Graphics/color driver for pdftex
))
\Gin@req@height=\dimen121
\Gin@req@width=\dimen122
)
(/usr/local/texlive/2018/texmf-dist/tex/latex/xcolor/xcolor.sty
Package: xcolor 2016/05/11 v2.12 LaTeX color extensions (UK)

(/usr/local/texlive/2018/texmf-dist/tex/latex/graphics-cfg/color.cfg
File: color.cfg 2016/01/02 v1.6 sample color configuration
)
Package xcolor Info: Driver file: pdftex.def on input line 225.
Package xcolor Info: Model `cmy' substituted by `cmy0' on input line 1348.
Package xcolor Info: Model `hsb' substituted by `rgb' on input line 1352.
Package xcolor Info: Model `RGB' extended on input line 1364.
Package xcolor Info: Model `HTML' substituted by `rgb' on input line 1366.
Package xcolor Info: Model `Hsb' substituted by `hsb' on input line 1367.
Package xcolor Info: Model `tHsb' substituted by `hsb' on input line 1368.
Package xcolor Info: Model `HSB' substituted by `hsb' on input line 1369.
Package xcolor Info: Model `Gray' substituted by `gray' on input line 1370.
Package xcolor Info: Model `wave' substituted by `hsb' on input line 1371.
)
(/usr/local/texlive/2018/texmf-dist/tex/latex/booktabs/booktabs.sty
Package: booktabs 2016/04/27 v1.618033 publication quality tables
\heavyrulewidth=\dimen123
\lightrulewidth=\dimen124
\cmidrulewidth=\dimen125
\belowrulesep=\dimen126
\belowbottomsep=\dimen127
\aboverulesep=\dimen128
\abovetopsep=\dimen129
\cmidrulesep=\dimen130
\cmidrulekern=\dimen131
\defaultaddspace=\dimen132
\@cmidla=\count112
\@cmidlb=\count113
\@aboverulesep=\dimen133
\@belowrulesep=\dimen134
\@thisruleclass=\count114
\@lastruleclass=\count115
\@thisrulewidth=\dimen135
)
(/usr/local/texlive/2018/texmf-dist/tex/latex/preprint/authblk.sty
Package: authblk 2001/02/27 1.3 (PWD)
\affilsep=\skip49
\@affilsep=\skip50
\c@Maxaffil=\count116
\c@authors=\count117
\c@affil=\count118
)
(/usr/local/texlive/2018/texmf-dist/tex/latex/geometry/geometry.sty
Package: geometry 2018/03/24 v5.7 Page Geometry

(/usr/local/texlive/2018/texmf-dist/tex/generic/oberdiek/ifvtex.sty
Package: ifvtex 2016/05/16 v1.6 Detect VTeX and its facilities (HO)
Package ifvtex Info: VTeX not detected.
)
(/usr/local/texlive/2018/texmf-dist/tex/generic/ifxetex/ifxetex.sty
Package: ifxetex 2010/09/12 v0.6 Provides ifxetex conditional
)
\Gm@cnth=\count119
\Gm@cntv=\count120
\c@Gm@tempcnt=\count121
\Gm@bindingoffset=\dimen136
\Gm@wd@mp=\dimen137
\Gm@odd@mp=\dimen138
\Gm@even@mp=\dimen139
\Gm@layoutwidth=\dimen140
\Gm@layoutheight=\dimen141
\Gm@layouthoffset=\dimen142
\Gm@layoutvoffset=\dimen143
\Gm@dimlist=\toks23
)
(/usr/local/texlive/2018/texmf-dist/tex/latex/caption/caption.sty
Package: caption 2016/02/21 v3.3-144 Customizing captions (AR)

(/usr/local/texlive/2018/texmf-dist/tex/latex/caption/caption3.sty
Package: caption3 2016/05/22 v1.7-166 caption3 kernel (AR)
Package caption3 Info: TeX engine: e-TeX on input line 67.
\captionmargin=\dimen144
\captionmargin@=\dimen145
\captionwidth=\dimen146
\caption@tempdima=\dimen147
\caption@indent=\dimen148
\caption@parindent=\dimen149
\caption@hangindent=\dimen150
)
\c@ContinuedFloat=\count122
)
(/usr/local/texlive/2018/texmf-dist/tex/latex/natbib/natbib.sty
Package: natbib 2010/09/13 8.31b (PWD, AO)
\bibhang=\skip51
\bibsep=\skip52
LaTeX Info: Redefining \cite on input line 694.
\c@NAT@ctr=\count123
)
(/usr/local/texlive/2018/texmf-dist/tex/latex/fancyhdr/fancyhdr.sty
Package: fancyhdr 2017/06/30 v3.9a Extensive control of page headers and footer
s
\f@nch@headwidth=\skip53
\f@nch@O@elh=\skip54
\f@nch@O@erh=\skip55
\f@nch@O@olh=\skip56
\f@nch@O@orh=\skip57
\f@nch@O@elf=\skip58
\f@nch@O@erf=\skip59
\f@nch@O@olf=\skip60
\f@nch@O@orf=\skip61
)
(/usr/local/texlive/2018/texmf-dist/tex/latex/lastpage/lastpage.sty
Package: lastpage 2015/03/29 v1.2m Refers to last page's name (HMM; JPG)
)
(/usr/local/texlive/2018/texmf-dist/tex/latex/titlesec/titlesec.sty
Package: titlesec 2016/03/21 v2.10.2 Sectioning titles
\ttl@box=\box29
\beforetitleunit=\skip62
\aftertitleunit=\skip63
\ttl@plus=\dimen151
\ttl@minus=\dimen152
\ttl@toksa=\toks24
\titlewidth=\dimen153
\titlewidthlast=\dimen154
\titlewidthfirst=\dimen155
)
(/usr/local/texlive/2018/texmf-dist/tex/latex/titlesec/ttlkeys.def
File: ttlkeys.def 2016/03/15
)
(/usr/local/texlive/2018/texmf-dist/tex/latex/titlesec/titletoc.sty
Package: titletoc 2011/12/15 v1.6 TOC entries
\ttl@leftsep=\dimen156
)
(/usr/local/texlive/2018/texmf-dist/tex/latex/enumitem/enumitem.sty
Package: enumitem 2011/09/28 v3.5.2 Customized lists
\labelindent=\skip64
\enit@outerparindent=\dimen157
\enit@toks=\toks25
\enit@inbox=\box30
\enitdp@description=\count124
)
\tocsep=\skip65

(/usr/local/texlive/2018/texmf-dist/tex/latex/lipsum/lipsum.sty
Package: lipsum 2014/07/27 v1.3 150 paragraphs of Lorem Ipsum dummy text
\c@lips@count=\count125
))
(/usr/local/texlive/2018/texmf-dist/tex/latex/microtype/microtype.sty
Package: microtype 2018/01/14 v2.7a Micro-typographical refinements (RS)
\MT@toks=\toks26
\MT@count=\count126
LaTeX Info: Redefining \textls on input line 793.
\MT@outer@kern=\dimen158
LaTeX Info: Redefining \textmicrotypecontext on input line 1339.
\MT@listname@count=\count127

(/usr/local/texlive/2018/texmf-dist/tex/latex/microtype/microtype-pdftex.def
File: microtype-pdftex.def 2018/01/14 v2.7a Definitions specific to pdftex (RS)

LaTeX Info: Redefining \lsstyle on input line 913.
LaTeX Info: Redefining \lslig on input line 913.
\MT@outer@space=\skip66
)
Package microtype Info: Loading configuration file microtype.cfg.

(/usr/local/texlive/2018/texmf-dist/tex/latex/microtype/microtype.cfg
File: microtype.cfg 2018/01/14 v2.7a microtype main configuration file (RS)
))
(/usr/local/texlive/2018/texmf-dist/tex/latex/psnfss/helvet.sty
Package: helvet 2005/04/12 PSNFSS-v9.2a (WaS) 
)
(/usr/local/texlive/2018/texmf-dist/tex/latex/subfig/subfig.sty
Package: subfig 2005/06/28 ver: 1.3 subfig package
\c@KVtest=\count128
\sf@farskip=\skip67
\sf@captopadj=\dimen159
\sf@capskip=\skip68
\sf@nearskip=\skip69
\c@subfigure=\count129
\c@subfigure@save=\count130
\c@lofdepth=\count131
\c@subtable=\count132
\c@subtable@save=\count133
\c@lotdepth=\count134
\sf@top=\skip70
\sf@bottom=\skip71
)
(/usr/local/texlive/2018/texmf-dist/tex/latex/psnfss/pifont.sty
Package: pifont 2005/04/12 PSNFSS-v9.2a Pi font support (SPQR) 
LaTeX Font Info:    Try loading font information for U+pzd on input line 63.

(/usr/local/texlive/2018/texmf-dist/tex/latex/psnfss/upzd.fd
File: upzd.fd 2001/06/04 font definitions for U/pzd.
)
LaTeX Font Info:    Try loading font information for U+psy on input line 64.

(/usr/local/texlive/2018/texmf-dist/tex/latex/psnfss/upsy.fd
File: upsy.fd 2001/06/04 font definitions for U/psy.
))
(/usr/local/texlive/2018/texmf-dist/tex/latex/multirow/multirow.sty
Package: multirow 2016/11/25 v2.2 Span multiple rows of a table
\multirow@colwidth=\skip72
\multirow@cntb=\count135
\multirow@dima=\skip73
\bigstrutjot=\dimen160
)
(/usr/local/texlive/2018/texmf-dist/tex/latex/hyperref/hyperref.sty
Package: hyperref 2018/02/06 v6.86b Hypertext links for LaTeX

(/usr/local/texlive/2018/texmf-dist/tex/generic/oberdiek/hobsub-hyperref.sty
Package: hobsub-hyperref 2016/05/16 v1.14 Bundle oberdiek, subset hyperref (HO)


(/usr/local/texlive/2018/texmf-dist/tex/generic/oberdiek/hobsub-generic.sty
Package: hobsub-generic 2016/05/16 v1.14 Bundle oberdiek, subset generic (HO)
Package: hobsub 2016/05/16 v1.14 Construct package bundles (HO)
Package: infwarerr 2016/05/16 v1.4 Providing info/warning/error messages (HO)
Package: ltxcmds 2016/05/16 v1.23 LaTeX kernel commands for general use (HO)
Package: ifluatex 2016/05/16 v1.4 Provides the ifluatex switch (HO)
Package ifluatex Info: LuaTeX not detected.
Package hobsub Info: Skipping package `ifvtex' (already loaded).
Package: intcalc 2016/05/16 v1.2 Expandable calculations with integers (HO)
Package hobsub Info: Skipping package `ifpdf' (already loaded).
Package: etexcmds 2016/05/16 v1.6 Avoid name clashes with e-TeX commands (HO)
Package etexcmds Info: Could not find \expanded.
(etexcmds)             That can mean that you are not using pdfTeX 1.50 or
(etexcmds)             that some package has redefined \expanded.
(etexcmds)             In the latter case, load this package earlier.
Package: kvsetkeys 2016/05/16 v1.17 Key value parser (HO)
Package: kvdefinekeys 2016/05/16 v1.4 Define keys (HO)
Package: pdftexcmds 2018/01/30 v0.27 Utility functions of pdfTeX for LuaTeX (HO
)
Package pdftexcmds Info: LuaTeX not detected.
Package pdftexcmds Info: \pdf@primitive is available.
Package pdftexcmds Info: \pdf@ifprimitive is available.
Package pdftexcmds Info: \pdfdraftmode found.
Package: pdfescape 2016/05/16 v1.14 Implements pdfTeX's escape features (HO)
Package: bigintcalc 2016/05/16 v1.4 Expandable calculations on big integers (HO
)
Package: bitset 2016/05/16 v1.2 Handle bit-vector datatype (HO)
Package: uniquecounter 2016/05/16 v1.3 Provide unlimited unique counter (HO)
)
Package hobsub Info: Skipping package `hobsub' (already loaded).
Package: letltxmacro 2016/05/16 v1.5 Let assignment for LaTeX macros (HO)
Package: hopatch 2016/05/16 v1.3 Wrapper for package hooks (HO)
Package: xcolor-patch 2016/05/16 xcolor patch
Package: atveryend 2016/05/16 v1.9 Hooks at the very end of document (HO)
Package atveryend Info: \enddocument detected (standard20110627).
Package: atbegshi 2016/06/09 v1.18 At begin shipout hook (HO)
Package: refcount 2016/05/16 v3.5 Data extraction from label references (HO)
Package: hycolor 2016/05/16 v1.8 Color options for hyperref/bookmark (HO)
)
(/usr/local/texlive/2018/texmf-dist/tex/latex/oberdiek/auxhook.sty
Package: auxhook 2016/05/16 v1.4 Hooks for auxiliary files (HO)
)
(/usr/local/texlive/2018/texmf-dist/tex/latex/oberdiek/kvoptions.sty
Package: kvoptions 2016/05/16 v3.12 Key value format for package options (HO)
)
\@linkdim=\dimen161
\Hy@linkcounter=\count136
\Hy@pagecounter=\count137

(/usr/local/texlive/2018/texmf-dist/tex/latex/hyperref/pd1enc.def
File: pd1enc.def 2018/02/06 v6.86b Hyperref: PDFDocEncoding definition (HO)
Now handling font encoding PD1 ...
... no UTF-8 mapping file for font encoding PD1
)
\Hy@SavedSpaceFactor=\count138

(/usr/local/texlive/2018/texmf-dist/tex/latex/latexconfig/hyperref.cfg
File: hyperref.cfg 2002/06/06 v1.2 hyperref configuration of TeXLive
)
Package hyperref Info: Hyper figures OFF on input line 4509.
Package hyperref Info: Link nesting OFF on input line 4514.
Package hyperref Info: Hyper index ON on input line 4517.
Package hyperref Info: Plain pages OFF on input line 4524.
Package hyperref Info: Backreferencing OFF on input line 4529.
Package hyperref Info: Implicit mode ON; LaTeX internals redefined.
Package hyperref Info: Bookmarks ON on input line 4762.
\c@Hy@tempcnt=\count139

(/usr/local/texlive/2018/texmf-dist/tex/latex/url/url.sty
\Urlmuskip=\muskip11
Package: url 2013/09/16  ver 3.4  Verb mode for urls, etc.
)
LaTeX Info: Redefining \url on input line 5115.
\XeTeXLinkMargin=\dimen162
\Fld@menulength=\count140
\Field@Width=\dimen163
\Fld@charsize=\dimen164
Package hyperref Info: Hyper figures OFF on input line 6369.
Package hyperref Info: Link nesting OFF on input line 6374.
Package hyperref Info: Hyper index ON on input line 6377.
Package hyperref Info: backreferencing OFF on input line 6384.
Package hyperref Info: Link coloring OFF on input line 6389.
Package hyperref Info: Link coloring with OCG OFF on input line 6394.
Package hyperref Info: PDF/A mode OFF on input line 6399.
LaTeX Info: Redefining \ref on input line 6439.
LaTeX Info: Redefining \pageref on input line 6443.
\Hy@abspage=\count141
\c@Item=\count142
\c@Hfootnote=\count143
)
Package hyperref Info: Driver (autodetected): hpdftex.

(/usr/local/texlive/2018/texmf-dist/tex/latex/hyperref/hpdftex.def
File: hpdftex.def 2018/02/06 v6.86b Hyperref driver for pdfTeX
\Fld@listcount=\count144
\c@bookmark@seq@number=\count145

(/usr/local/texlive/2018/texmf-dist/tex/latex/oberdiek/rerunfilecheck.sty
Package: rerunfilecheck 2016/05/16 v1.8 Rerun checks for auxiliary files (HO)
Package uniquecounter Info: New unique counter `rerunfilecheck' on input line 2
82.
)
\Hy@SectionHShift=\skip74
)
(/usr/local/texlive/2018/texmf-dist/tex/generic/ulem/ulem.sty
\UL@box=\box31
\UL@hyphenbox=\box32
\UL@skip=\skip75
\UL@hook=\toks27
\UL@height=\dimen165
\UL@pe=\count146
\UL@pixel=\dimen166
\ULC@box=\box33
Package: ulem 2012/05/18
\ULdepth=\dimen167
)
(/usr/local/texlive/2018/texmf-dist/tex/latex/psnfss/courier.sty
Package: courier 2005/04/12 PSNFSS-v9.2a (WaS) 
)
(/usr/local/texlive/2018/texmf-dist/tex/latex/graphics/epsfig.sty
Package: epsfig 2017/06/25 v1.7b (e)psfig emulation (SPQR)
\epsfxsize=\dimen168
\epsfysize=\dimen169
)
(/usr/local/texlive/2018/texmf-dist/tex/latex/tools/xr.sty
Package: xr 1994/05/28 v5.02 eXternal References (DPC)
) (./main.aux)
\openout1 = `main.aux'.

LaTeX Font Info:    Checking defaults for OML/cmm/m/it on input line 63.
LaTeX Font Info:    ... okay on input line 63.
LaTeX Font Info:    Checking defaults for T1/cmr/m/n on input line 63.
LaTeX Font Info:    ... okay on input line 63.
LaTeX Font Info:    Checking defaults for OT1/cmr/m/n on input line 63.
LaTeX Font Info:    ... okay on input line 63.
LaTeX Font Info:    Checking defaults for OMS/cmsy/m/n on input line 63.
LaTeX Font Info:    ... okay on input line 63.
LaTeX Font Info:    Checking defaults for OMX/cmex/m/n on input line 63.
LaTeX Font Info:    ... okay on input line 63.
LaTeX Font Info:    Checking defaults for U/cmr/m/n on input line 63.
LaTeX Font Info:    ... okay on input line 63.
LaTeX Font Info:    Checking defaults for PD1/pdf/m/n on input line 63.
LaTeX Font Info:    ... okay on input line 63.
LaTeX Font Info:    Try loading font information for OT1+ptm on input line 63.

(/usr/local/texlive/2018/texmf-dist/tex/latex/psnfss/ot1ptm.fd
File: ot1ptm.fd 2001/06/04 font definitions for OT1/ptm.
)
(/usr/local/texlive/2018/texmf-dist/tex/context/base/mkii/supp-pdf.mkii
[Loading MPS to PDF converter (version 2006.09.02).]
\scratchcounter=\count147
\scratchdimen=\dimen170
\scratchbox=\box34
\nofMPsegments=\count148
\nofMParguments=\count149
\everyMPshowfont=\toks28
\MPscratchCnt=\count150
\MPscratchDim=\dimen171
\MPnumerator=\count151
\makeMPintoPDFobject=\count152
\everyMPtoPDFconversion=\toks29
) (/usr/local/texlive/2018/texmf-dist/tex/latex/oberdiek/epstopdf-base.sty
Package: epstopdf-base 2016/05/15 v2.6 Base part for package epstopdf

(/usr/local/texlive/2018/texmf-dist/tex/latex/oberdiek/grfext.sty
Package: grfext 2016/05/16 v1.2 Manage graphics extensions (HO)
)
Package epstopdf-base Info: Redefining graphics rule for `.eps' on input line 4
38.
Package grfext Info: Graphics extension search list:
(grfext)             [.pdf,.png,.jpg,.mps,.jpeg,.jbig2,.jb2,.PDF,.PNG,.JPG,.JPE
G,.JBIG2,.JB2,.eps]
(grfext)             \AppendGraphicsExtensions on input line 456.

(/usr/local/texlive/2018/texmf-dist/tex/latex/latexconfig/epstopdf-sys.cfg
File: epstopdf-sys.cfg 2010/07/13 v1.3 Configuration of (r)epstopdf for TeX Liv
e
))
*geometry* driver: auto-detecting
*geometry* detected driver: pdftex
*geometry* verbose mode - [ preamble ] result:
* driver: pdftex
* paper: letterpaper
* layout: <same size as paper>
* layoutoffset:(h,v)=(0.0pt,0.0pt)
* modes: 
* h-part:(L,W,R)=(142.26378pt, 415.12572pt, 56.9055pt)
* v-part:(T,H,B)=(64.01869pt, 666.9326pt, 64.01869pt)
* \paperwidth=614.295pt
* \paperheight=794.96999pt
* \textwidth=415.12572pt
* \textheight=666.9326pt
* \oddsidemargin=69.99379pt
* \evensidemargin=69.99379pt
* \topmargin=-45.2513pt
* \headheight=12.0pt
* \headsep=25.0pt
* \topskip=10.0pt
* \footskip=30.0pt
* \marginparwidth=65.0pt
* \marginparsep=11.0pt
* \columnsep=15.6491pt
* \skip\footins=9.0pt plus 4.0pt minus 2.0pt
* \hoffset=0.0pt
* \voffset=0.0pt
* \mag=1000
* \@twocolumnfalse
* \@twosidefalse
* \@mparswitchfalse
* \@reversemarginfalse
* (1in=72.27pt=25.4mm, 1cm=28.453pt)

Package caption Info: Begin \AtBeginDocument code.
Package caption Info: subfig package v1.3 is loaded.
Package caption Info: hyperref package is loaded.
Package caption Info: End \AtBeginDocument code.
Package lastpage Info: Please have a look at the pageslts package at
(lastpage)             https://www.ctan.org/pkg/pageslts
(lastpage)             ! on input line 63.
LaTeX Info: Redefining \microtypecontext on input line 63.
Package microtype Info: Generating PDF output.
Package microtype Info: Character protrusion enabled (level 2).
Package microtype Info: Using default protrusion set `alltext'.
Package microtype Info: Automatic font expansion enabled (level 2),
(microtype)             stretch: 20, shrink: 20, step: 1, non-selected.
Package microtype Info: Using default expansion set `basictext'.
Package microtype Info: No adjustment of tracking.
Package microtype Info: No adjustment of interword spacing.
Package microtype Info: No adjustment of character kerning.
(/usr/local/texlive/2018/texmf-dist/tex/latex/microtype/mt-ptm.cfg
File: mt-ptm.cfg 2006/04/20 v1.7 microtype config. file: Times (RS)
)
\AtBeginShipoutBox=\box35
Package hyperref Info: Link coloring OFF on input line 63.

(/usr/local/texlive/2018/texmf-dist/tex/latex/hyperref/nameref.sty
Package: nameref 2016/05/21 v2.44 Cross-referencing by name of section

(/usr/local/texlive/2018/texmf-dist/tex/generic/oberdiek/gettitlestring.sty
Package: gettitlestring 2016/05/16 v1.5 Cleanup title references (HO)
)
\c@section@level=\count153
)
LaTeX Info: Redefining \ref on input line 63.
LaTeX Info: Redefining \pageref on input line 63.
LaTeX Info: Redefining \nameref on input line 63.

(./main.out) (./main.out)
\@outlinefile=\write3
\openout3 = `main.out'.

LaTeX Font Info:    Try loading font information for OT1+phv on input line 67.

(/usr/local/texlive/2018/texmf-dist/tex/latex/psnfss/ot1phv.fd
File: ot1phv.fd 2001/06/04 scalable font definitions for OT1/phv.
)
Package microtype Info: Loading generic protrusion settings for font family
(microtype)             `phv' (encoding: OT1).
(microtype)             For optimal results, create family-specific settings.
(microtype)             See the microtype manual for details.
LaTeX Font Info:    Font shape `OT1/phv/bx/n' in size <10> not available
(Font)              Font shape `OT1/phv/b/n' tried instead on input line 67.
LaTeX Font Info:    Font shape `OT1/phv/bx/n' in size <20> not available
(Font)              Font shape `OT1/phv/b/n' tried instead on input line 67.
LaTeX Font Info:    Try loading font information for OT1+ztmcm on input line 67
.

(/usr/local/texlive/2018/texmf-dist/tex/latex/psnfss/ot1ztmcm.fd
File: ot1ztmcm.fd 2000/01/03 Fontinst v1.801 font definitions for OT1/ztmcm.
)
Package microtype Info: Loading generic protrusion settings for font family
(microtype)             `ztmcm' (encoding: OT1).
(microtype)             For optimal results, create family-specific settings.
(microtype)             See the microtype manual for details.
LaTeX Font Info:    Try loading font information for OML+ztmcm on input line 67
.

(/usr/local/texlive/2018/texmf-dist/tex/latex/psnfss/omlztmcm.fd
File: omlztmcm.fd 2000/01/03 Fontinst v1.801 font definitions for OML/ztmcm.
)
LaTeX Font Info:    Try loading font information for OMS+ztmcm on input line 67
.

(/usr/local/texlive/2018/texmf-dist/tex/latex/psnfss/omsztmcm.fd
File: omsztmcm.fd 2000/01/03 Fontinst v1.801 font definitions for OMS/ztmcm.
)
LaTeX Font Info:    Try loading font information for OMX+ztmcm on input line 67
.

(/usr/local/texlive/2018/texmf-dist/tex/latex/psnfss/omxztmcm.fd
File: omxztmcm.fd 2000/01/03 Fontinst v1.801 font definitions for OMX/ztmcm.
)
LaTeX Font Info:    Font shape `OT1/ptm/bx/n' in size <12> not available
(Font)              Font shape `OT1/ptm/b/n' tried instead on input line 67.
LaTeX Font Info:    Font shape `OT1/ptm/bx/n' in size <9> not available
(Font)              Font shape `OT1/ptm/b/n' tried instead on input line 67.
LaTeX Font Info:    Font shape `OT1/ptm/bx/n' in size <7> not available
(Font)              Font shape `OT1/ptm/b/n' tried instead on input line 67.

(/usr/local/texlive/2018/texmf-dist/tex/latex/microtype/mt-msa.cfg
File: mt-msa.cfg 2006/02/04 v1.1 microtype config. file: AMS symbols (a) (RS)
)
(/usr/local/texlive/2018/texmf-dist/tex/latex/microtype/mt-msb.cfg
File: mt-msb.cfg 2005/06/01 v1.0 microtype config. file: AMS symbols (b) (RS)
)
LaTeX Font Info:    Font shape `OT1/ptm/bx/n' in size <10> not available
(Font)              Font shape `OT1/ptm/b/n' tried instead on input line 67.
LaTeX Font Info:    Font shape `OT1/ptm/bx/n' in size <7.4> not available
(Font)              Font shape `OT1/ptm/b/n' tried instead on input line 67.
LaTeX Font Info:    Font shape `OT1/ptm/bx/n' in size <6> not available
(Font)              Font shape `OT1/ptm/b/n' tried instead on input line 67.
LaTeX Font Info:    Font shape `OT1/phv/bx/n' in size <12> not available
(Font)              Font shape `OT1/phv/b/n' tried instead on input line 67.

(./abstract.tex) (./intro.tex [1

{/usr/local/texlive/2018/texmf-var/fonts/map/pdftex/updmap/pdftex.map}]
LaTeX Font Info:    Try loading font information for OMS+ptm on input line 34.

(/usr/local/texlive/2018/texmf-dist/tex/latex/psnfss/omsptm.fd
File: omsptm.fd 
)
LaTeX Font Info:    Font shape `OMS/ptm/m/n' in size <10> not available
(Font)              Font shape `OMS/cmsy/m/n' tried instead on input line 34.
LaTeX Font Info:    Font shape `OT1/ptm/bx/n' in size <8> not available
(Font)              Font shape `OT1/ptm/b/n' tried instead on input line 51.
LaTeX Font Info:    Font shape `OT1/ptm/bx/n' in size <5> not available
(Font)              Font shape `OT1/ptm/b/n' tried instead on input line 51.

(Commented text...)) (./problem.tex
LaTeX Font Info:    Font shape `OT1/phv/bx/n' in size <9> not available
(Font)              Font shape `OT1/phv/b/n' tried instead on input line 53.
 [2]) (./datasetStatistics.tex
<images/location/world/socialsensor-world-humancauseddisaster_location.pdf, id=
45, 1468.48625pt x 784.9325pt>
File: images/location/world/socialsensor-world-humancauseddisaster_location.pdf
 Graphic file (type pdf)
<use images/location/world/socialsensor-world-humancauseddisaster_location.pdf>

Package pdftex.def Info: images/location/world/socialsensor-world-humancauseddi
saster_location.pdf  used on input line 7.
(pdftex.def)             Requested size: 136.99223pt x 73.21594pt.
LaTeX Font Info:    Font shape `OT1/phv/bx/n' in size <8> not available
(Font)              Font shape `OT1/phv/b/n' tried instead on input line 7.
<images/location/world/socialsensor-world-irannucleardeal_location.pdf, id=46, 
1468.48625pt x 784.9325pt>
File: images/location/world/socialsensor-world-irannucleardeal_location.pdf Gra
phic file (type pdf)
<use images/location/world/socialsensor-world-irannucleardeal_location.pdf>
Package pdftex.def Info: images/location/world/socialsensor-world-irannuclearde
al_location.pdf  used on input line 8.
(pdftex.def)             Requested size: 136.99223pt x 73.21594pt.
<images/location/world/socialsensor-world-soccer_location.pdf, id=47, 1468.4862
5pt x 784.9325pt>
File: images/location/world/socialsensor-world-soccer_location.pdf Graphic file
 (type pdf)
<use images/location/world/socialsensor-world-soccer_location.pdf>
Package pdftex.def Info: images/location/world/socialsensor-world-soccer_locati
on.pdf  used on input line 9.
(pdftex.def)             Requested size: 136.99223pt x 73.21594pt.
<images/location/states/SocialSensor-us-states-health_epidemics_location.pdf, i
d=48, 1394.20876pt x 848.16875pt>
File: images/location/states/SocialSensor-us-states-health_epidemics_location.p
df Graphic file (type pdf)
<use images/location/states/SocialSensor-us-states-health_epidemics_location.pd
f>
Package pdftex.def Info: images/location/states/SocialSensor-us-states-health_e
pidemics_location.pdf  used on input line 11.
(pdftex.def)             Requested size: 136.99223pt x 83.33351pt.
<images/location/states/SocialSensor-us-states-socialissues_location.pdf, id=49
, 1394.20876pt x 848.16875pt>
File: images/location/states/SocialSensor-us-states-socialissues_location.pdf G
raphic file (type pdf)
<use images/location/states/SocialSensor-us-states-socialissues_location.pdf>
Package pdftex.def Info: images/location/states/SocialSensor-us-states-socialis
sues_location.pdf  used on input line 12.
(pdftex.def)             Requested size: 136.99223pt x 83.33351pt.
<images/location/states/SocialSensor-us-states-space_location.pdf, id=50, 1394.
20876pt x 848.16875pt>
File: images/location/states/SocialSensor-us-states-space_location.pdf Graphic 
file (type pdf)
<use images/location/states/SocialSensor-us-states-space_location.pdf>
Package pdftex.def Info: images/location/states/SocialSensor-us-states-space_lo
cation.pdf  used on input line 13.
(pdftex.def)             Requested size: 136.99223pt x 83.33351pt.

Overfull \hbox (7.85098pt too wide) in paragraph at lines 6--16
 [][] 
 []

[3 <./images/location/world/socialsensor-world-humancauseddisaster_location.pdf
> <./images/location/world/socialsensor-world-irannucleardeal_location.pdf> <./
images/location/world/socialsensor-world-soccer_location.pdf> <./images/locatio
n/states/SocialSensor-us-states-health_epidemics_location.pdf> <./images/locati
on/states/SocialSensor-us-states-socialissues_location.pdf> <./images/location/
states/SocialSensor-us-states-space_location.pdf>]) (./methodology.tex [4]
[5] [6]
LaTeX Font Info:    Try loading font information for OT1+pcr on input line 414.

 (/usr/local/texlive/2018/texmf-dist/tex/latex/psnfss/ot1pcr.fd
File: ot1pcr.fd 2001/06/04 font definitions for OT1/pcr.
)
Package microtype Info: Loading generic protrusion settings for font family
(microtype)             `pcr' (encoding: OT1).
(microtype)             For optimal results, create family-specific settings.
(microtype)             See the microtype manual for details.
)
(./results.tex [7]
Package epstopdf Info: Source file: <images/validation_comparaison/average_topi
cs_ap.eps>
(epstopdf)                    date: 2019-04-09 12:44:16
(epstopdf)                    size: 27382 bytes
(epstopdf)             Output file: <images/validation_comparaison/average_topi
cs_ap-eps-converted-to.pdf>
(epstopdf)                    date: 2019-04-09 12:45:52
(epstopdf)                    size: 8277 bytes
(epstopdf)             Command: <repstopdf --outfile=images/validation_comparai
son/average_topics_ap-eps-converted-to.pdf images/validation_comparaison/averag
e_topics_ap.eps>
(epstopdf)             \includegraphics on input line 211.
Package epstopdf Info: Output file is already uptodate.
<images/validation_comparaison/average_topics_ap-eps-converted-to.pdf, id=207, 
216.81pt x 151.56625pt>
File: images/validation_comparaison/average_topics_ap-eps-converted-to.pdf Grap
hic file (type pdf)
<use images/validation_comparaison/average_topics_ap-eps-converted-to.pdf>
Package pdftex.def Info: images/validation_comparaison/average_topics_ap-eps-co
nverted-to.pdf  used on input line 211.
(pdftex.def)             Requested size: 170.71652pt x 119.3498pt.
Package epstopdf Info: Source file: <images/validation_comparaison/average_topi
cs_p10.eps>
(epstopdf)                    date: 2019-04-09 12:44:16
(epstopdf)                    size: 26989 bytes
(epstopdf)             Output file: <images/validation_comparaison/average_topi
cs_p10-eps-converted-to.pdf>
(epstopdf)                    date: 2019-04-09 12:45:53
(epstopdf)                    size: 8322 bytes
(epstopdf)             Command: <repstopdf --outfile=images/validation_comparai
son/average_topics_p10-eps-converted-to.pdf images/validation_comparaison/avera
ge_topics_p10.eps>
(epstopdf)             \includegraphics on input line 211.
Package epstopdf Info: Output file is already uptodate.
<images/validation_comparaison/average_topics_p10-eps-converted-to.pdf, id=208,
 216.81pt x 151.56625pt>
File: images/validation_comparaison/average_topics_p10-eps-converted-to.pdf Gra
phic file (type pdf)
<use images/validation_comparaison/average_topics_p10-eps-converted-to.pdf>
Package pdftex.def Info: images/validation_comparaison/average_topics_p10-eps-c
onverted-to.pdf  used on input line 211.
(pdftex.def)             Requested size: 170.71652pt x 119.3498pt.
Package epstopdf Info: Source file: <images/validation_comparaison/average_topi
cs_p100.eps>
(epstopdf)                    date: 2019-04-09 12:44:16
(epstopdf)                    size: 27049 bytes
(epstopdf)             Output file: <images/validation_comparaison/average_topi
cs_p100-eps-converted-to.pdf>
(epstopdf)                    date: 2019-04-09 12:45:53
(epstopdf)                    size: 8358 bytes
(epstopdf)             Command: <repstopdf --outfile=images/validation_comparai
son/average_topics_p100-eps-converted-to.pdf images/validation_comparaison/aver
age_topics_p100.eps>
(epstopdf)             \includegraphics on input line 214.
Package epstopdf Info: Output file is already uptodate.
<images/validation_comparaison/average_topics_p100-eps-converted-to.pdf, id=209
, 216.81pt x 151.56625pt>
File: images/validation_comparaison/average_topics_p100-eps-converted-to.pdf Gr
aphic file (type pdf)
<use images/validation_comparaison/average_topics_p100-eps-converted-to.pdf>
Package pdftex.def Info: images/validation_comparaison/average_topics_p100-eps-
converted-to.pdf  used on input line 214.
(pdftex.def)             Requested size: 170.71652pt x 119.3498pt.
Package epstopdf Info: Source file: <images/validation_comparaison/average_topi
cs_p1000.eps>
(epstopdf)                    date: 2019-04-09 12:44:16
(epstopdf)                    size: 26731 bytes
(epstopdf)             Output file: <images/validation_comparaison/average_topi
cs_p1000-eps-converted-to.pdf>
(epstopdf)                    date: 2019-04-09 12:46:47
(epstopdf)                    size: 7817 bytes
(epstopdf)             Command: <repstopdf --outfile=images/validation_comparai
son/average_topics_p1000-eps-converted-to.pdf images/validation_comparaison/ave
rage_topics_p1000.eps>
(epstopdf)             \includegraphics on input line 214.
Package epstopdf Info: Output file is already uptodate.
<images/validation_comparaison/average_topics_p1000-eps-converted-to.pdf, id=21
0, 216.81pt x 151.56625pt>
File: images/validation_comparaison/average_topics_p1000-eps-converted-to.pdf G
raphic file (type pdf)
<use images/validation_comparaison/average_topics_p1000-eps-converted-to.pdf>
Package pdftex.def Info: images/validation_comparaison/average_topics_p1000-eps
-converted-to.pdf  used on input line 214.
(pdftex.def)             Requested size: 170.71652pt x 119.3498pt.
Package epstopdf Info: Source file: <images/validation_comparaison/average_topi
cs.eps>
(epstopdf)                    date: 2019-04-09 12:44:16
(epstopdf)                    size: 24817 bytes
(epstopdf)             Output file: <images/validation_comparaison/average_topi
cs-eps-converted-to.pdf>
(epstopdf)                    date: 2019-04-09 12:46:47
(epstopdf)                    size: 12697 bytes
(epstopdf)             Command: <repstopdf --outfile=images/validation_comparai
son/average_topics-eps-converted-to.pdf images/validation_comparaison/average_t
opics.eps>
(epstopdf)             \includegraphics on input line 217.
Package epstopdf Info: Output file is already uptodate.
<images/validation_comparaison/average_topics-eps-converted-to.pdf, id=211, 307
.1475pt x 126.4725pt>
File: images/validation_comparaison/average_topics-eps-converted-to.pdf Graphic
 file (type pdf)
<use images/validation_comparaison/average_topics-eps-converted-to.pdf>
Package pdftex.def Info: images/validation_comparaison/average_topics-eps-conve
rted-to.pdf  used on input line 217.
(pdftex.def)             Requested size: 284.52756pt x 117.16663pt.
) (./featureAnalysis.tex
Package epstopdf Info: Source file: <images/avgMI_gray.eps>
(epstopdf)                    date: 2019-04-09 12:44:16
(epstopdf)                    size: 36342 bytes
(epstopdf)             Output file: <images/avgMI_gray-eps-converted-to.pdf>
(epstopdf)                    date: 2019-04-09 12:46:48
(epstopdf)                    size: 14937 bytes
(epstopdf)             Command: <repstopdf --outfile=images/avgMI_gray-eps-conv
erted-to.pdf images/avgMI_gray.eps>
(epstopdf)             \includegraphics on input line 13.
Package epstopdf Info: Output file is already uptodate.
<images/avgMI_gray-eps-converted-to.pdf, id=212, 361.35pt x 201.75375pt>
File: images/avgMI_gray-eps-converted-to.pdf Graphic file (type pdf)
<use images/avgMI_gray-eps-converted-to.pdf>
Package pdftex.def Info: images/avgMI_gray-eps-converted-to.pdf  used on input 
line 13.
(pdftex.def)             Requested size: 311.34428pt x 173.83423pt.
Package epstopdf Info: Source file: <images/avgMIBoxPlots/term_features.eps>
(epstopdf)                    date: 2019-04-09 12:44:16
(epstopdf)                    size: 128677 bytes
(epstopdf)             Output file: <images/avgMIBoxPlots/term_features-eps-con
verted-to.pdf>
(epstopdf)                    date: 2019-04-09 12:46:48
(epstopdf)                    size: 89713 bytes
(epstopdf)             Command: <repstopdf --outfile=images/avgMIBoxPlots/term_
features-eps-converted-to.pdf images/avgMIBoxPlots/term_features.eps>
(epstopdf)             \includegraphics on input line 25.
Package epstopdf Info: Output file is already uptodate.
<images/avgMIBoxPlots/term_features-eps-converted-to.pdf, id=213, 289.08pt x 15
1.56625pt>
File: images/avgMIBoxPlots/term_features-eps-converted-to.pdf Graphic file (typ
e pdf)
<use images/avgMIBoxPlots/term_features-eps-converted-to.pdf>
Package pdftex.def Info: images/avgMIBoxPlots/term_features-eps-converted-to.pd
f  used on input line 25.
(pdftex.def)             Requested size: 136.99223pt x 71.82588pt.
Package epstopdf Info: Source file: <images/avgMIBoxPlots/loc_features.eps>
(epstopdf)                    date: 2019-04-09 12:44:16
(epstopdf)                    size: 57486 bytes
(epstopdf)             Output file: <images/avgMIBoxPlots/loc_features-eps-conv
erted-to.pdf>
(epstopdf)                    date: 2019-04-09 12:46:49
(epstopdf)                    size: 40130 bytes
(epstopdf)             Command: <repstopdf --outfile=images/avgMIBoxPlots/loc_f
eatures-eps-converted-to.pdf images/avgMIBoxPlots/loc_features.eps>
(epstopdf)             \includegraphics on input line 26.
Package epstopdf Info: Output file is already uptodate.
<images/avgMIBoxPlots/loc_features-eps-converted-to.pdf, id=214, 289.08pt x 151
.56625pt>
File: images/avgMIBoxPlots/loc_features-eps-converted-to.pdf Graphic file (type
 pdf)
<use images/avgMIBoxPlots/loc_features-eps-converted-to.pdf>
Package pdftex.def Info: images/avgMIBoxPlots/loc_features-eps-converted-to.pdf
  used on input line 26.
(pdftex.def)             Requested size: 136.99223pt x 71.82588pt.
Package epstopdf Info: Source file: <images/avgMIBoxPlots/hashtag_features.eps>

(epstopdf)                    date: 2019-04-09 12:44:16
(epstopdf)                    size: 88418 bytes
(epstopdf)             Output file: <images/avgMIBoxPlots/hashtag_features-eps-
converted-to.pdf>
(epstopdf)                    date: 2019-04-09 12:46:49
(epstopdf)                    size: 69782 bytes
(epstopdf)             Command: <repstopdf --outfile=images/avgMIBoxPlots/hasht
ag_features-eps-converted-to.pdf images/avgMIBoxPlots/hashtag_features.eps>
(epstopdf)             \includegraphics on input line 27.
Package epstopdf Info: Output file is already uptodate.
<images/avgMIBoxPlots/hashtag_features-eps-converted-to.pdf, id=215, 289.08pt x
 151.56625pt>
File: images/avgMIBoxPlots/hashtag_features-eps-converted-to.pdf Graphic file (
type pdf)
<use images/avgMIBoxPlots/hashtag_features-eps-converted-to.pdf>
Package pdftex.def Info: images/avgMIBoxPlots/hashtag_features-eps-converted-to
.pdf  used on input line 27.
(pdftex.def)             Requested size: 136.99223pt x 71.82588pt.
Package epstopdf Info: Source file: <images/avgMIBoxPlots/mention_features.eps>

(epstopdf)                    date: 2019-04-09 12:44:16
(epstopdf)                    size: 74881 bytes
(epstopdf)             Output file: <images/avgMIBoxPlots/mention_features-eps-
converted-to.pdf>
(epstopdf)                    date: 2019-04-09 12:46:49
(epstopdf)                    size: 58423 bytes
(epstopdf)             Command: <repstopdf --outfile=images/avgMIBoxPlots/menti
on_features-eps-converted-to.pdf images/avgMIBoxPlots/mention_features.eps>
(epstopdf)             \includegraphics on input line 28.
Package epstopdf Info: Output file is already uptodate.
<images/avgMIBoxPlots/mention_features-eps-converted-to.pdf, id=216, 289.08pt x
 151.56625pt>
File: images/avgMIBoxPlots/mention_features-eps-converted-to.pdf Graphic file (
type pdf)
<use images/avgMIBoxPlots/mention_features-eps-converted-to.pdf>
Package pdftex.def Info: images/avgMIBoxPlots/mention_features-eps-converted-to
.pdf  used on input line 28.
(pdftex.def)             Requested size: 136.99223pt x 71.82588pt.
Package epstopdf Info: Source file: <images/avgMIBoxPlots/user_features.eps>
(epstopdf)                    date: 2019-04-09 12:44:16
(epstopdf)                    size: 53293 bytes
(epstopdf)             Output file: <images/avgMIBoxPlots/user_features-eps-con
verted-to.pdf>
(epstopdf)                    date: 2019-04-09 12:46:50
(epstopdf)                    size: 40735 bytes
(epstopdf)             Command: <repstopdf --outfile=images/avgMIBoxPlots/user_
features-eps-converted-to.pdf images/avgMIBoxPlots/user_features.eps>
(epstopdf)             \includegraphics on input line 29.
Package epstopdf Info: Output file is already uptodate.
<images/avgMIBoxPlots/user_features-eps-converted-to.pdf, id=217, 289.08pt x 15
1.56625pt>
File: images/avgMIBoxPlots/user_features-eps-converted-to.pdf Graphic file (typ
e pdf)
<use images/avgMIBoxPlots/user_features-eps-converted-to.pdf>
Package pdftex.def Info: images/avgMIBoxPlots/user_features-eps-converted-to.pd
f  used on input line 29.
(pdftex.def)             Requested size: 136.99223pt x 71.82588pt.

Overfull \hbox (7.85098pt too wide) in paragraph at lines 23--32
 [][] 
 []

Package epstopdf Info: Source file: <images/BoxPlots_Cele_death/Cele_death_user
_favouritesCount_boxplots.eps>
(epstopdf)                    date: 2019-04-09 12:44:16
(epstopdf)                    size: 20430 bytes
(epstopdf)             Output file: <images/BoxPlots_Cele_death/Cele_death_user
_favouritesCount_boxplots-eps-converted-to.pdf>
(epstopdf)                    date: 2019-04-09 12:46:50
(epstopdf)                    size: 11639 bytes
(epstopdf)             Command: <repstopdf --outfile=images/BoxPlots_Cele_death
/Cele_death_user_favouritesCount_boxplots-eps-converted-to.pdf images/BoxPlots_
Cele_death/Cele_death_user_favouritesCount_boxplots.eps>
(epstopdf)             \includegraphics on input line 43.
Package epstopdf Info: Output file is already uptodate.
<images/BoxPlots_Cele_death/Cele_death_user_favouritesCount_boxplots-eps-conver
ted-to.pdf, id=218, 205.76875pt x 165.61874pt>
File: images/BoxPlots_Cele_death/Cele_death_user_favouritesCount_boxplots-eps-c
onverted-to.pdf Graphic file (type pdf)
<use images/BoxPlots_Cele_death/Cele_death_user_favouritesCount_boxplots-eps-co
nverted-to.pdf>
Package pdftex.def Info: images/BoxPlots_Cele_death/Cele_death_user_favouritesC
ount_boxplots-eps-converted-to.pdf  used on input line 43.
(pdftex.def)             Requested size: 78.8749pt x 63.48416pt.
Package epstopdf Info: Source file: <images/BoxPlots_Cele_death/Cele_death_user
_followersCount_boxplots.eps>
(epstopdf)                    date: 2019-04-09 12:44:16
(epstopdf)                    size: 19945 bytes
(epstopdf)             Output file: <images/BoxPlots_Cele_death/Cele_death_user
_followersCount_boxplots-eps-converted-to.pdf>
(epstopdf)                    date: 2019-04-09 12:46:51
(epstopdf)                    size: 11623 bytes
(epstopdf)             Command: <repstopdf --outfile=images/BoxPlots_Cele_death
/Cele_death_user_followersCount_boxplots-eps-converted-to.pdf images/BoxPlots_C
ele_death/Cele_death_user_followersCount_boxplots.eps>
(epstopdf)             \includegraphics on input line 44.
Package epstopdf Info: Output file is already uptodate.
<images/BoxPlots_Cele_death/Cele_death_user_followersCount_boxplots-eps-convert
ed-to.pdf, id=219, 205.76875pt x 165.61874pt>
File: images/BoxPlots_Cele_death/Cele_death_user_followersCount_boxplots-eps-co
nverted-to.pdf Graphic file (type pdf)
<use images/BoxPlots_Cele_death/Cele_death_user_followersCount_boxplots-eps-con
verted-to.pdf>
Package pdftex.def Info: images/BoxPlots_Cele_death/Cele_death_user_followersCo
unt_boxplots-eps-converted-to.pdf  used on input line 44.
(pdftex.def)             Requested size: 78.8749pt x 63.48416pt.
Package epstopdf Info: Source file: <images/BoxPlots_Cele_death/Cele_death_user
_friendsCount_boxplots.eps>
(epstopdf)                    date: 2019-04-09 12:44:16
(epstopdf)                    size: 20418 bytes
(epstopdf)             Output file: <images/BoxPlots_Cele_death/Cele_death_user
_friendsCount_boxplots-eps-converted-to.pdf>
(epstopdf)                    date: 2019-04-09 12:46:51
(epstopdf)                    size: 11644 bytes
(epstopdf)             Command: <repstopdf --outfile=images/BoxPlots_Cele_death
/Cele_death_user_friendsCount_boxplots-eps-converted-to.pdf images/BoxPlots_Cel
e_death/Cele_death_user_friendsCount_boxplots.eps>
(epstopdf)             \includegraphics on input line 45.
Package epstopdf Info: Output file is already uptodate.
<images/BoxPlots_Cele_death/Cele_death_user_friendsCount_boxplots-eps-converted
-to.pdf, id=220, 205.76875pt x 165.61874pt>
File: images/BoxPlots_Cele_death/Cele_death_user_friendsCount_boxplots-eps-conv
erted-to.pdf Graphic file (type pdf)
<use images/BoxPlots_Cele_death/Cele_death_user_friendsCount_boxplots-eps-conve
rted-to.pdf>
Package pdftex.def Info: images/BoxPlots_Cele_death/Cele_death_user_friendsCoun
t_boxplots-eps-converted-to.pdf  used on input line 45.
(pdftex.def)             Requested size: 78.8749pt x 63.48416pt.
Package epstopdf Info: Source file: <images/BoxPlots_Cele_death/Cele_death_user
_hashtagCount_boxplots.eps>
(epstopdf)                    date: 2019-04-09 12:44:16
(epstopdf)                    size: 16109 bytes
(epstopdf)             Output file: <images/BoxPlots_Cele_death/Cele_death_user
_hashtagCount_boxplots-eps-converted-to.pdf>
(epstopdf)                    date: 2019-04-09 12:46:52
(epstopdf)                    size: 10415 bytes
(epstopdf)             Command: <repstopdf --outfile=images/BoxPlots_Cele_death
/Cele_death_user_hashtagCount_boxplots-eps-converted-to.pdf images/BoxPlots_Cel
e_death/Cele_death_user_hashtagCount_boxplots.eps>
(epstopdf)             \includegraphics on input line 46.
Package epstopdf Info: Output file is already uptodate.
<images/BoxPlots_Cele_death/Cele_death_user_hashtagCount_boxplots-eps-converted
-to.pdf, id=221, 203.76125pt x 165.61874pt>
File: images/BoxPlots_Cele_death/Cele_death_user_hashtagCount_boxplots-eps-conv
erted-to.pdf Graphic file (type pdf)
<use images/BoxPlots_Cele_death/Cele_death_user_hashtagCount_boxplots-eps-conve
rted-to.pdf>
Package pdftex.def Info: images/BoxPlots_Cele_death/Cele_death_user_hashtagCoun
t_boxplots-eps-converted-to.pdf  used on input line 46.
(pdftex.def)             Requested size: 78.8749pt x 64.11089pt.
Package epstopdf Info: Source file: <images/BoxPlots_Cele_death/Cele_death_user
_tweetCount_boxplots.eps>
(epstopdf)                    date: 2019-04-09 12:44:16
(epstopdf)                    size: 18200 bytes
(epstopdf)             Output file: <images/BoxPlots_Cele_death/Cele_death_user
_tweetCount_boxplots-eps-converted-to.pdf>
(epstopdf)                    date: 2019-04-09 12:46:54
(epstopdf)                    size: 11677 bytes
(epstopdf)             Command: <repstopdf --outfile=images/BoxPlots_Cele_death
/Cele_death_user_tweetCount_boxplots-eps-converted-to.pdf images/BoxPlots_Cele_
death/Cele_death_user_tweetCount_boxplots.eps>
(epstopdf)             \includegraphics on input line 47.
Package epstopdf Info: Output file is already uptodate.
<images/BoxPlots_Cele_death/Cele_death_user_tweetCount_boxplots-eps-converted-t
o.pdf, id=222, 203.76125pt x 165.61874pt>
File: images/BoxPlots_Cele_death/Cele_death_user_tweetCount_boxplots-eps-conver
ted-to.pdf Graphic file (type pdf)
<use images/BoxPlots_Cele_death/Cele_death_user_tweetCount_boxplots-eps-convert
ed-to.pdf>
Package pdftex.def Info: images/BoxPlots_Cele_death/Cele_death_user_tweetCount_
boxplots-eps-converted-to.pdf  used on input line 47.
(pdftex.def)             Requested size: 78.8749pt x 64.11089pt.
Package epstopdf Info: Source file: <images/BoxPlots_Cele_death/Cele_death_hash
tag_tweetCount_boxplots.eps>
(epstopdf)                    date: 2019-04-09 12:44:16
(epstopdf)                    size: 20698 bytes
(epstopdf)             Output file: <images/BoxPlots_Cele_death/Cele_death_hash
tag_tweetCount_boxplots-eps-converted-to.pdf>
(epstopdf)                    date: 2019-04-09 12:46:55
(epstopdf)                    size: 12165 bytes
(epstopdf)             Command: <repstopdf --outfile=images/BoxPlots_Cele_death
/Cele_death_hashtag_tweetCount_boxplots-eps-converted-to.pdf images/BoxPlots_Ce
le_death/Cele_death_hashtag_tweetCount_boxplots.eps>
(epstopdf)             \includegraphics on input line 49.
Package epstopdf Info: Output file is already uptodate.
<images/BoxPlots_Cele_death/Cele_death_hashtag_tweetCount_boxplots-eps-converte
d-to.pdf, id=223, 205.76875pt x 165.61874pt>
File: images/BoxPlots_Cele_death/Cele_death_hashtag_tweetCount_boxplots-eps-con
verted-to.pdf Graphic file (type pdf)
<use images/BoxPlots_Cele_death/Cele_death_hashtag_tweetCount_boxplots-eps-conv
erted-to.pdf>
Package pdftex.def Info: images/BoxPlots_Cele_death/Cele_death_hashtag_tweetCou
nt_boxplots-eps-converted-to.pdf  used on input line 49.
(pdftex.def)             Requested size: 78.8749pt x 63.48416pt.
Package epstopdf Info: Source file: <images/BoxPlots_Cele_death/Cele_death_hash
tag_userCount_boxplots.eps>
(epstopdf)                    date: 2019-04-09 12:44:16
(epstopdf)                    size: 21045 bytes
(epstopdf)             Output file: <images/BoxPlots_Cele_death/Cele_death_hash
tag_userCount_boxplots-eps-converted-to.pdf>
(epstopdf)                    date: 2019-04-09 12:46:55
(epstopdf)                    size: 12326 bytes
(epstopdf)             Command: <repstopdf --outfile=images/BoxPlots_Cele_death
/Cele_death_hashtag_userCount_boxplots-eps-converted-to.pdf images/BoxPlots_Cel
e_death/Cele_death_hashtag_userCount_boxplots.eps>
(epstopdf)             \includegraphics on input line 50.
Package epstopdf Info: Output file is already uptodate.
<images/BoxPlots_Cele_death/Cele_death_hashtag_userCount_boxplots-eps-converted
-to.pdf, id=224, 205.76875pt x 165.61874pt>
File: images/BoxPlots_Cele_death/Cele_death_hashtag_userCount_boxplots-eps-conv
erted-to.pdf Graphic file (type pdf)
<use images/BoxPlots_Cele_death/Cele_death_hashtag_userCount_boxplots-eps-conve
rted-to.pdf>
Package pdftex.def Info: images/BoxPlots_Cele_death/Cele_death_hashtag_userCoun
t_boxplots-eps-converted-to.pdf  used on input line 50.
(pdftex.def)             Requested size: 78.8749pt x 63.48416pt.
Package epstopdf Info: Source file: <images/BoxPlots_Cele_death/Cele_death_loca
tion_userCount_boxplots.eps>
(epstopdf)                    date: 2019-04-09 12:44:16
(epstopdf)                    size: 21261 bytes
(epstopdf)             Output file: <images/BoxPlots_Cele_death/Cele_death_loca
tion_userCount_boxplots-eps-converted-to.pdf>
(epstopdf)                    date: 2019-04-09 12:46:56
(epstopdf)                    size: 12212 bytes
(epstopdf)             Command: <repstopdf --outfile=images/BoxPlots_Cele_death
/Cele_death_location_userCount_boxplots-eps-converted-to.pdf images/BoxPlots_Ce
le_death/Cele_death_location_userCount_boxplots.eps>
(epstopdf)             \includegraphics on input line 51.
Package epstopdf Info: Output file is already uptodate.
<images/BoxPlots_Cele_death/Cele_death_location_userCount_boxplots-eps-converte
d-to.pdf, id=225, 205.76875pt x 165.61874pt>
File: images/BoxPlots_Cele_death/Cele_death_location_userCount_boxplots-eps-con
verted-to.pdf Graphic file (type pdf)
<use images/BoxPlots_Cele_death/Cele_death_location_userCount_boxplots-eps-conv
erted-to.pdf>
Package pdftex.def Info: images/BoxPlots_Cele_death/Cele_death_location_userCou
nt_boxplots-eps-converted-to.pdf  used on input line 51.
(pdftex.def)             Requested size: 78.8749pt x 63.48416pt.
Package epstopdf Info: Source file: <images/BoxPlots_Cele_death/Cele_death_ment
ion_tweetCount_boxplots.eps>
(epstopdf)                    date: 2019-04-09 12:44:16
(epstopdf)                    size: 20509 bytes
(epstopdf)             Output file: <images/BoxPlots_Cele_death/Cele_death_ment
ion_tweetCount_boxplots-eps-converted-to.pdf>
(epstopdf)                    date: 2019-04-09 12:46:56
(epstopdf)                    size: 11858 bytes
(epstopdf)             Command: <repstopdf --outfile=images/BoxPlots_Cele_death
/Cele_death_mention_tweetCount_boxplots-eps-converted-to.pdf images/BoxPlots_Ce
le_death/Cele_death_mention_tweetCount_boxplots.eps>
(epstopdf)             \includegraphics on input line 52.
Package epstopdf Info: Output file is already uptodate.
<images/BoxPlots_Cele_death/Cele_death_mention_tweetCount_boxplots-eps-converte
d-to.pdf, id=226, 205.76875pt x 165.61874pt>
File: images/BoxPlots_Cele_death/Cele_death_mention_tweetCount_boxplots-eps-con
verted-to.pdf Graphic file (type pdf)
<use images/BoxPlots_Cele_death/Cele_death_mention_tweetCount_boxplots-eps-conv
erted-to.pdf>
Package pdftex.def Info: images/BoxPlots_Cele_death/Cele_death_mention_tweetCou
nt_boxplots-eps-converted-to.pdf  used on input line 52.
(pdftex.def)             Requested size: 78.8749pt x 63.48416pt.
Package epstopdf Info: Source file: <images/BoxPlots_Cele_death/Cele_death_term
_tweetCount_boxplots.eps>
(epstopdf)                    date: 2019-04-09 12:44:16
(epstopdf)                    size: 21094 bytes
(epstopdf)             Output file: <images/BoxPlots_Cele_death/Cele_death_term
_tweetCount_boxplots-eps-converted-to.pdf>
(epstopdf)                    date: 2019-04-09 12:47:01
(epstopdf)                    size: 12131 bytes
(epstopdf)             Command: <repstopdf --outfile=images/BoxPlots_Cele_death
/Cele_death_term_tweetCount_boxplots-eps-converted-to.pdf images/BoxPlots_Cele_
death/Cele_death_term_tweetCount_boxplots.eps>
(epstopdf)             \includegraphics on input line 53.
Package epstopdf Info: Output file is already uptodate.
<images/BoxPlots_Cele_death/Cele_death_term_tweetCount_boxplots-eps-converted-t
o.pdf, id=227, 205.76875pt x 165.61874pt>
File: images/BoxPlots_Cele_death/Cele_death_term_tweetCount_boxplots-eps-conver
ted-to.pdf Graphic file (type pdf)
<use images/BoxPlots_Cele_death/Cele_death_term_tweetCount_boxplots-eps-convert
ed-to.pdf>
Package pdftex.def Info: images/BoxPlots_Cele_death/Cele_death_term_tweetCount_
boxplots-eps-converted-to.pdf  used on input line 53.
(pdftex.def)             Requested size: 78.8749pt x 63.48416pt.

Overfull \hbox (3.24875pt too wide) in paragraph at lines 41--57
 [][] 
 []

Package epstopdf Info: Source file: <images/DensityPlots_Cele_death/Cele_death_
hashtag_tweetCount_scatter.eps>
(epstopdf)                    date: 2019-04-09 12:44:16
(epstopdf)                    size: 40874 bytes
(epstopdf)             Output file: <images/DensityPlots_Cele_death/Cele_death_
hashtag_tweetCount_scatter-eps-converted-to.pdf>
(epstopdf)                    date: 2019-04-09 12:47:02
(epstopdf)                    size: 14488 bytes
(epstopdf)             Command: <repstopdf --outfile=images/DensityPlots_Cele_d
eath/Cele_death_hashtag_tweetCount_scatter-eps-converted-to.pdf images/DensityP
lots_Cele_death/Cele_death_hashtag_tweetCount_scatter.eps>
(epstopdf)             \includegraphics on input line 67.
Package epstopdf Info: Output file is already uptodate.
<images/DensityPlots_Cele_death/Cele_death_hashtag_tweetCount_scatter-eps-conve
rted-to.pdf, id=228, 268.00125pt x 205.76875pt>
File: images/DensityPlots_Cele_death/Cele_death_hashtag_tweetCount_scatter-eps-
converted-to.pdf Graphic file (type pdf)
<use images/DensityPlots_Cele_death/Cele_death_hashtag_tweetCount_scatter-eps-c
onverted-to.pdf>
Package pdftex.def Info: images/DensityPlots_Cele_death/Cele_death_hashtag_twee
tCount_scatter-eps-converted-to.pdf  used on input line 67.
(pdftex.def)             Requested size: 73.97733pt x 56.79851pt.
Package epstopdf Info: Source file: <images/DensityPlots_Cele_death/Cele_death_
hashtag_userCount_scatter.eps>
(epstopdf)                    date: 2019-04-09 12:44:16
(epstopdf)                    size: 54300 bytes
(epstopdf)             Output file: <images/DensityPlots_Cele_death/Cele_death_
hashtag_userCount_scatter-eps-converted-to.pdf>
(epstopdf)                    date: 2019-04-09 12:47:02
(epstopdf)                    size: 16030 bytes
(epstopdf)             Command: <repstopdf --outfile=images/DensityPlots_Cele_d
eath/Cele_death_hashtag_userCount_scatter-eps-converted-to.pdf images/DensityPl
ots_Cele_death/Cele_death_hashtag_userCount_scatter.eps>
(epstopdf)             \includegraphics on input line 68.
Package epstopdf Info: Output file is already uptodate.
<images/DensityPlots_Cele_death/Cele_death_hashtag_userCount_scatter-eps-conver
ted-to.pdf, id=229, 268.00125pt x 205.76875pt>
File: images/DensityPlots_Cele_death/Cele_death_hashtag_userCount_scatter-eps-c
onverted-to.pdf Graphic file (type pdf)
<use images/DensityPlots_Cele_death/Cele_death_hashtag_userCount_scatter-eps-co
nverted-to.pdf>
Package pdftex.def Info: images/DensityPlots_Cele_death/Cele_death_hashtag_user
Count_scatter-eps-converted-to.pdf  used on input line 68.
(pdftex.def)             Requested size: 73.97733pt x 56.79851pt.
Package epstopdf Info: Source file: <images/DensityPlots_Cele_death/Cele_death_
mention_tweetCount_scatter.eps>
(epstopdf)                    date: 2019-04-09 12:44:16
(epstopdf)                    size: 63397 bytes
(epstopdf)             Output file: <images/DensityPlots_Cele_death/Cele_death_
mention_tweetCount_scatter-eps-converted-to.pdf>
(epstopdf)                    date: 2019-04-09 12:47:03
(epstopdf)                    size: 17064 bytes
(epstopdf)             Command: <repstopdf --outfile=images/DensityPlots_Cele_d
eath/Cele_death_mention_tweetCount_scatter-eps-converted-to.pdf images/DensityP
lots_Cele_death/Cele_death_mention_tweetCount_scatter.eps>
(epstopdf)             \includegraphics on input line 69.
Package epstopdf Info: Output file is already uptodate.
<images/DensityPlots_Cele_death/Cele_death_mention_tweetCount_scatter-eps-conve
rted-to.pdf, id=230, 251.94125pt x 205.76875pt>
File: images/DensityPlots_Cele_death/Cele_death_mention_tweetCount_scatter-eps-
converted-to.pdf Graphic file (type pdf)
<use images/DensityPlots_Cele_death/Cele_death_mention_tweetCount_scatter-eps-c
onverted-to.pdf>
Package pdftex.def Info: images/DensityPlots_Cele_death/Cele_death_mention_twee
tCount_scatter-eps-converted-to.pdf  used on input line 69.
(pdftex.def)             Requested size: 73.97733pt x 60.41867pt.
Package epstopdf Info: Source file: <images/DensityPlots_Cele_death/Cele_death_
term_tweetCount_scatter.eps>
(epstopdf)                    date: 2019-04-09 12:44:16
(epstopdf)                    size: 56623 bytes
(epstopdf)             Output file: <images/DensityPlots_Cele_death/Cele_death_
term_tweetCount_scatter-eps-converted-to.pdf>
(epstopdf)                    date: 2019-04-09 12:47:03
(epstopdf)                    size: 16977 bytes
(epstopdf)             Command: <repstopdf --outfile=images/DensityPlots_Cele_d
eath/Cele_death_term_tweetCount_scatter-eps-converted-to.pdf images/DensityPlot
s_Cele_death/Cele_death_term_tweetCount_scatter.eps>
(epstopdf)             \includegraphics on input line 70.
Package epstopdf Info: Output file is already uptodate.
<images/DensityPlots_Cele_death/Cele_death_term_tweetCount_scatter-eps-converte
d-to.pdf, id=231, 257.96375pt x 205.76875pt>
File: images/DensityPlots_Cele_death/Cele_death_term_tweetCount_scatter-eps-con
verted-to.pdf Graphic file (type pdf)
<use images/DensityPlots_Cele_death/Cele_death_term_tweetCount_scatter-eps-conv
erted-to.pdf>
Package pdftex.def Info: images/DensityPlots_Cele_death/Cele_death_term_tweetCo
unt_scatter-eps-converted-to.pdf  used on input line 70.
(pdftex.def)             Requested size: 73.97733pt x 59.00891pt.
Package epstopdf Info: Source file: <images/DensityPlots_Cele_death/Cele_death_
user_tweetCount_scatter.eps>
(epstopdf)                    date: 2019-04-09 12:44:16
(epstopdf)                    size: 36817 bytes
(epstopdf)             Output file: <images/DensityPlots_Cele_death/Cele_death_
user_tweetCount_scatter-eps-converted-to.pdf>
(epstopdf)                    date: 2019-04-09 12:47:03
(epstopdf)                    size: 13658 bytes
(epstopdf)             Command: <repstopdf --outfile=images/DensityPlots_Cele_d
eath/Cele_death_user_tweetCount_scatter-eps-converted-to.pdf images/DensityPlot
s_Cele_death/Cele_death_user_tweetCount_scatter.eps>
(epstopdf)             \includegraphics on input line 71.
Package epstopdf Info: Output file is already uptodate.
<images/DensityPlots_Cele_death/Cele_death_user_tweetCount_scatter-eps-converte
d-to.pdf, id=232, 261.97874pt x 205.76875pt>
File: images/DensityPlots_Cele_death/Cele_death_user_tweetCount_scatter-eps-con
verted-to.pdf Graphic file (type pdf)
<use images/DensityPlots_Cele_death/Cele_death_user_tweetCount_scatter-eps-conv
erted-to.pdf>
Package pdftex.def Info: images/DensityPlots_Cele_death/Cele_death_user_tweetCo
unt_scatter-eps-converted-to.pdf  used on input line 71.
(pdftex.def)             Requested size: 73.97733pt x 58.10464pt.

Overfull \hbox (6.76091pt too wide) in paragraph at lines 66--74
 [][] 
 []

[8]

LaTeX Warning: Text page 9 contains only floats.

[9 <./images/validation_comparaison/average_topics_ap-eps-converted-to.pdf> <./
images/validation_comparaison/average_topics_p10-eps-converted-to.pdf> <./image
s/validation_comparaison/average_topics_p100-eps-converted-to.pdf> <./images/va
lidation_comparaison/average_topics_p1000-eps-converted-to.pdf> <./images/valid
ation_comparaison/average_topics-eps-converted-to.pdf>] [10 <./images/avgMI_gra
y-eps-converted-to.pdf> <./images/avgMIBoxPlots/term_features-eps-converted-to.
pdf> <./images/avgMIBoxPlots/loc_features-eps-converted-to.pdf> <./images/avgMI
BoxPlots/hashtag_features-eps-converted-to.pdf> <./images/avgMIBoxPlots/mention
_features-eps-converted-to.pdf> <./images/avgMIBoxPlots/user_features-eps-conve
rted-to.pdf>] [11 <./images/BoxPlots_Cele_death/Cele_death_user_favouritesCount
_boxplots-eps-converted-to.pdf> <./images/BoxPlots_Cele_death/Cele_death_user_f
ollowersCount_boxplots-eps-converted-to.pdf> <./images/BoxPlots_Cele_death/Cele
_death_user_friendsCount_boxplots-eps-converted-to.pdf> <./images/BoxPlots_Cele
_death/Cele_death_user_hashtagCount_boxplots-eps-converted-to.pdf> <./images/Bo
xPlots_Cele_death/Cele_death_user_tweetCount_boxplots-eps-converted-to.pdf> <./
images/BoxPlots_Cele_death/Cele_death_hashtag_tweetCount_boxplots-eps-converted
-to.pdf> <./images/BoxPlots_Cele_death/Cele_death_hashtag_userCount_boxplots-ep
s-converted-to.pdf> <./images/BoxPlots_Cele_death/Cele_death_location_userCount
_boxplots-eps-converted-to.pdf> <./images/BoxPlots_Cele_death/Cele_death_mentio
n_tweetCount_boxplots-eps-converted-to.pdf> <./images/BoxPlots_Cele_death/Cele_
death_term_tweetCount_boxplots-eps-converted-to.pdf> <./images/DensityPlots_Cel
e_death/Cele_death_hashtag_tweetCount_scatter-eps-converted-to.pdf> <./images/D
ensityPlots_Cele_death/Cele_death_hashtag_userCount_scatter-eps-converted-to.pd
f> <./images/DensityPlots_Cele_death/Cele_death_mention_tweetCount_scatter-eps-
converted-to.pdf> <./images/DensityPlots_Cele_death/Cele_death_term_tweetCount_
scatter-eps-converted-to.pdf> <./images/DensityPlots_Cele_death/Cele_death_user
_tweetCount_scatter-eps-converted-to.pdf>]) (./relatedWork.tex [12])
(./conclusion.tex [13]) (./main.bbl [14]) 
AED: lastpage setting LastPage
[15]
Package atveryend Info: Empty hook `BeforeClearDocument' on input line 106.
Package atveryend Info: Empty hook `AfterLastShipout' on input line 106.
 (./main.aux)
Package atveryend Info: Executing hook `AtVeryEndDocument' on input line 106.
Package atveryend Info: Executing hook `AtEndAfterFileList' on input line 106.
Package rerunfilecheck Info: File `main.out' has not changed.
(rerunfilecheck)             Checksum: 45A7931E0F58474731EA3E95ADB51FB1;52.
Package atveryend Info: Empty hook `AtVeryVeryEnd' on input line 106.
 ) 
Here is how much of TeX's memory you used:
 12973 strings out of 492649
 202372 string characters out of 6129622
 492743 words of memory out of 5000000
 16152 multiletter control sequences out of 15000+600000
 71366 words of font info for 302 fonts, out of 8000000 for 9000
 1141 hyphenation exceptions out of 8191
 43i,22n,49p,2275b,579s stack positions out of 5000i,500n,10000p,200000b,80000s
{/usr/local/texlive/2018/texmf-dist/fonts/enc/dvips/base/8r.enc}</usr/local/t
exlive/2018/texmf-dist/fonts/type1/public/amsfonts/cm/cmex10.pfb></usr/local/te
xlive/2018/texmf-dist/fonts/type1/public/amsfonts/cm/cmmi10.pfb></usr/local/tex
live/2018/texmf-dist/fonts/type1/public/amsfonts/cm/cmr10.pfb></usr/local/texli
ve/2018/texmf-dist/fonts/type1/public/amsfonts/cm/cmsy10.pfb></usr/local/texliv
e/2018/texmf-dist/fonts/type1/public/amsfonts/symbols/msam10.pfb></usr/local/te
xlive/2018/texmf-dist/fonts/type1/public/amsfonts/symbols/msbm10.pfb></usr/loca
l/texlive/2018/texmf-dist/fonts/type1/urw/courier/ucrr8a.pfb></usr/local/texliv
e/2018/texmf-dist/fonts/type1/urw/helvetic/uhvb8a.pfb></usr/local/texlive/2018/
texmf-dist/fonts/type1/urw/helvetic/uhvr8a.pfb></usr/local/texlive/2018/texmf-d
ist/fonts/type1/urw/symbol/usyr.pfb></usr/local/texlive/2018/texmf-dist/fonts/t
ype1/urw/symbol/usyr.pfb></usr/local/texlive/2018/texmf-dist/fonts/type1/urw/ti
mes/utmb8a.pfb></usr/local/texlive/2018/texmf-dist/fonts/type1/urw/times/utmr8a
.pfb></usr/local/texlive/2018/texmf-dist/fonts/type1/urw/times/utmri8a.pfb></us
r/local/texlive/2018/texmf-dist/fonts/type1/urw/zapfding/uzdr.pfb>
Output written on main.pdf (15 pages, 1375910 bytes).
PDF statistics:
 1016 PDF objects out of 1200 (max. 8388607)
 500 compressed objects within 5 object streams
 101 named destinations out of 1000 (max. 500000)
 49321 words of extra memory for PDF output out of 51595 (max. 10000000)

