This is pdfTeX, Version 3.14159265-2.6-1.40.17 (TeX Live 2016) (preloaded format=pdflatex 2016.5.22)  23 MAY 2017 13:31
entering extended mode
 restricted \write18 enabled.
 %&-line parsing enabled.
**main.tex
(./main.tex
LaTeX2e <2016/03/31>
Babel <3.9r> and hyphenation patterns for 83 language(s) loaded.
(./wlpeerj.cls
Document Class: wlpeerj 24/11/2015, v1.1
(/usr/local/texlive/2016/texmf-dist/tex/latex/base/inputenc.sty
Package: inputenc 2015/03/17 v1.2c Input encoding file
\inpenc@prehook=\toks14
\inpenc@posthook=\toks15

(/usr/local/texlive/2016/texmf-dist/tex/latex/base/utf8.def
File: utf8.def 2016/02/28 v1.1s UTF-8 support for inputenc
Now handling font encoding OML ...
... no UTF-8 mapping file for font encoding OML
Now handling font encoding T1 ...
... processing UTF-8 mapping file for font encoding T1

(/usr/local/texlive/2016/texmf-dist/tex/latex/base/t1enc.dfu
File: t1enc.dfu 2016/02/28 v1.1s UTF-8 support for inputenc
   defining Unicode char U+00A0 (decimal 160)
   defining Unicode char U+00A1 (decimal 161)
   defining Unicode char U+00A3 (decimal 163)
   defining Unicode char U+00AB (decimal 171)
   defining Unicode char U+00AD (decimal 173)
   defining Unicode char U+00BB (decimal 187)
   defining Unicode char U+00BF (decimal 191)
   defining Unicode char U+00C0 (decimal 192)
   defining Unicode char U+00C1 (decimal 193)
   defining Unicode char U+00C2 (decimal 194)
   defining Unicode char U+00C3 (decimal 195)
   defining Unicode char U+00C4 (decimal 196)
   defining Unicode char U+00C5 (decimal 197)
   defining Unicode char U+00C6 (decimal 198)
   defining Unicode char U+00C7 (decimal 199)
   defining Unicode char U+00C8 (decimal 200)
   defining Unicode char U+00C9 (decimal 201)
   defining Unicode char U+00CA (decimal 202)
   defining Unicode char U+00CB (decimal 203)
   defining Unicode char U+00CC (decimal 204)
   defining Unicode char U+00CD (decimal 205)
   defining Unicode char U+00CE (decimal 206)
   defining Unicode char U+00CF (decimal 207)
   defining Unicode char U+00D0 (decimal 208)
   defining Unicode char U+00D1 (decimal 209)
   defining Unicode char U+00D2 (decimal 210)
   defining Unicode char U+00D3 (decimal 211)
   defining Unicode char U+00D4 (decimal 212)
   defining Unicode char U+00D5 (decimal 213)
   defining Unicode char U+00D6 (decimal 214)
   defining Unicode char U+00D8 (decimal 216)
   defining Unicode char U+00D9 (decimal 217)
   defining Unicode char U+00DA (decimal 218)
   defining Unicode char U+00DB (decimal 219)
   defining Unicode char U+00DC (decimal 220)
   defining Unicode char U+00DD (decimal 221)
   defining Unicode char U+00DE (decimal 222)
   defining Unicode char U+00DF (decimal 223)
   defining Unicode char U+00E0 (decimal 224)
   defining Unicode char U+00E1 (decimal 225)
   defining Unicode char U+00E2 (decimal 226)
   defining Unicode char U+00E3 (decimal 227)
   defining Unicode char U+00E4 (decimal 228)
   defining Unicode char U+00E5 (decimal 229)
   defining Unicode char U+00E6 (decimal 230)
   defining Unicode char U+00E7 (decimal 231)
   defining Unicode char U+00E8 (decimal 232)
   defining Unicode char U+00E9 (decimal 233)
   defining Unicode char U+00EA (decimal 234)
   defining Unicode char U+00EB (decimal 235)
   defining Unicode char U+00EC (decimal 236)
   defining Unicode char U+00ED (decimal 237)
   defining Unicode char U+00EE (decimal 238)
   defining Unicode char U+00EF (decimal 239)
   defining Unicode char U+00F0 (decimal 240)
   defining Unicode char U+00F1 (decimal 241)
   defining Unicode char U+00F2 (decimal 242)
   defining Unicode char U+00F3 (decimal 243)
   defining Unicode char U+00F4 (decimal 244)
   defining Unicode char U+00F5 (decimal 245)
   defining Unicode char U+00F6 (decimal 246)
   defining Unicode char U+00F8 (decimal 248)
   defining Unicode char U+00F9 (decimal 249)
   defining Unicode char U+00FA (decimal 250)
   defining Unicode char U+00FB (decimal 251)
   defining Unicode char U+00FC (decimal 252)
   defining Unicode char U+00FD (decimal 253)
   defining Unicode char U+00FE (decimal 254)
   defining Unicode char U+00FF (decimal 255)
   defining Unicode char U+0100 (decimal 256)
   defining Unicode char U+0101 (decimal 257)
   defining Unicode char U+0102 (decimal 258)
   defining Unicode char U+0103 (decimal 259)
   defining Unicode char U+0104 (decimal 260)
   defining Unicode char U+0105 (decimal 261)
   defining Unicode char U+0106 (decimal 262)
   defining Unicode char U+0107 (decimal 263)
   defining Unicode char U+0108 (decimal 264)
   defining Unicode char U+0109 (decimal 265)
   defining Unicode char U+010A (decimal 266)
   defining Unicode char U+010B (decimal 267)
   defining Unicode char U+010C (decimal 268)
   defining Unicode char U+010D (decimal 269)
   defining Unicode char U+010E (decimal 270)
   defining Unicode char U+010F (decimal 271)
   defining Unicode char U+0110 (decimal 272)
   defining Unicode char U+0111 (decimal 273)
   defining Unicode char U+0112 (decimal 274)
   defining Unicode char U+0113 (decimal 275)
   defining Unicode char U+0114 (decimal 276)
   defining Unicode char U+0115 (decimal 277)
   defining Unicode char U+0116 (decimal 278)
   defining Unicode char U+0117 (decimal 279)
   defining Unicode char U+0118 (decimal 280)
   defining Unicode char U+0119 (decimal 281)
   defining Unicode char U+011A (decimal 282)
   defining Unicode char U+011B (decimal 283)
   defining Unicode char U+011C (decimal 284)
   defining Unicode char U+011D (decimal 285)
   defining Unicode char U+011E (decimal 286)
   defining Unicode char U+011F (decimal 287)
   defining Unicode char U+0120 (decimal 288)
   defining Unicode char U+0121 (decimal 289)
   defining Unicode char U+0122 (decimal 290)
   defining Unicode char U+0123 (decimal 291)
   defining Unicode char U+0124 (decimal 292)
   defining Unicode char U+0125 (decimal 293)
   defining Unicode char U+0128 (decimal 296)
   defining Unicode char U+0129 (decimal 297)
   defining Unicode char U+012A (decimal 298)
   defining Unicode char U+012B (decimal 299)
   defining Unicode char U+012C (decimal 300)
   defining Unicode char U+012D (decimal 301)
   defining Unicode char U+012E (decimal 302)
   defining Unicode char U+012F (decimal 303)
   defining Unicode char U+0130 (decimal 304)
   defining Unicode char U+0131 (decimal 305)
   defining Unicode char U+0132 (decimal 306)
   defining Unicode char U+0133 (decimal 307)
   defining Unicode char U+0134 (decimal 308)
   defining Unicode char U+0135 (decimal 309)
   defining Unicode char U+0136 (decimal 310)
   defining Unicode char U+0137 (decimal 311)
   defining Unicode char U+0139 (decimal 313)
   defining Unicode char U+013A (decimal 314)
   defining Unicode char U+013B (decimal 315)
   defining Unicode char U+013C (decimal 316)
   defining Unicode char U+013D (decimal 317)
   defining Unicode char U+013E (decimal 318)
   defining Unicode char U+0141 (decimal 321)
   defining Unicode char U+0142 (decimal 322)
   defining Unicode char U+0143 (decimal 323)
   defining Unicode char U+0144 (decimal 324)
   defining Unicode char U+0145 (decimal 325)
   defining Unicode char U+0146 (decimal 326)
   defining Unicode char U+0147 (decimal 327)
   defining Unicode char U+0148 (decimal 328)
   defining Unicode char U+014A (decimal 330)
   defining Unicode char U+014B (decimal 331)
   defining Unicode char U+014C (decimal 332)
   defining Unicode char U+014D (decimal 333)
   defining Unicode char U+014E (decimal 334)
   defining Unicode char U+014F (decimal 335)
   defining Unicode char U+0150 (decimal 336)
   defining Unicode char U+0151 (decimal 337)
   defining Unicode char U+0152 (decimal 338)
   defining Unicode char U+0153 (decimal 339)
   defining Unicode char U+0154 (decimal 340)
   defining Unicode char U+0155 (decimal 341)
   defining Unicode char U+0156 (decimal 342)
   defining Unicode char U+0157 (decimal 343)
   defining Unicode char U+0158 (decimal 344)
   defining Unicode char U+0159 (decimal 345)
   defining Unicode char U+015A (decimal 346)
   defining Unicode char U+015B (decimal 347)
   defining Unicode char U+015C (decimal 348)
   defining Unicode char U+015D (decimal 349)
   defining Unicode char U+015E (decimal 350)
   defining Unicode char U+015F (decimal 351)
   defining Unicode char U+0160 (decimal 352)
   defining Unicode char U+0161 (decimal 353)
   defining Unicode char U+0162 (decimal 354)
   defining Unicode char U+0163 (decimal 355)
   defining Unicode char U+0164 (decimal 356)
   defining Unicode char U+0165 (decimal 357)
   defining Unicode char U+0168 (decimal 360)
   defining Unicode char U+0169 (decimal 361)
   defining Unicode char U+016A (decimal 362)
   defining Unicode char U+016B (decimal 363)
   defining Unicode char U+016C (decimal 364)
   defining Unicode char U+016D (decimal 365)
   defining Unicode char U+016E (decimal 366)
   defining Unicode char U+016F (decimal 367)
   defining Unicode char U+0170 (decimal 368)
   defining Unicode char U+0171 (decimal 369)
   defining Unicode char U+0172 (decimal 370)
   defining Unicode char U+0173 (decimal 371)
   defining Unicode char U+0174 (decimal 372)
   defining Unicode char U+0175 (decimal 373)
   defining Unicode char U+0176 (decimal 374)
   defining Unicode char U+0177 (decimal 375)
   defining Unicode char U+0178 (decimal 376)
   defining Unicode char U+0179 (decimal 377)
   defining Unicode char U+017A (decimal 378)
   defining Unicode char U+017B (decimal 379)
   defining Unicode char U+017C (decimal 380)
   defining Unicode char U+017D (decimal 381)
   defining Unicode char U+017E (decimal 382)
   defining Unicode char U+01CD (decimal 461)
   defining Unicode char U+01CE (decimal 462)
   defining Unicode char U+01CF (decimal 463)
   defining Unicode char U+01D0 (decimal 464)
   defining Unicode char U+01D1 (decimal 465)
   defining Unicode char U+01D2 (decimal 466)
   defining Unicode char U+01D3 (decimal 467)
   defining Unicode char U+01D4 (decimal 468)
   defining Unicode char U+01E2 (decimal 482)
   defining Unicode char U+01E3 (decimal 483)
   defining Unicode char U+01E6 (decimal 486)
   defining Unicode char U+01E7 (decimal 487)
   defining Unicode char U+01E8 (decimal 488)
   defining Unicode char U+01E9 (decimal 489)
   defining Unicode char U+01EA (decimal 490)
   defining Unicode char U+01EB (decimal 491)
   defining Unicode char U+01F0 (decimal 496)
   defining Unicode char U+01F4 (decimal 500)
   defining Unicode char U+01F5 (decimal 501)
   defining Unicode char U+0218 (decimal 536)
   defining Unicode char U+0219 (decimal 537)
   defining Unicode char U+021A (decimal 538)
   defining Unicode char U+021B (decimal 539)
   defining Unicode char U+1E02 (decimal 7682)
   defining Unicode char U+1E03 (decimal 7683)
   defining Unicode char U+200C (decimal 8204)
   defining Unicode char U+2010 (decimal 8208)
   defining Unicode char U+2011 (decimal 8209)
   defining Unicode char U+2012 (decimal 8210)
   defining Unicode char U+2013 (decimal 8211)
   defining Unicode char U+2014 (decimal 8212)
   defining Unicode char U+2015 (decimal 8213)
   defining Unicode char U+2018 (decimal 8216)
   defining Unicode char U+2019 (decimal 8217)
   defining Unicode char U+201A (decimal 8218)
   defining Unicode char U+201C (decimal 8220)
   defining Unicode char U+201D (decimal 8221)
   defining Unicode char U+201E (decimal 8222)
   defining Unicode char U+2030 (decimal 8240)
   defining Unicode char U+2031 (decimal 8241)
   defining Unicode char U+2039 (decimal 8249)
   defining Unicode char U+203A (decimal 8250)
   defining Unicode char U+2423 (decimal 9251)
)
Now handling font encoding OT1 ...
... processing UTF-8 mapping file for font encoding OT1

(/usr/local/texlive/2016/texmf-dist/tex/latex/base/ot1enc.dfu
File: ot1enc.dfu 2016/02/28 v1.1s UTF-8 support for inputenc
   defining Unicode char U+00A0 (decimal 160)
   defining Unicode char U+00A1 (decimal 161)
   defining Unicode char U+00A3 (decimal 163)
   defining Unicode char U+00AD (decimal 173)
   defining Unicode char U+00B8 (decimal 184)
   defining Unicode char U+00BF (decimal 191)
   defining Unicode char U+00C5 (decimal 197)
   defining Unicode char U+00C6 (decimal 198)
   defining Unicode char U+00D8 (decimal 216)
   defining Unicode char U+00DF (decimal 223)
   defining Unicode char U+00E6 (decimal 230)
   defining Unicode char U+00EC (decimal 236)
   defining Unicode char U+00ED (decimal 237)
   defining Unicode char U+00EE (decimal 238)
   defining Unicode char U+00EF (decimal 239)
   defining Unicode char U+00F8 (decimal 248)
   defining Unicode char U+0131 (decimal 305)
   defining Unicode char U+0141 (decimal 321)
   defining Unicode char U+0142 (decimal 322)
   defining Unicode char U+0152 (decimal 338)
   defining Unicode char U+0153 (decimal 339)
   defining Unicode char U+0174 (decimal 372)
   defining Unicode char U+0175 (decimal 373)
   defining Unicode char U+0176 (decimal 374)
   defining Unicode char U+0177 (decimal 375)
   defining Unicode char U+0218 (decimal 536)
   defining Unicode char U+0219 (decimal 537)
   defining Unicode char U+021A (decimal 538)
   defining Unicode char U+021B (decimal 539)
   defining Unicode char U+2013 (decimal 8211)
   defining Unicode char U+2014 (decimal 8212)
   defining Unicode char U+2018 (decimal 8216)
   defining Unicode char U+2019 (decimal 8217)
   defining Unicode char U+201C (decimal 8220)
   defining Unicode char U+201D (decimal 8221)
)
Now handling font encoding OMS ...
... processing UTF-8 mapping file for font encoding OMS

(/usr/local/texlive/2016/texmf-dist/tex/latex/base/omsenc.dfu
File: omsenc.dfu 2016/02/28 v1.1s UTF-8 support for inputenc
   defining Unicode char U+00A7 (decimal 167)
   defining Unicode char U+00B6 (decimal 182)
   defining Unicode char U+00B7 (decimal 183)
   defining Unicode char U+2020 (decimal 8224)
   defining Unicode char U+2021 (decimal 8225)
   defining Unicode char U+2022 (decimal 8226)
)
Now handling font encoding OMX ...
... no UTF-8 mapping file for font encoding OMX
Now handling font encoding U ...
... no UTF-8 mapping file for font encoding U
   defining Unicode char U+00A9 (decimal 169)
   defining Unicode char U+00AA (decimal 170)
   defining Unicode char U+00AE (decimal 174)
   defining Unicode char U+00BA (decimal 186)
   defining Unicode char U+02C6 (decimal 710)
   defining Unicode char U+02DC (decimal 732)
   defining Unicode char U+200C (decimal 8204)
   defining Unicode char U+2026 (decimal 8230)
   defining Unicode char U+2122 (decimal 8482)
   defining Unicode char U+2423 (decimal 9251)
))
(/usr/local/texlive/2016/texmf-dist/tex/generic/babel/babel.sty
Package: babel 2016/04/23 3.9r The Babel package

(/usr/local/texlive/2016/texmf-dist/tex/generic/babel-english/english.ldf
Language: english 2012/08/20 v3.3p English support from the babel system

(/usr/local/texlive/2016/texmf-dist/tex/generic/babel/babel.def
File: babel.def 2016/04/23 3.9r Babel common definitions
\babel@savecnt=\count79
\U@D=\dimen102
)
\l@canadian = a dialect from \language\l@american 
\l@australian = a dialect from \language\l@british 
\l@newzealand = a dialect from \language\l@british 
))
(/usr/local/texlive/2016/texmf-dist/tex/latex/base/ifthen.sty
Package: ifthen 2014/09/29 v1.1c Standard LaTeX ifthen package (DPC)
)
(/usr/local/texlive/2016/texmf-dist/tex/latex/tools/calc.sty
Package: calc 2014/10/28 v4.3 Infix arithmetic (KKT,FJ)
\calc@Acount=\count80
\calc@Bcount=\count81
\calc@Adimen=\dimen103
\calc@Bdimen=\dimen104
\calc@Askip=\skip41
\calc@Bskip=\skip42
LaTeX Info: Redefining \setlength on input line 80.
LaTeX Info: Redefining \addtolength on input line 81.
\calc@Ccount=\count82
\calc@Cskip=\skip43
)
(/usr/local/texlive/2016/texmf-dist/tex/latex/base/article.cls
Document Class: article 2014/09/29 v1.4h Standard LaTeX document class
(/usr/local/texlive/2016/texmf-dist/tex/latex/base/fleqn.clo
File: fleqn.clo 2015/03/31 v1.1i Standard LaTeX option (flush left equations)
\mathindent=\dimen105
Applying: [2015/01/01] Make \[ robust on input line 50.
LaTeX Info: Redefining \[ on input line 51.
Already applied: [0000/00/00] Make \[ robust on input line 62.
Applying: [2015/01/01] Make \] robust on input line 74.
LaTeX Info: Redefining \] on input line 75.
Already applied: [0000/00/00] Make \] robust on input line 83.
)
(/usr/local/texlive/2016/texmf-dist/tex/latex/base/size10.clo
File: size10.clo 2014/09/29 v1.4h Standard LaTeX file (size option)
)
\c@part=\count83
\c@section=\count84
\c@subsection=\count85
\c@subsubsection=\count86
\c@paragraph=\count87
\c@subparagraph=\count88
\c@figure=\count89
\c@table=\count90
\abovecaptionskip=\skip44
\belowcaptionskip=\skip45
\bibindent=\dimen106
)
(/usr/local/texlive/2016/texmf-dist/tex/latex/psnfss/times.sty
Package: times 2005/04/12 PSNFSS-v9.2a (SPQR) 
)
(/usr/local/texlive/2016/texmf-dist/tex/latex/psnfss/mathptmx.sty
Package: mathptmx 2005/04/12 PSNFSS-v9.2a Times w/ Math, improved (SPQR, WaS) 
LaTeX Font Info:    Redeclaring symbol font `operators' on input line 28.
LaTeX Font Info:    Overwriting symbol font `operators' in version `normal'
(Font)                  OT1/cmr/m/n --> OT1/ztmcm/m/n on input line 28.
LaTeX Font Info:    Overwriting symbol font `operators' in version `bold'
(Font)                  OT1/cmr/bx/n --> OT1/ztmcm/m/n on input line 28.
LaTeX Font Info:    Redeclaring symbol font `letters' on input line 29.
LaTeX Font Info:    Overwriting symbol font `letters' in version `normal'
(Font)                  OML/cmm/m/it --> OML/ztmcm/m/it on input line 29.
LaTeX Font Info:    Overwriting symbol font `letters' in version `bold'
(Font)                  OML/cmm/b/it --> OML/ztmcm/m/it on input line 29.
LaTeX Font Info:    Redeclaring symbol font `symbols' on input line 30.
LaTeX Font Info:    Overwriting symbol font `symbols' in version `normal'
(Font)                  OMS/cmsy/m/n --> OMS/ztmcm/m/n on input line 30.
LaTeX Font Info:    Overwriting symbol font `symbols' in version `bold'
(Font)                  OMS/cmsy/b/n --> OMS/ztmcm/m/n on input line 30.
LaTeX Font Info:    Redeclaring symbol font `largesymbols' on input line 31.
LaTeX Font Info:    Overwriting symbol font `largesymbols' in version `normal'
(Font)                  OMX/cmex/m/n --> OMX/ztmcm/m/n on input line 31.
LaTeX Font Info:    Overwriting symbol font `largesymbols' in version `bold'
(Font)                  OMX/cmex/m/n --> OMX/ztmcm/m/n on input line 31.
\symbold=\mathgroup4
\symitalic=\mathgroup5
LaTeX Font Info:    Redeclaring math alphabet \mathbf on input line 34.
LaTeX Font Info:    Overwriting math alphabet `\mathbf' in version `normal'
(Font)                  OT1/cmr/bx/n --> OT1/ptm/bx/n on input line 34.
LaTeX Font Info:    Overwriting math alphabet `\mathbf' in version `bold'
(Font)                  OT1/cmr/bx/n --> OT1/ptm/bx/n on input line 34.
LaTeX Font Info:    Redeclaring math alphabet \mathit on input line 35.
LaTeX Font Info:    Overwriting math alphabet `\mathit' in version `normal'
(Font)                  OT1/cmr/m/it --> OT1/ptm/m/it on input line 35.
LaTeX Font Info:    Overwriting math alphabet `\mathit' in version `bold'
(Font)                  OT1/cmr/bx/it --> OT1/ptm/m/it on input line 35.
LaTeX Info: Redefining \hbar on input line 50.
)
(/usr/local/texlive/2016/texmf-dist/tex/latex/lineno/lineno.sty
Package: lineno 2005/11/02 line numbers on paragraphs v4.41
\linenopenalty=\count91
\output=\toks16
\linenoprevgraf=\count92
\linenumbersep=\dimen107
\linenumberwidth=\dimen108
\c@linenumber=\count93
\c@pagewiselinenumber=\count94
\c@LN@truepage=\count95
\c@internallinenumber=\count96
\c@internallinenumbers=\count97
\quotelinenumbersep=\dimen109
\bframerule=\dimen110
\bframesep=\dimen111
\bframebox=\box26
LaTeX Info: Redefining \\ on input line 3056.
)
(/usr/local/texlive/2016/texmf-dist/tex/generic/oberdiek/ifpdf.sty
Package: ifpdf 2016/05/14 v3.1 Provides the ifpdf switch
)
(/usr/local/texlive/2016/texmf-dist/tex/latex/amsmath/amsmath.sty
Package: amsmath 2016/03/10 v2.15b AMS math features
\@mathmargin=\skip46

For additional information on amsmath, use the `?' option.
(/usr/local/texlive/2016/texmf-dist/tex/latex/amsmath/amstext.sty
Package: amstext 2000/06/29 v2.01 AMS text

(/usr/local/texlive/2016/texmf-dist/tex/latex/amsmath/amsgen.sty
File: amsgen.sty 1999/11/30 v2.0 generic functions
\@emptytoks=\toks17
\ex@=\dimen112
))
(/usr/local/texlive/2016/texmf-dist/tex/latex/amsmath/amsbsy.sty
Package: amsbsy 1999/11/29 v1.2d Bold Symbols
\pmbraise@=\dimen113
)
(/usr/local/texlive/2016/texmf-dist/tex/latex/amsmath/amsopn.sty
Package: amsopn 2016/03/08 v2.02 operator names
)
\inf@bad=\count98
LaTeX Info: Redefining \frac on input line 199.
\uproot@=\count99
\leftroot@=\count100
LaTeX Info: Redefining \overline on input line 297.
\classnum@=\count101
\DOTSCASE@=\count102
LaTeX Info: Redefining \ldots on input line 394.
LaTeX Info: Redefining \dots on input line 397.
LaTeX Info: Redefining \cdots on input line 518.
\Mathstrutbox@=\box27
\strutbox@=\box28
\big@size=\dimen114
LaTeX Font Info:    Redeclaring font encoding OML on input line 634.
LaTeX Font Info:    Redeclaring font encoding OMS on input line 635.
\macc@depth=\count103
\c@MaxMatrixCols=\count104
\dotsspace@=\muskip10
\c@parentequation=\count105
\dspbrk@lvl=\count106
\tag@help=\toks18
\row@=\count107
\column@=\count108
\maxfields@=\count109
\andhelp@=\toks19
\eqnshift@=\dimen115
\alignsep@=\dimen116
\tagshift@=\dimen117
\tagwidth@=\dimen118
\totwidth@=\dimen119
\lineht@=\dimen120
\@envbody=\toks20
\multlinegap=\skip47
\multlinetaggap=\skip48
\mathdisplay@stack=\toks21
LaTeX Info: Redefining \[ on input line 2739.
LaTeX Info: Redefining \] on input line 2740.
)
(/usr/local/texlive/2016/texmf-dist/tex/latex/amsfonts/amsfonts.sty
Package: amsfonts 2013/01/14 v3.01 Basic AMSFonts support
\symAMSa=\mathgroup6
\symAMSb=\mathgroup7
LaTeX Font Info:    Overwriting math alphabet `\mathfrak' in version `bold'
(Font)                  U/euf/m/n --> U/euf/b/n on input line 106.
)
(/usr/local/texlive/2016/texmf-dist/tex/latex/amsfonts/amssymb.sty
Package: amssymb 2013/01/14 v3.01 AMS font symbols
)
(/usr/local/texlive/2016/texmf-dist/tex/latex/graphics/graphicx.sty
Package: graphicx 2014/10/28 v1.0g Enhanced LaTeX Graphics (DPC,SPQR)

(/usr/local/texlive/2016/texmf-dist/tex/latex/graphics/keyval.sty
Package: keyval 2014/10/28 v1.15 key=value parser (DPC)
\KV@toks@=\toks22
)
(/usr/local/texlive/2016/texmf-dist/tex/latex/graphics/graphics.sty
Package: graphics 2016/05/09 v1.0r Standard LaTeX Graphics (DPC,SPQR)

(/usr/local/texlive/2016/texmf-dist/tex/latex/graphics/trig.sty
Package: trig 2016/01/03 v1.10 sin cos tan (DPC)
)
(/usr/local/texlive/2016/texmf-dist/tex/latex/graphics-cfg/graphics.cfg
File: graphics.cfg 2016/01/02 v1.10 sample graphics configuration
)
Package graphics Info: Driver file: pdftex.def on input line 96.

(/usr/local/texlive/2016/texmf-dist/tex/latex/pdftex-def/pdftex.def
File: pdftex.def 2011/05/27 v0.06d Graphics/color for pdfTeX

(/usr/local/texlive/2016/texmf-dist/tex/generic/oberdiek/infwarerr.sty
Package: infwarerr 2016/05/16 v1.4 Providing info/warning/error messages (HO)
)
(/usr/local/texlive/2016/texmf-dist/tex/generic/oberdiek/ltxcmds.sty
Package: ltxcmds 2016/05/16 v1.23 LaTeX kernel commands for general use (HO)
)
\Gread@gobject=\count110
))
\Gin@req@height=\dimen121
\Gin@req@width=\dimen122
)
(/usr/local/texlive/2016/texmf-dist/tex/latex/xcolor/xcolor.sty
Package: xcolor 2016/05/11 v2.12 LaTeX color extensions (UK)

(/usr/local/texlive/2016/texmf-dist/tex/latex/graphics-cfg/color.cfg
File: color.cfg 2016/01/02 v1.6 sample color configuration
)
Package xcolor Info: Driver file: pdftex.def on input line 225.
Package xcolor Info: Model `cmy' substituted by `cmy0' on input line 1348.
Package xcolor Info: Model `hsb' substituted by `rgb' on input line 1352.
Package xcolor Info: Model `RGB' extended on input line 1364.
Package xcolor Info: Model `HTML' substituted by `rgb' on input line 1366.
Package xcolor Info: Model `Hsb' substituted by `hsb' on input line 1367.
Package xcolor Info: Model `tHsb' substituted by `hsb' on input line 1368.
Package xcolor Info: Model `HSB' substituted by `hsb' on input line 1369.
Package xcolor Info: Model `Gray' substituted by `gray' on input line 1370.
Package xcolor Info: Model `wave' substituted by `hsb' on input line 1371.
)
(/usr/local/texlive/2016/texmf-dist/tex/latex/booktabs/booktabs.sty
Package: booktabs 2016/04/27 v1.618033 publication quality tables
\heavyrulewidth=\dimen123
\lightrulewidth=\dimen124
\cmidrulewidth=\dimen125
\belowrulesep=\dimen126
\belowbottomsep=\dimen127
\aboverulesep=\dimen128
\abovetopsep=\dimen129
\cmidrulesep=\dimen130
\cmidrulekern=\dimen131
\defaultaddspace=\dimen132
\@cmidla=\count111
\@cmidlb=\count112
\@aboverulesep=\dimen133
\@belowrulesep=\dimen134
\@thisruleclass=\count113
\@lastruleclass=\count114
\@thisrulewidth=\dimen135
)
(/usr/local/texlive/2016/texmf-dist/tex/latex/preprint/authblk.sty
Package: authblk 2001/02/27 1.3 (PWD)
\affilsep=\skip49
\@affilsep=\skip50
\c@Maxaffil=\count115
\c@authors=\count116
\c@affil=\count117
)
(/usr/local/texlive/2016/texmf-dist/tex/latex/geometry/geometry.sty
Package: geometry 2010/09/12 v5.6 Page Geometry

(/usr/local/texlive/2016/texmf-dist/tex/generic/oberdiek/ifvtex.sty
Package: ifvtex 2016/05/16 v1.6 Detect VTeX and its facilities (HO)
Package ifvtex Info: VTeX not detected.
)
(/usr/local/texlive/2016/texmf-dist/tex/generic/ifxetex/ifxetex.sty
Package: ifxetex 2010/09/12 v0.6 Provides ifxetex conditional
)
\Gm@cnth=\count118
\Gm@cntv=\count119
\c@Gm@tempcnt=\count120
\Gm@bindingoffset=\dimen136
\Gm@wd@mp=\dimen137
\Gm@odd@mp=\dimen138
\Gm@even@mp=\dimen139
\Gm@layoutwidth=\dimen140
\Gm@layoutheight=\dimen141
\Gm@layouthoffset=\dimen142
\Gm@layoutvoffset=\dimen143
\Gm@dimlist=\toks23
)
(/usr/local/texlive/2016/texmf-dist/tex/latex/caption/caption.sty
Package: caption 2016/02/21 v3.3-144 Customizing captions (AR)

(/usr/local/texlive/2016/texmf-dist/tex/latex/caption/caption3.sty
Package: caption3 2016/02/04 v1.7-139 caption3 kernel (AR)
Package caption3 Info: TeX engine: e-TeX on input line 67.
\captionmargin=\dimen144
\captionmargin@=\dimen145
\captionwidth=\dimen146
\caption@tempdima=\dimen147
\caption@indent=\dimen148
\caption@parindent=\dimen149
\caption@hangindent=\dimen150
)
\c@ContinuedFloat=\count121
)
(/usr/local/texlive/2016/texmf-dist/tex/latex/natbib/natbib.sty
Package: natbib 2010/09/13 8.31b (PWD, AO)
\bibhang=\skip51
\bibsep=\skip52
LaTeX Info: Redefining \cite on input line 694.
\c@NAT@ctr=\count122
)
(/usr/local/texlive/2016/texmf-dist/tex/latex/fancyhdr/fancyhdr.sty
\fancy@headwidth=\skip53
\f@ncyO@elh=\skip54
\f@ncyO@erh=\skip55
\f@ncyO@olh=\skip56
\f@ncyO@orh=\skip57
\f@ncyO@elf=\skip58
\f@ncyO@erf=\skip59
\f@ncyO@olf=\skip60
\f@ncyO@orf=\skip61
)
(/usr/local/texlive/2016/texmf-dist/tex/latex/lastpage/lastpage.sty
Package: lastpage 2015/03/29 v1.2m Refers to last page's name (HMM; JPG)
)
(/usr/local/texlive/2016/texmf-dist/tex/latex/titlesec/titlesec.sty
Package: titlesec 2016/03/21 v2.10.2 Sectioning titles
\ttl@box=\box29
\beforetitleunit=\skip62
\aftertitleunit=\skip63
\ttl@plus=\dimen151
\ttl@minus=\dimen152
\ttl@toksa=\toks24
\titlewidth=\dimen153
\titlewidthlast=\dimen154
\titlewidthfirst=\dimen155
)
(/usr/local/texlive/2016/texmf-dist/tex/latex/titlesec/ttlkeys.def
File: ttlkeys.def 2016/03/15
)
(/usr/local/texlive/2016/texmf-dist/tex/latex/titlesec/titletoc.sty
Package: titletoc 2011/12/15 v1.6 TOC entries
\ttl@leftsep=\dimen156
)
(/usr/local/texlive/2016/texmf-dist/tex/latex/enumitem/enumitem.sty
Package: enumitem 2011/09/28 v3.5.2 Customized lists
\labelindent=\skip64
\enit@outerparindent=\dimen157
\enit@toks=\toks25
\enit@inbox=\box30
\enitdp@description=\count123
)
\tocsep=\skip65

(/usr/local/texlive/2016/texmf-dist/tex/latex/lipsum/lipsum.sty
Package: lipsum 2014/07/27 v1.3 150 paragraphs of Lorem Ipsum dummy text
\c@lips@count=\count124
))
(/usr/local/texlive/2016/texmf-dist/tex/latex/microtype/microtype.sty
Package: microtype 2016/05/14 v2.6a Micro-typographical refinements (RS)
\MT@toks=\toks26
\MT@count=\count125
LaTeX Info: Redefining \textls on input line 774.
\MT@outer@kern=\dimen158
LaTeX Info: Redefining \textmicrotypecontext on input line 1310.
\MT@listname@count=\count126

(/usr/local/texlive/2016/texmf-dist/tex/latex/microtype/microtype-pdftex.def
File: microtype-pdftex.def 2016/05/14 v2.6a Definitions specific to pdftex (RS)

LaTeX Info: Redefining \lsstyle on input line 916.
LaTeX Info: Redefining \lslig on input line 916.
\MT@outer@space=\skip66
)
Package microtype Info: Loading configuration file microtype.cfg.

(/usr/local/texlive/2016/texmf-dist/tex/latex/microtype/microtype.cfg
File: microtype.cfg 2016/05/14 v2.6a microtype main configuration file (RS)
))
(/usr/local/texlive/2016/texmf-dist/tex/latex/psnfss/helvet.sty
Package: helvet 2005/04/12 PSNFSS-v9.2a (WaS) 
)
(/usr/local/texlive/2016/texmf-dist/tex/latex/subfig/subfig.sty
Package: subfig 2005/06/28 ver: 1.3 subfig package
\c@KVtest=\count127
\sf@farskip=\skip67
\sf@captopadj=\dimen159
\sf@capskip=\skip68
\sf@nearskip=\skip69
\c@subfigure=\count128
\c@subfigure@save=\count129
\c@lofdepth=\count130
\c@subtable=\count131
\c@subtable@save=\count132
\c@lotdepth=\count133
\sf@top=\skip70
\sf@bottom=\skip71
)
(/usr/local/texlive/2016/texmf-dist/tex/latex/psnfss/pifont.sty
Package: pifont 2005/04/12 PSNFSS-v9.2a Pi font support (SPQR) 
LaTeX Font Info:    Try loading font information for U+pzd on input line 63.

(/usr/local/texlive/2016/texmf-dist/tex/latex/psnfss/upzd.fd
File: upzd.fd 2001/06/04 font definitions for U/pzd.
)
LaTeX Font Info:    Try loading font information for U+psy on input line 64.

(/usr/local/texlive/2016/texmf-dist/tex/latex/psnfss/upsy.fd
File: upsy.fd 2001/06/04 font definitions for U/psy.
))
(/usr/local/texlive/2016/texmf-dist/tex/latex/multirow/multirow.sty
\bigstrutjot=\dimen160
)
(/usr/local/texlive/2016/texmf-dist/tex/latex/hyperref/hyperref.sty
Package: hyperref 2016/05/05 v6.83n Hypertext links for LaTeX

(/usr/local/texlive/2016/texmf-dist/tex/generic/oberdiek/hobsub-hyperref.sty
Package: hobsub-hyperref 2016/05/16 v1.14 Bundle oberdiek, subset hyperref (HO)


(/usr/local/texlive/2016/texmf-dist/tex/generic/oberdiek/hobsub-generic.sty
Package: hobsub-generic 2016/05/16 v1.14 Bundle oberdiek, subset generic (HO)
Package: hobsub 2016/05/16 v1.14 Construct package bundles (HO)
Package hobsub Info: Skipping package `infwarerr' (already loaded).
Package hobsub Info: Skipping package `ltxcmds' (already loaded).
Package: ifluatex 2016/05/16 v1.4 Provides the ifluatex switch (HO)
Package ifluatex Info: LuaTeX not detected.
Package hobsub Info: Skipping package `ifvtex' (already loaded).
Package: intcalc 2016/05/16 v1.2 Expandable calculations with integers (HO)
Package hobsub Info: Skipping package `ifpdf' (already loaded).
Package: etexcmds 2016/05/16 v1.6 Avoid name clashes with e-TeX commands (HO)
Package etexcmds Info: Could not find \expanded.
(etexcmds)             That can mean that you are not using pdfTeX 1.50 or
(etexcmds)             that some package has redefined \expanded.
(etexcmds)             In the latter case, load this package earlier.
Package: kvsetkeys 2016/05/16 v1.17 Key value parser (HO)
Package: kvdefinekeys 2016/05/16 v1.4 Define keys (HO)
Package: pdftexcmds 2016/05/10 v0.21 Utility functions of pdfTeX for LuaTeX (HO
)
Package pdftexcmds Info: LuaTeX not detected.
Package pdftexcmds Info: \pdf@primitive is available.
Package pdftexcmds Info: \pdf@ifprimitive is available.
Package pdftexcmds Info: \pdfdraftmode found.
Package: pdfescape 2016/05/16 v1.14 Implements pdfTeX's escape features (HO)
Package: bigintcalc 2016/05/16 v1.4 Expandable calculations on big integers (HO
)
Package: bitset 2016/05/16 v1.2 Handle bit-vector datatype (HO)
Package: uniquecounter 2016/05/16 v1.3 Provide unlimited unique counter (HO)
)
Package hobsub Info: Skipping package `hobsub' (already loaded).
Package: letltxmacro 2016/05/16 v1.5 Let assignment for LaTeX macros (HO)
Package: hopatch 2016/05/16 v1.3 Wrapper for package hooks (HO)
Package: xcolor-patch 2016/05/16 xcolor patch
Package: atveryend 2016/05/16 v1.9 Hooks at the very end of document (HO)
Package atveryend Info: \enddocument detected (standard20110627).
Package: atbegshi 2016/05/16 v1.17 At begin shipout hook (HO)
Package: refcount 2016/05/16 v3.5 Data extraction from label references (HO)
Package: hycolor 2016/05/16 v1.8 Color options for hyperref/bookmark (HO)
)
(/usr/local/texlive/2016/texmf-dist/tex/latex/oberdiek/auxhook.sty
Package: auxhook 2016/05/16 v1.4 Hooks for auxiliary files (HO)
)
(/usr/local/texlive/2016/texmf-dist/tex/latex/oberdiek/kvoptions.sty
Package: kvoptions 2016/05/16 v3.12 Key value format for package options (HO)
)
\@linkdim=\dimen161
\Hy@linkcounter=\count134
\Hy@pagecounter=\count135

(/usr/local/texlive/2016/texmf-dist/tex/latex/hyperref/pd1enc.def
File: pd1enc.def 2016/05/05 v6.83n Hyperref: PDFDocEncoding definition (HO)
Now handling font encoding PD1 ...
... no UTF-8 mapping file for font encoding PD1
)
\Hy@SavedSpaceFactor=\count136

(/usr/local/texlive/2016/texmf-dist/tex/latex/latexconfig/hyperref.cfg
File: hyperref.cfg 2002/06/06 v1.2 hyperref configuration of TeXLive
)
Package hyperref Info: Hyper figures OFF on input line 4446.
Package hyperref Info: Link nesting OFF on input line 4451.
Package hyperref Info: Hyper index ON on input line 4454.
Package hyperref Info: Plain pages OFF on input line 4461.
Package hyperref Info: Backreferencing OFF on input line 4466.
Package hyperref Info: Implicit mode ON; LaTeX internals redefined.
Package hyperref Info: Bookmarks ON on input line 4691.
\c@Hy@tempcnt=\count137

(/usr/local/texlive/2016/texmf-dist/tex/latex/url/url.sty
\Urlmuskip=\muskip11
Package: url 2013/09/16  ver 3.4  Verb mode for urls, etc.
)
LaTeX Info: Redefining \url on input line 5044.
\XeTeXLinkMargin=\dimen162
\Fld@menulength=\count138
\Field@Width=\dimen163
\Fld@charsize=\dimen164
Package hyperref Info: Hyper figures OFF on input line 6298.
Package hyperref Info: Link nesting OFF on input line 6303.
Package hyperref Info: Hyper index ON on input line 6306.
Package hyperref Info: backreferencing OFF on input line 6313.
Package hyperref Info: Link coloring OFF on input line 6318.
Package hyperref Info: Link coloring with OCG OFF on input line 6323.
Package hyperref Info: PDF/A mode OFF on input line 6328.
LaTeX Info: Redefining \ref on input line 6368.
LaTeX Info: Redefining \pageref on input line 6372.
\Hy@abspage=\count139
\c@Item=\count140
\c@Hfootnote=\count141
)

Package hyperref Message: Driver (autodetected): hpdftex.

(/usr/local/texlive/2016/texmf-dist/tex/latex/hyperref/hpdftex.def
File: hpdftex.def 2016/05/05 v6.83n Hyperref driver for pdfTeX
\Fld@listcount=\count142
\c@bookmark@seq@number=\count143

(/usr/local/texlive/2016/texmf-dist/tex/latex/oberdiek/rerunfilecheck.sty
Package: rerunfilecheck 2016/05/16 v1.8 Rerun checks for auxiliary files (HO)
Package uniquecounter Info: New unique counter `rerunfilecheck' on input line 2
82.
)
\Hy@SectionHShift=\skip72
)
(/usr/local/texlive/2016/texmf-dist/tex/generic/ulem/ulem.sty
\UL@box=\box31
\UL@hyphenbox=\box32
\UL@skip=\skip73
\UL@hook=\toks27
\UL@height=\dimen165
\UL@pe=\count144
\UL@pixel=\dimen166
\ULC@box=\box33
Package: ulem 2012/05/18
\ULdepth=\dimen167
)
(/usr/local/texlive/2016/texmf-dist/tex/latex/psnfss/courier.sty
Package: courier 2005/04/12 PSNFSS-v9.2a (WaS) 
)
(/usr/local/texlive/2016/texmf-dist/tex/latex/graphics/epsfig.sty
Package: epsfig 1999/02/16 v1.7a (e)psfig emulation (SPQR)
\epsfxsize=\dimen168
\epsfysize=\dimen169
)
(/usr/local/texlive/2016/texmf-dist/tex/latex/tools/xr.sty
Package: xr 1994/05/28 v5.02 eXternal References (DPC)
) (./main.aux)
\openout1 = `main.aux'.

LaTeX Font Info:    Checking defaults for OML/cmm/m/it on input line 53.
LaTeX Font Info:    ... okay on input line 53.
LaTeX Font Info:    Checking defaults for T1/cmr/m/n on input line 53.
LaTeX Font Info:    ... okay on input line 53.
LaTeX Font Info:    Checking defaults for OT1/cmr/m/n on input line 53.
LaTeX Font Info:    ... okay on input line 53.
LaTeX Font Info:    Checking defaults for OMS/cmsy/m/n on input line 53.
LaTeX Font Info:    ... okay on input line 53.
LaTeX Font Info:    Checking defaults for OMX/cmex/m/n on input line 53.
LaTeX Font Info:    ... okay on input line 53.
LaTeX Font Info:    Checking defaults for U/cmr/m/n on input line 53.
LaTeX Font Info:    ... okay on input line 53.
LaTeX Font Info:    Checking defaults for PD1/pdf/m/n on input line 53.
LaTeX Font Info:    ... okay on input line 53.
LaTeX Font Info:    Try loading font information for OT1+ptm on input line 53.

(/usr/local/texlive/2016/texmf-dist/tex/latex/psnfss/ot1ptm.fd
File: ot1ptm.fd 2001/06/04 font definitions for OT1/ptm.
)
(/usr/local/texlive/2016/texmf-dist/tex/context/base/mkii/supp-pdf.mkii
[Loading MPS to PDF converter (version 2006.09.02).]
\scratchcounter=\count145
\scratchdimen=\dimen170
\scratchbox=\box34
\nofMPsegments=\count146
\nofMParguments=\count147
\everyMPshowfont=\toks28
\MPscratchCnt=\count148
\MPscratchDim=\dimen171
\MPnumerator=\count149
\makeMPintoPDFobject=\count150
\everyMPtoPDFconversion=\toks29
) (/usr/local/texlive/2016/texmf-dist/tex/latex/oberdiek/epstopdf-base.sty
Package: epstopdf-base 2016/05/15 v2.6 Base part for package epstopdf

(/usr/local/texlive/2016/texmf-dist/tex/latex/oberdiek/grfext.sty
Package: grfext 2016/05/16 v1.2 Manage graphics extensions (HO)
)
Package grfext Info: Graphics extension search list:
(grfext)             [.png,.pdf,.jpg,.mps,.jpeg,.jbig2,.jb2,.PNG,.PDF,.JPG,.JPE
G,.JBIG2,.JB2,.eps]
(grfext)             \AppendGraphicsExtensions on input line 456.

(/usr/local/texlive/2016/texmf-dist/tex/latex/latexconfig/epstopdf-sys.cfg
File: epstopdf-sys.cfg 2010/07/13 v1.3 Configuration of (r)epstopdf for TeX Liv
e
))
*geometry* driver: auto-detecting
*geometry* detected driver: pdftex
*geometry* verbose mode - [ preamble ] result:
* driver: pdftex
* paper: letterpaper
* layout: <same size as paper>
* layoutoffset:(h,v)=(0.0pt,0.0pt)
* modes: 
* h-part:(L,W,R)=(71.13188pt, 472.03123pt, 71.13188pt)
* v-part:(T,H,B)=(71.13188pt, 652.70622pt, 71.13188pt)
* \paperwidth=614.295pt
* \paperheight=794.96999pt
* \textwidth=472.03123pt
* \textheight=652.70622pt
* \oddsidemargin=-1.1381pt
* \evensidemargin=-1.1381pt
* \topmargin=-38.1381pt
* \headheight=12.0pt
* \headsep=25.0pt
* \topskip=10.0pt
* \footskip=30.0pt
* \marginparwidth=65.0pt
* \marginparsep=11.0pt
* \columnsep=15.6491pt
* \skip\footins=9.0pt plus 4.0pt minus 2.0pt
* \hoffset=0.0pt
* \voffset=0.0pt
* \mag=1000
* \@twocolumnfalse
* \@twosidefalse
* \@mparswitchfalse
* \@reversemarginfalse
* (1in=72.27pt=25.4mm, 1cm=28.453pt)

Package caption Info: Begin \AtBeginDocument code.
Package caption Info: subfig package v1.3 is loaded.
Package caption Info: hyperref package is loaded.
Package caption Info: End \AtBeginDocument code.
Package lastpage Info: Please have a look at the pageslts package at
(lastpage)             https://www.ctan.org/pkg/pageslts
(lastpage)             ! on input line 53.
LaTeX Info: Redefining \microtypecontext on input line 53.
Package microtype Info: Generating PDF output.
Package microtype Info: Character protrusion enabled (level 2).
Package microtype Info: Using default protrusion set `alltext'.
Package microtype Info: Automatic font expansion enabled (level 2),
(microtype)             stretch: 20, shrink: 20, step: 1, non-selected.
Package microtype Info: Using default expansion set `basictext'.
Package microtype Info: No adjustment of tracking.
Package microtype Info: No adjustment of interword spacing.
Package microtype Info: No adjustment of character kerning.
(/usr/local/texlive/2016/texmf-dist/tex/latex/microtype/mt-ptm.cfg
File: mt-ptm.cfg 2006/04/20 v1.7 microtype config. file: Times (RS)
)
\AtBeginShipoutBox=\box35
Package hyperref Info: Link coloring OFF on input line 53.

(/usr/local/texlive/2016/texmf-dist/tex/latex/hyperref/nameref.sty
Package: nameref 2012/10/27 v2.43 Cross-referencing by name of section

(/usr/local/texlive/2016/texmf-dist/tex/generic/oberdiek/gettitlestring.sty
Package: gettitlestring 2016/05/16 v1.5 Cleanup title references (HO)
)
\c@section@level=\count151
)
LaTeX Info: Redefining \ref on input line 53.
LaTeX Info: Redefining \pageref on input line 53.
LaTeX Info: Redefining \nameref on input line 53.

(./main.out) (./main.out)
\@outlinefile=\write3
\openout3 = `main.out'.

LaTeX Font Info:    Try loading font information for OT1+phv on input line 57.

(/usr/local/texlive/2016/texmf-dist/tex/latex/psnfss/ot1phv.fd
File: ot1phv.fd 2001/06/04 scalable font definitions for OT1/phv.
)
Package microtype Info: Loading generic settings for font family
(microtype)             `phv' (encoding: OT1).
(microtype)             For optimal results, create family-specific settings.
(microtype)             See the microtype manual for details.
LaTeX Font Info:    Font shape `OT1/phv/bx/n' in size <10> not available
(Font)              Font shape `OT1/phv/b/n' tried instead on input line 57.
LaTeX Font Info:    Font shape `OT1/phv/bx/n' in size <20> not available
(Font)              Font shape `OT1/phv/b/n' tried instead on input line 57.
LaTeX Font Info:    Try loading font information for OT1+ztmcm on input line 57
.

(/usr/local/texlive/2016/texmf-dist/tex/latex/psnfss/ot1ztmcm.fd
File: ot1ztmcm.fd 2000/01/03 Fontinst v1.801 font definitions for OT1/ztmcm.
)
Package microtype Info: Loading generic settings for font family
(microtype)             `ztmcm' (encoding: OT1).
(microtype)             For optimal results, create family-specific settings.
(microtype)             See the microtype manual for details.
LaTeX Font Info:    Try loading font information for OML+ztmcm on input line 57
.

(/usr/local/texlive/2016/texmf-dist/tex/latex/psnfss/omlztmcm.fd
File: omlztmcm.fd 2000/01/03 Fontinst v1.801 font definitions for OML/ztmcm.
)
LaTeX Font Info:    Try loading font information for OMS+ztmcm on input line 57
.

(/usr/local/texlive/2016/texmf-dist/tex/latex/psnfss/omsztmcm.fd
File: omsztmcm.fd 2000/01/03 Fontinst v1.801 font definitions for OMS/ztmcm.
)
LaTeX Font Info:    Try loading font information for OMX+ztmcm on input line 57
.

(/usr/local/texlive/2016/texmf-dist/tex/latex/psnfss/omxztmcm.fd
File: omxztmcm.fd 2000/01/03 Fontinst v1.801 font definitions for OMX/ztmcm.
)
LaTeX Font Info:    Font shape `OT1/ptm/bx/n' in size <12> not available
(Font)              Font shape `OT1/ptm/b/n' tried instead on input line 57.
LaTeX Font Info:    Font shape `OT1/ptm/bx/n' in size <9> not available
(Font)              Font shape `OT1/ptm/b/n' tried instead on input line 57.
LaTeX Font Info:    Font shape `OT1/ptm/bx/n' in size <7> not available
(Font)              Font shape `OT1/ptm/b/n' tried instead on input line 57.

(/usr/local/texlive/2016/texmf-dist/tex/latex/microtype/mt-msa.cfg
File: mt-msa.cfg 2006/02/04 v1.1 microtype config. file: AMS symbols (a) (RS)
)
(/usr/local/texlive/2016/texmf-dist/tex/latex/microtype/mt-msb.cfg
File: mt-msb.cfg 2005/06/01 v1.0 microtype config. file: AMS symbols (b) (RS)
)
LaTeX Font Info:    Font shape `OT1/ptm/bx/n' in size <10> not available
(Font)              Font shape `OT1/ptm/b/n' tried instead on input line 57.
LaTeX Font Info:    Font shape `OT1/ptm/bx/n' in size <7.4> not available
(Font)              Font shape `OT1/ptm/b/n' tried instead on input line 57.
LaTeX Font Info:    Font shape `OT1/ptm/bx/n' in size <6> not available
(Font)              Font shape `OT1/ptm/b/n' tried instead on input line 57.
LaTeX Font Info:    Font shape `OT1/phv/bx/n' in size <12> not available
(Font)              Font shape `OT1/phv/b/n' tried instead on input line 57.

(./abstract.tex) (./intro.tex [1

{/usr/local/texlive/2016/texmf-var/fonts/map/pdftex/updmap/pdftex.map}] (Commen
ted text...)) (./relatedWork.tex
LaTeX Font Info:    Font shape `OT1/phv/bx/n' in size <9> not available
(Font)              Font shape `OT1/phv/b/n' tried instead on input line 194.
 [2])
(./lss.tex
LaTeX Font Info:    Try loading font information for OMS+ptm on input line 22.
 (/usr/local/texlive/2016/texmf-dist/tex/latex/psnfss/omsptm.fd
File: omsptm.fd 
)
LaTeX Font Info:    Font shape `OMS/ptm/m/n' in size <10> not available
(Font)              Font shape `OMS/cmsy/m/n' tried instead on input line 22.

[3]) [4] (./datasetStatistics.tex
Package epstopdf Info: Source file: <images/location/world/socialsensor-world-H
umanCausedDisaster_location.eps>
(epstopdf)                    date: 2017-03-08 18:00:25
(epstopdf)                    size: 1045349 bytes
(epstopdf)             Output file: <images/location/world/socialsensor-world-H
umanCausedDisaster_location-eps-converted-to.pdf>
(epstopdf)                    date: 2017-03-08 18:00:25
(epstopdf)                    size: 251741 bytes
(epstopdf)             Command: <repstopdf --outfile=images/location/world/soci
alsensor-world-HumanCausedDisaster_location-eps-converted-to.pdf images/locatio
n/world/socialsensor-world-HumanCausedDisaster_location.eps>
(epstopdf)             \includegraphics on input line 7.
Package epstopdf Info: Output file is already uptodate.

<images/location/world/socialsensor-world-HumanCausedDisaster_location-eps-conv
erted-to.pdf, id=165, 1653.17625pt x 848.16875pt>
File: images/location/world/socialsensor-world-HumanCausedDisaster_location-eps
-converted-to.pdf Graphic file (type pdf)

<use images/location/world/socialsensor-world-HumanCausedDisaster_location-eps-
converted-to.pdf>
Package pdftex.def Info: images/location/world/socialsensor-world-HumanCausedDi
saster_location-eps-converted-to.pdf used on input line 7.
(pdftex.def)             Requested size: 155.77116pt x 79.91682pt.
LaTeX Font Info:    Font shape `OT1/ptm/bx/n' in size <8> not available
(Font)              Font shape `OT1/ptm/b/n' tried instead on input line 7.
LaTeX Font Info:    Font shape `OT1/phv/bx/n' in size <8> not available
(Font)              Font shape `OT1/phv/b/n' tried instead on input line 7.
Package epstopdf Info: Source file: <images/location/world/socialsensor-world-i
rannucleardeal_location.eps>
(epstopdf)                    date: 2017-03-08 18:00:25
(epstopdf)                    size: 860094 bytes
(epstopdf)             Output file: <images/location/world/socialsensor-world-i
rannucleardeal_location-eps-converted-to.pdf>
(epstopdf)                    date: 2017-03-08 18:00:25
(epstopdf)                    size: 209614 bytes
(epstopdf)             Command: <repstopdf --outfile=images/location/world/soci
alsensor-world-irannucleardeal_location-eps-converted-to.pdf images/location/wo
rld/socialsensor-world-irannucleardeal_location.eps>
(epstopdf)             \includegraphics on input line 8.
Package epstopdf Info: Output file is already uptodate.

<images/location/world/socialsensor-world-irannucleardeal_location-eps-converte
d-to.pdf, id=166, 1653.17625pt x 848.16875pt>
File: images/location/world/socialsensor-world-irannucleardeal_location-eps-con
verted-to.pdf Graphic file (type pdf)

<use images/location/world/socialsensor-world-irannucleardeal_location-eps-conv
erted-to.pdf>
Package pdftex.def Info: images/location/world/socialsensor-world-irannuclearde
al_location-eps-converted-to.pdf used on input line 8.
(pdftex.def)             Requested size: 155.77116pt x 79.91682pt.
Package epstopdf Info: Source file: <images/location/world/socialsensor-world-s
occer_location.eps>
(epstopdf)                    date: 2017-03-08 18:00:25
(epstopdf)                    size: 1059134 bytes
(epstopdf)             Output file: <images/location/world/socialsensor-world-s
occer_location-eps-converted-to.pdf>
(epstopdf)                    date: 2017-03-08 18:00:25
(epstopdf)                    size: 252789 bytes
(epstopdf)             Command: <repstopdf --outfile=images/location/world/soci
alsensor-world-soccer_location-eps-converted-to.pdf images/location/world/socia
lsensor-world-soccer_location.eps>
(epstopdf)             \includegraphics on input line 9.
Package epstopdf Info: Output file is already uptodate.

<images/location/world/socialsensor-world-soccer_location-eps-converted-to.pdf,
 id=167, 1653.17625pt x 877.2775pt>
File: images/location/world/socialsensor-world-soccer_location-eps-converted-to
.pdf Graphic file (type pdf)

<use images/location/world/socialsensor-world-soccer_location-eps-converted-to.
pdf>
Package pdftex.def Info: images/location/world/socialsensor-world-soccer_locati
on-eps-converted-to.pdf used on input line 9.
(pdftex.def)             Requested size: 155.77116pt x 82.65953pt.
Package epstopdf Info: Source file: <images/location/states/SocialSensor-us-sta
tes-health_epidemics_location.eps>
(epstopdf)                    date: 2017-03-08 18:00:25
(epstopdf)                    size: 309844 bytes
(epstopdf)             Output file: <images/location/states/SocialSensor-us-sta
tes-health_epidemics_location-eps-converted-to.pdf>
(epstopdf)                    date: 2017-03-08 18:00:25
(epstopdf)                    size: 61158 bytes
(epstopdf)             Command: <repstopdf --outfile=images/location/states/Soc
ialSensor-us-states-health_epidemics_location-eps-converted-to.pdf images/locat
ion/states/SocialSensor-us-states-health_epidemics_location.eps>
(epstopdf)             \includegraphics on input line 11.
Package epstopdf Info: Output file is already uptodate.

<images/location/states/SocialSensor-us-states-health_epidemics_location-eps-co
nverted-to.pdf, id=168, 1653.17625pt x 848.16875pt>
File: images/location/states/SocialSensor-us-states-health_epidemics_location-e
ps-converted-to.pdf Graphic file (type pdf)

<use images/location/states/SocialSensor-us-states-health_epidemics_location-ep
s-converted-to.pdf>
Package pdftex.def Info: images/location/states/SocialSensor-us-states-health_e
pidemics_location-eps-converted-to.pdf used on input line 11.
(pdftex.def)             Requested size: 155.77116pt x 79.91682pt.
Package epstopdf Info: Source file: <images/location/states/SocialSensor-us-sta
tes-socialissues_location.eps>
(epstopdf)                    date: 2017-03-08 18:00:25
(epstopdf)                    size: 294045 bytes
(epstopdf)             Output file: <images/location/states/SocialSensor-us-sta
tes-socialissues_location-eps-converted-to.pdf>
(epstopdf)                    date: 2017-03-08 18:00:25
(epstopdf)                    size: 58083 bytes
(epstopdf)             Command: <repstopdf --outfile=images/location/states/Soc
ialSensor-us-states-socialissues_location-eps-converted-to.pdf images/location/
states/SocialSensor-us-states-socialissues_location.eps>
(epstopdf)             \includegraphics on input line 12.
Package epstopdf Info: Output file is already uptodate.

<images/location/states/SocialSensor-us-states-socialissues_location-eps-conver
ted-to.pdf, id=169, 1653.17625pt x 848.16875pt>
File: images/location/states/SocialSensor-us-states-socialissues_location-eps-c
onverted-to.pdf Graphic file (type pdf)

<use images/location/states/SocialSensor-us-states-socialissues_location-eps-co
nverted-to.pdf>
Package pdftex.def Info: images/location/states/SocialSensor-us-states-socialis
sues_location-eps-converted-to.pdf used on input line 12.
(pdftex.def)             Requested size: 155.77116pt x 79.91682pt.

<images/location/states/SocialSensor-us-states-space_location.pdf, id=170, 1653
.17625pt x 848.16875pt>
File: images/location/states/SocialSensor-us-states-space_location.pdf Graphic 
file (type pdf)

<use images/location/states/SocialSensor-us-states-space_location.pdf>
Package pdftex.def Info: images/location/states/SocialSensor-us-states-space_lo
cation.pdf used on input line 13.
(pdftex.def)             Requested size: 155.77116pt x 79.91682pt.

Overfull \hbox (7.28226pt too wide) in paragraph at lines 6--16
 [][] 
 []

[5 <./images/location/world/socialsensor-world-HumanCausedDisaster_location-eps
-converted-to.pdf> <./images/location/world/socialsensor-world-irannucleardeal_
location-eps-converted-to.pdf> <./images/location/world/socialsensor-world-socc
er_location-eps-converted-to.pdf> <./images/location/states/SocialSensor-us-sta
tes-health_epidemics_location-eps-converted-to.pdf> <./images/location/states/S
ocialSensor-us-states-socialissues_location-eps-converted-to.pdf> <./images/loc
ation/states/SocialSensor-us-states-space_location.pdf>]) (./methodology.tex
LaTeX Font Info:    Font shape `OT1/ptm/bx/n' in size <5> not available
(Font)              Font shape `OT1/ptm/b/n' tried instead on input line 35.


Package hyperref Warning: Suppressing empty link on input line 89.


Package hyperref Warning: Suppressing empty link on input line 114.

[6]

Package hyperref Warning: Suppressing empty link on input line 152.


Package hyperref Warning: Suppressing empty link on input line 155.


Package hyperref Warning: Suppressing empty link on input line 164.

[7] [8]) (./featureAnalysis.tex
<images/avgMI_gray.pdf, id=245, 531.41536pt x 363.29727pt>
File: images/avgMI_gray.pdf Graphic file (type pdf)

<use images/avgMI_gray.pdf>
Package pdftex.def Info: images/avgMI_gray.pdf used on input line 13.
(pdftex.def)             Requested size: 212.40831pt x 170.72202pt.

<images/avgMIBoxPlots/TermVsTopics.pdf, id=246, 274.64607pt x 304.92921pt>
File: images/avgMIBoxPlots/TermVsTopics.pdf Graphic file (type pdf)

<use images/avgMIBoxPlots/TermVsTopics.pdf>
Package pdftex.def Info: images/avgMIBoxPlots/TermVsTopics.pdf used on input li
ne 25.
(pdftex.def)             Requested size: 96.73941pt x 99.5847pt.

<images/avgMIBoxPlots/LocationVsTopics.pdf, id=247, 274.64607pt x 304.92921pt>
File: images/avgMIBoxPlots/LocationVsTopics.pdf Graphic file (type pdf)

<use images/avgMIBoxPlots/LocationVsTopics.pdf>
Package pdftex.def Info: images/avgMIBoxPlots/LocationVsTopics.pdf used on inpu
t line 26.
(pdftex.def)             Requested size: 96.73941pt x 99.5847pt.

<images/avgMIBoxPlots/HashtagVsTopics.pdf, id=248, 266.87706pt x 287.83536pt>
File: images/avgMIBoxPlots/HashtagVsTopics.pdf Graphic file (type pdf)

<use images/avgMIBoxPlots/HashtagVsTopics.pdf>
Package pdftex.def Info: images/avgMIBoxPlots/HashtagVsTopics.pdf used on input
 line 27.
(pdftex.def)             Requested size: 96.73943pt x 99.58438pt.

<images/avgMIBoxPlots/MentionVsTopics.pdf, id=249, 274.64607pt x 304.92921pt>
File: images/avgMIBoxPlots/MentionVsTopics.pdf Graphic file (type pdf)

<use images/avgMIBoxPlots/MentionVsTopics.pdf>
Package pdftex.def Info: images/avgMIBoxPlots/MentionVsTopics.pdf used on input
 line 28.
(pdftex.def)             Requested size: 96.73941pt x 99.5847pt.

<images/avgMIBoxPlots/FromVsTopics.pdf, id=250, 274.64607pt x 304.92921pt>
File: images/avgMIBoxPlots/FromVsTopics.pdf Graphic file (type pdf)

<use images/avgMIBoxPlots/FromVsTopics.pdf>
Package pdftex.def Info: images/avgMIBoxPlots/FromVsTopics.pdf used on input li
ne 29.
(pdftex.def)             Requested size: 96.73941pt x 99.5847pt.

Overfull \hbox (23.66583pt too wide) in paragraph at lines 23--32
 [][] 
 []

Package epstopdf Info: Source file: <images/ViolinPlots/From-favoriteCount.eps>

(epstopdf)                    date: 2017-03-08 18:00:24
(epstopdf)                    size: 54293 bytes
(epstopdf)             Output file: <images/ViolinPlots/From-favoriteCount-eps-
converted-to.pdf>
(epstopdf)                    date: 2017-03-08 18:00:24
(epstopdf)                    size: 49426 bytes
(epstopdf)             Command: <repstopdf --outfile=images/ViolinPlots/From-fa
voriteCount-eps-converted-to.pdf images/ViolinPlots/From-favoriteCount.eps>
(epstopdf)             \includegraphics on input line 43.
Package epstopdf Info: Output file is already uptodate.

<images/ViolinPlots/From-favoriteCount-eps-converted-to.pdf, id=251, 435.6275pt
 x 327.2225pt>
File: images/ViolinPlots/From-favoriteCount-eps-converted-to.pdf Graphic file (
type pdf)

<use images/ViolinPlots/From-favoriteCount-eps-converted-to.pdf>
Package pdftex.def Info: images/ViolinPlots/From-favoriteCount-eps-converted-to
.pdf used on input line 43.
(pdftex.def)             Requested size: 96.73936pt x 72.66322pt.
Package epstopdf Info: Source file: <images/ViolinPlots/From-followersCount.eps
>
(epstopdf)                    date: 2017-03-08 18:00:24
(epstopdf)                    size: 58346 bytes
(epstopdf)             Output file: <images/ViolinPlots/From-followersCount-eps
-converted-to.pdf>
(epstopdf)                    date: 2017-03-08 18:00:24
(epstopdf)                    size: 52557 bytes
(epstopdf)             Command: <repstopdf --outfile=images/ViolinPlots/From-fo
llowersCount-eps-converted-to.pdf images/ViolinPlots/From-followersCount.eps>
(epstopdf)             \includegraphics on input line 44.
Package epstopdf Info: Output file is already uptodate.

<images/ViolinPlots/From-followersCount-eps-converted-to.pdf, id=252, 440.64626
pt x 327.2225pt>
File: images/ViolinPlots/From-followersCount-eps-converted-to.pdf Graphic file 
(type pdf)

<use images/ViolinPlots/From-followersCount-eps-converted-to.pdf>
Package pdftex.def Info: images/ViolinPlots/From-followersCount-eps-converted-t
o.pdf used on input line 44.
(pdftex.def)             Requested size: 96.73936pt x 71.83438pt.
Package epstopdf Info: Source file: <images/ViolinPlots/From-friendsCount.eps>
(epstopdf)                    date: 2017-03-08 18:00:24
(epstopdf)                    size: 58044 bytes
(epstopdf)             Output file: <images/ViolinPlots/From-friendsCount-eps-c
onverted-to.pdf>
(epstopdf)                    date: 2017-03-08 18:00:24
(epstopdf)                    size: 52536 bytes
(epstopdf)             Command: <repstopdf --outfile=images/ViolinPlots/From-fr
iendsCount-eps-converted-to.pdf images/ViolinPlots/From-friendsCount.eps>
(epstopdf)             \includegraphics on input line 45.
Package epstopdf Info: Output file is already uptodate.

<images/ViolinPlots/From-friendsCount-eps-converted-to.pdf, id=253, 435.6275pt 
x 327.2225pt>
File: images/ViolinPlots/From-friendsCount-eps-converted-to.pdf Graphic file (t
ype pdf)
 <use images/ViolinPlots/From-friendsCount-eps-converted-to.pdf>
Package pdftex.def Info: images/ViolinPlots/From-friendsCount-eps-converted-to.
pdf used on input line 45.
(pdftex.def)             Requested size: 96.73936pt x 72.66322pt.
Package epstopdf Info: Source file: <images/ViolinPlots/From-hashtagCount.eps>
(epstopdf)                    date: 2017-03-08 18:00:24
(epstopdf)                    size: 52187 bytes
(epstopdf)             Output file: <images/ViolinPlots/From-hashtagCount-eps-c
onverted-to.pdf>
(epstopdf)                    date: 2017-03-08 18:00:24
(epstopdf)                    size: 46848 bytes
(epstopdf)             Command: <repstopdf --outfile=images/ViolinPlots/From-ha
shtagCount-eps-converted-to.pdf images/ViolinPlots/From-hashtagCount.eps>
(epstopdf)             \includegraphics on input line 46.
Package epstopdf Info: Output file is already uptodate.

<images/ViolinPlots/From-hashtagCount-eps-converted-to.pdf, id=254, 440.64626pt
 x 327.2225pt>
File: images/ViolinPlots/From-hashtagCount-eps-converted-to.pdf Graphic file (t
ype pdf)
 <use images/ViolinPlots/From-hashtagCount-eps-converted-to.pdf>
Package pdftex.def Info: images/ViolinPlots/From-hashtagCount-eps-converted-to.
pdf used on input line 46.
(pdftex.def)             Requested size: 96.73936pt x 71.83438pt.
Package epstopdf Info: Source file: <images/ViolinPlots/From-tweetCount.eps>
(epstopdf)                    date: 2017-03-08 18:00:24
(epstopdf)                    size: 47218 bytes
(epstopdf)             Output file: <images/ViolinPlots/From-tweetCount-eps-con
verted-to.pdf>
(epstopdf)                    date: 2017-03-08 18:00:24
(epstopdf)                    size: 41574 bytes
(epstopdf)             Command: <repstopdf --outfile=images/ViolinPlots/From-tw
eetCount-eps-converted-to.pdf images/ViolinPlots/From-tweetCount.eps>
(epstopdf)             \includegraphics on input line 47.
Package epstopdf Info: Output file is already uptodate.

<images/ViolinPlots/From-tweetCount-eps-converted-to.pdf, id=255, 440.64626pt x
 327.2225pt>
File: images/ViolinPlots/From-tweetCount-eps-converted-to.pdf Graphic file (typ
e pdf)
 <use images/ViolinPlots/From-tweetCount-eps-converted-to.pdf>
Package pdftex.def Info: images/ViolinPlots/From-tweetCount-eps-converted-to.pd
f used on input line 47.
(pdftex.def)             Requested size: 96.73936pt x 71.83438pt.
Package epstopdf Info: Source file: <images/ViolinPlots/Hashtag-tweetCount.eps>

(epstopdf)                    date: 2017-03-08 18:00:24
(epstopdf)                    size: 53771 bytes
(epstopdf)             Output file: <images/ViolinPlots/Hashtag-tweetCount-eps-
converted-to.pdf>
(epstopdf)                    date: 2017-03-08 18:00:24
(epstopdf)                    size: 48066 bytes
(epstopdf)             Command: <repstopdf --outfile=images/ViolinPlots/Hashtag
-tweetCount-eps-converted-to.pdf images/ViolinPlots/Hashtag-tweetCount.eps>
(epstopdf)             \includegraphics on input line 49.
Package epstopdf Info: Output file is already uptodate.

<images/ViolinPlots/Hashtag-tweetCount-eps-converted-to.pdf, id=256, 435.6275pt
 x 327.2225pt>
File: images/ViolinPlots/Hashtag-tweetCount-eps-converted-to.pdf Graphic file (
type pdf)

<use images/ViolinPlots/Hashtag-tweetCount-eps-converted-to.pdf>
Package pdftex.def Info: images/ViolinPlots/Hashtag-tweetCount-eps-converted-to
.pdf used on input line 49.
(pdftex.def)             Requested size: 96.73936pt x 72.66322pt.
Package epstopdf Info: Source file: <images/ViolinPlots/Hashtag-userCount.eps>
(epstopdf)                    date: 2017-03-08 18:00:24
(epstopdf)                    size: 52767 bytes
(epstopdf)             Output file: <images/ViolinPlots/Hashtag-userCount-eps-c
onverted-to.pdf>
(epstopdf)                    date: 2017-03-08 18:00:24
(epstopdf)                    size: 47585 bytes
(epstopdf)             Command: <repstopdf --outfile=images/ViolinPlots/Hashtag
-userCount-eps-converted-to.pdf images/ViolinPlots/Hashtag-userCount.eps>
(epstopdf)             \includegraphics on input line 50.
Package epstopdf Info: Output file is already uptodate.

<images/ViolinPlots/Hashtag-userCount-eps-converted-to.pdf, id=257, 435.6275pt 
x 327.2225pt>
File: images/ViolinPlots/Hashtag-userCount-eps-converted-to.pdf Graphic file (t
ype pdf)
 <use images/ViolinPlots/Hashtag-userCount-eps-converted-to.pdf>
Package pdftex.def Info: images/ViolinPlots/Hashtag-userCount-eps-converted-to.
pdf used on input line 50.
(pdftex.def)             Requested size: 96.73936pt x 72.66322pt.
Package epstopdf Info: Source file: <images/ViolinPlots/Location-userCount.eps>

(epstopdf)                    date: 2017-03-08 18:00:24
(epstopdf)                    size: 58838 bytes
(epstopdf)             Output file: <images/ViolinPlots/Location-userCount-eps-
converted-to.pdf>
(epstopdf)                    date: 2017-03-08 18:00:24
(epstopdf)                    size: 52226 bytes
(epstopdf)             Command: <repstopdf --outfile=images/ViolinPlots/Locatio
n-userCount-eps-converted-to.pdf images/ViolinPlots/Location-userCount.eps>
(epstopdf)             \includegraphics on input line 51.
Package epstopdf Info: Output file is already uptodate.

<images/ViolinPlots/Location-userCount-eps-converted-to.pdf, id=258, 435.6275pt
 x 327.2225pt>
File: images/ViolinPlots/Location-userCount-eps-converted-to.pdf Graphic file (
type pdf)

<use images/ViolinPlots/Location-userCount-eps-converted-to.pdf>
Package pdftex.def Info: images/ViolinPlots/Location-userCount-eps-converted-to
.pdf used on input line 51.
(pdftex.def)             Requested size: 96.73936pt x 72.66322pt.
Package epstopdf Info: Source file: <images/ViolinPlots/Mention-tweetCount.eps>

(epstopdf)                    date: 2017-03-08 18:00:24
(epstopdf)                    size: 52724 bytes
(epstopdf)             Output file: <images/ViolinPlots/Mention-tweetCount-eps-
converted-to.pdf>
(epstopdf)                    date: 2017-03-08 18:00:24
(epstopdf)                    size: 46562 bytes
(epstopdf)             Command: <repstopdf --outfile=images/ViolinPlots/Mention
-tweetCount-eps-converted-to.pdf images/ViolinPlots/Mention-tweetCount.eps>
(epstopdf)             \includegraphics on input line 52.
Package epstopdf Info: Output file is already uptodate.

<images/ViolinPlots/Mention-tweetCount-eps-converted-to.pdf, id=259, 435.6275pt
 x 327.2225pt>
File: images/ViolinPlots/Mention-tweetCount-eps-converted-to.pdf Graphic file (
type pdf)

<use images/ViolinPlots/Mention-tweetCount-eps-converted-to.pdf>
Package pdftex.def Info: images/ViolinPlots/Mention-tweetCount-eps-converted-to
.pdf used on input line 52.
(pdftex.def)             Requested size: 96.73936pt x 72.66322pt.
Package epstopdf Info: Source file: <images/ViolinPlots/Term-tweetCount.eps>
(epstopdf)                    date: 2017-03-08 18:00:24
(epstopdf)                    size: 54279 bytes
(epstopdf)             Output file: <images/ViolinPlots/Term-tweetCount-eps-con
verted-to.pdf>
(epstopdf)                    date: 2017-03-08 18:00:24
(epstopdf)                    size: 47942 bytes
(epstopdf)             Command: <repstopdf --outfile=images/ViolinPlots/Term-tw
eetCount-eps-converted-to.pdf images/ViolinPlots/Term-tweetCount.eps>
(epstopdf)             \includegraphics on input line 53.
Package epstopdf Info: Output file is already uptodate.

<images/ViolinPlots/Term-tweetCount-eps-converted-to.pdf, id=260, 435.6275pt x 
327.2225pt>
File: images/ViolinPlots/Term-tweetCount-eps-converted-to.pdf Graphic file (typ
e pdf)
 <use images/ViolinPlots/Term-tweetCount-eps-converted-to.pdf>
Package pdftex.def Info: images/ViolinPlots/Term-tweetCount-eps-converted-to.pd
f used on input line 53.
(pdftex.def)             Requested size: 96.73936pt x 72.66322pt.

Overfull \hbox (35.66559pt too wide) in paragraph at lines 41--57
 [][] 
 []

Package epstopdf Info: Source file: <images/DensityPlots_IranDeal/dscatterPlot_
From-favoriteCount.eps>
(epstopdf)                    date: 2017-03-08 18:00:24
(epstopdf)                    size: 70025 bytes
(epstopdf)             Output file: <images/DensityPlots_IranDeal/dscatterPlot_
From-favoriteCount-eps-converted-to.pdf>
(epstopdf)                    date: 2017-03-08 18:00:24
(epstopdf)                    size: 60782 bytes
(epstopdf)             Command: <repstopdf --outfile=images/DensityPlots_IranDe
al/dscatterPlot_From-favoriteCount-eps-converted-to.pdf images/DensityPlots_Ira
nDeal/dscatterPlot_From-favoriteCount.eps>
(epstopdf)             \includegraphics on input line 67.
Package epstopdf Info: Output file is already uptodate.

<images/DensityPlots_IranDeal/dscatterPlot_From-favoriteCount-eps-converted-to.
pdf, id=261, 435.6275pt x 327.2225pt>
File: images/DensityPlots_IranDeal/dscatterPlot_From-favoriteCount-eps-converte
d-to.pdf Graphic file (type pdf)

<use images/DensityPlots_IranDeal/dscatterPlot_From-favoriteCount-eps-converted
-to.pdf>
Package pdftex.def Info: images/DensityPlots_IranDeal/dscatterPlot_From-favorit
eCount-eps-converted-to.pdf used on input line 67.
(pdftex.def)             Requested size: 113.81102pt x 85.48526pt.
Package epstopdf Info: Source file: <images/DensityPlots_IranDeal/dscatterPlot_
From-followersCount.eps>
(epstopdf)                    date: 2017-03-08 18:00:24
(epstopdf)                    size: 59417 bytes
(epstopdf)             Output file: <images/DensityPlots_IranDeal/dscatterPlot_
From-followersCount-eps-converted-to.pdf>
(epstopdf)                    date: 2017-03-08 18:00:24
(epstopdf)                    size: 52112 bytes
(epstopdf)             Command: <repstopdf --outfile=images/DensityPlots_IranDe
al/dscatterPlot_From-followersCount-eps-converted-to.pdf images/DensityPlots_Ir
anDeal/dscatterPlot_From-followersCount.eps>
(epstopdf)             \includegraphics on input line 68.
Package epstopdf Info: Output file is already uptodate.

<images/DensityPlots_IranDeal/dscatterPlot_From-followersCount-eps-converted-to
.pdf, id=262, 435.6275pt x 327.2225pt>
File: images/DensityPlots_IranDeal/dscatterPlot_From-followersCount-eps-convert
ed-to.pdf Graphic file (type pdf)

<use images/DensityPlots_IranDeal/dscatterPlot_From-followersCount-eps-converte
d-to.pdf>
Package pdftex.def Info: images/DensityPlots_IranDeal/dscatterPlot_From-followe
rsCount-eps-converted-to.pdf used on input line 68.
(pdftex.def)             Requested size: 113.81102pt x 85.48526pt.
Package epstopdf Info: Source file: <images/DensityPlots_IranDeal/dscatterPlot_
From-friendsCount.eps>
(epstopdf)                    date: 2017-03-08 18:00:24
(epstopdf)                    size: 59600 bytes
(epstopdf)             Output file: <images/DensityPlots_IranDeal/dscatterPlot_
From-friendsCount-eps-converted-to.pdf>
(epstopdf)                    date: 2017-03-08 18:00:24
(epstopdf)                    size: 51711 bytes
(epstopdf)             Command: <repstopdf --outfile=images/DensityPlots_IranDe
al/dscatterPlot_From-friendsCount-eps-converted-to.pdf images/DensityPlots_Iran
Deal/dscatterPlot_From-friendsCount.eps>
(epstopdf)             \includegraphics on input line 69.
Package epstopdf Info: Output file is already uptodate.

<images/DensityPlots_IranDeal/dscatterPlot_From-friendsCount-eps-converted-to.p
df, id=263, 435.6275pt x 327.2225pt>
File: images/DensityPlots_IranDeal/dscatterPlot_From-friendsCount-eps-converted
-to.pdf Graphic file (type pdf)

<use images/DensityPlots_IranDeal/dscatterPlot_From-friendsCount-eps-converted-
to.pdf>
Package pdftex.def Info: images/DensityPlots_IranDeal/dscatterPlot_From-friends
Count-eps-converted-to.pdf used on input line 69.
(pdftex.def)             Requested size: 113.81102pt x 85.48526pt.
Package epstopdf Info: Source file: <images/DensityPlots_IranDeal/dscatterPlot_
From-hashtagCount.eps>
(epstopdf)                    date: 2017-03-08 18:00:24
(epstopdf)                    size: 58744 bytes
(epstopdf)             Output file: <images/DensityPlots_IranDeal/dscatterPlot_
From-hashtagCount-eps-converted-to.pdf>
(epstopdf)                    date: 2017-03-08 18:00:24
(epstopdf)                    size: 51758 bytes
(epstopdf)             Command: <repstopdf --outfile=images/DensityPlots_IranDe
al/dscatterPlot_From-hashtagCount-eps-converted-to.pdf images/DensityPlots_Iran
Deal/dscatterPlot_From-hashtagCount.eps>
(epstopdf)             \includegraphics on input line 70.
Package epstopdf Info: Output file is already uptodate.

<images/DensityPlots_IranDeal/dscatterPlot_From-hashtagCount-eps-converted-to.p
df, id=264, 435.6275pt x 327.2225pt>
File: images/DensityPlots_IranDeal/dscatterPlot_From-hashtagCount-eps-converted
-to.pdf Graphic file (type pdf)

<use images/DensityPlots_IranDeal/dscatterPlot_From-hashtagCount-eps-converted-
to.pdf>
Package pdftex.def Info: images/DensityPlots_IranDeal/dscatterPlot_From-hashtag
Count-eps-converted-to.pdf used on input line 70.
(pdftex.def)             Requested size: 113.81102pt x 85.48526pt.

Overfull \hbox (25.21284pt too wide) in paragraph at lines 66--73
 [][] 
 []


Package hyperref Warning: Suppressing empty link on input line 121.

[9 <./images/avgMI_gray.pdf> <./images/avgMIBoxPlots/TermVsTopics.pdf> <./image
s/avgMIBoxPlots/LocationVsTopics.pdf> <./images/avgMIBoxPlots/HashtagVsTopics.p
df> <./images/avgMIBoxPlots/MentionVsTopics.pdf> <./images/avgMIBoxPlots/FromVs
Topics.pdf>] [10 <./images/ViolinPlots/From-favoriteCount-eps-converted-to.pdf>
 <./images/ViolinPlots/From-followersCount-eps-converted-to.pdf> <./images/Viol
inPlots/From-friendsCount-eps-converted-to.pdf> <./images/ViolinPlots/From-hash
tagCount-eps-converted-to.pdf> <./images/ViolinPlots/From-tweetCount-eps-conver
ted-to.pdf> <./images/ViolinPlots/Hashtag-tweetCount-eps-converted-to.pdf> <./i
mages/ViolinPlots/Hashtag-userCount-eps-converted-to.pdf> <./images/ViolinPlots
/Location-userCount-eps-converted-to.pdf> <./images/ViolinPlots/Mention-tweetCo
unt-eps-converted-to.pdf> <./images/ViolinPlots/Term-tweetCount-eps-converted-t
o.pdf> <./images/DensityPlots_IranDeal/dscatterPlot_From-favoriteCount-eps-conv
erted-to.pdf> <./images/DensityPlots_IranDeal/dscatterPlot_From-followersCount-
eps-converted-to.pdf> <./images/DensityPlots_IranDeal/dscatterPlot_From-friends
Count-eps-converted-to.pdf> <./images/DensityPlots_IranDeal/dscatterPlot_From-h
ashtagCount-eps-converted-to.pdf>] [11]) (./conclusion.tex) (./main.bbl
[12]) 
AED: lastpage setting LastPage
[13]
Package atveryend Info: Empty hook `BeforeClearDocument' on input line 88.
Package atveryend Info: Empty hook `AfterLastShipout' on input line 88.
 (./main.aux)
Package atveryend Info: Executing hook `AtVeryEndDocument' on input line 88.
Package atveryend Info: Executing hook `AtEndAfterFileList' on input line 88.


Package rerunfilecheck Warning: File `main.out' has changed.
(rerunfilecheck)                Rerun to get outlines right
(rerunfilecheck)                or use package `bookmark'.

Package rerunfilecheck Info: Checksums for `main.out':
(rerunfilecheck)             Before: 71FB65D42377518DAEB1D80D05069750;51
(rerunfilecheck)             After:  824416200515F6550995BC88BB3891C6;52.

LaTeX Warning: Label(s) may have changed. Rerun to get cross-references right.

Package atveryend Info: Empty hook `AtVeryVeryEnd' on input line 88.
 ) 
Here is how much of TeX's memory you used:
 13077 strings out of 493014
 198035 string characters out of 6133351
 467212 words of memory out of 5000000
 15948 multiletter control sequences out of 15000+600000
 73862 words of font info for 294 fonts, out of 8000000 for 9000
 1141 hyphenation exceptions out of 8191
 43i,22n,49p,1821b,580s stack positions out of 5000i,500n,10000p,200000b,80000s
pdfTeX warning (dest): name{table.caption.9} has been referenced but does not
 exist, replaced by a fixed one

{/usr/local/texlive/2016/texmf-dist/fonts/enc/dvips/base/8r.enc}</usr/local/tex
live/2016/texmf-dist/fonts/type1/public/amsfonts/cm/cmex10.pfb></usr/local/texl
ive/2016/texmf-dist/fonts/type1/public/amsfonts/cm/cmmi10.pfb></usr/local/texli
ve/2016/texmf-dist/fonts/type1/public/amsfonts/cm/cmr10.pfb></usr/local/texlive
/2016/texmf-dist/fonts/type1/public/amsfonts/cm/cmsy10.pfb></usr/local/texlive/
2016/texmf-dist/fonts/type1/public/amsfonts/symbols/msam10.pfb></usr/local/texl
ive/2016/texmf-dist/fonts/type1/public/amsfonts/symbols/msbm10.pfb></usr/local/
texlive/2016/texmf-dist/fonts/type1/urw/helvetic/uhvb8a.pfb></usr/local/texlive
/2016/texmf-dist/fonts/type1/urw/helvetic/uhvr8a.pfb></usr/local/texlive/2016/t
exmf-dist/fonts/type1/urw/symbol/usyr.pfb></usr/local/texlive/2016/texmf-dist/f
onts/type1/urw/symbol/usyr.pfb></usr/local/texlive/2016/texmf-dist/fonts/type1/
urw/times/utmb8a.pfb></usr/local/texlive/2016/texmf-dist/fonts/type1/urw/times/
utmr8a.pfb></usr/local/texlive/2016/texmf-dist/fonts/type1/urw/times/utmri8a.pf
b></usr/local/texlive/2016/texmf-dist/fonts/type1/urw/zapfding/uzdr.pfb>
Output written on main.pdf (13 pages, 2774296 bytes).
PDF statistics:
 530 PDF objects out of 1000 (max. 8388607)
 401 compressed objects within 5 object streams
 95 named destinations out of 1000 (max. 500000)
 48779 words of extra memory for PDF output out of 51595 (max. 10000000)

