\BOOKMARK [1][-]{section.1}{Introduction}{}% 1
\BOOKMARK [1][-]{section.2}{Use Cases of Social Media Sensor}{}% 2
\BOOKMARK [2][-]{subsection.2.1}{Events}{section.2}% 3
\BOOKMARK [3][-]{subsubsection.2.1.1}{Trending Topic Detection}{subsection.2.1}% 4
\BOOKMARK [3][-]{subsubsection.2.1.2}{Natural Disaster Detection}{subsection.2.1}% 5
\BOOKMARK [3][-]{subsubsection.2.1.3}{Health Epidemic Detection}{subsection.2.1}% 6
\BOOKMARK [2][-]{subsection.2.2}{Sentiments and Opinions}{section.2}% 7
\BOOKMARK [3][-]{subsubsection.2.2.1}{Types of Sentiment Analysis}{subsection.2.2}% 8
\BOOKMARK [3][-]{subsubsection.2.2.2}{Framework of Sentiment Analysis}{subsection.2.2}% 9
\BOOKMARK [3][-]{subsubsection.2.2.3}{Applications of Sentiment Analysis}{subsection.2.2}% 10
\BOOKMARK [2][-]{subsection.2.3}{Preferences and Traits}{section.2}% 11
\BOOKMARK [3][-]{subsubsection.2.3.1}{Framework of Preference Prediction}{subsection.2.3}% 12
\BOOKMARK [3][-]{subsubsection.2.3.2}{Applications of Preference and Trait Prediction}{subsection.2.3}% 13
\BOOKMARK [3][-]{subsubsection.2.3.3}{Re-Tweet Prediction}{subsection.2.3}% 14
\BOOKMARK [1][-]{section.3}{Supporting Theories}{}% 15
\BOOKMARK [2][-]{subsection.3.1}{Sentiment Theories}{section.3}% 16
\BOOKMARK [3][-]{subsubsection.3.1.1}{Complex and Simple Sentiment}{subsection.3.1}% 17
\BOOKMARK [2][-]{subsection.3.2}{Social Network Theories}{section.3}% 18
\BOOKMARK [3][-]{subsubsection.3.2.1}{Graph Structure}{subsection.3.2}% 19
\BOOKMARK [3][-]{subsubsection.3.2.2}{Information Diffusion and Cascades}{subsection.3.2}% 20
\BOOKMARK [1][-]{section.4}{Conclusions and Discussion of Open Areas}{}% 21
