This is pdfTeX, Version 3.14159265-2.6-1.40.16 (MiKTeX 2.9 64-bit) (preloaded format=pdflatex 2016.4.27)  5 MAR 2017 07:43
entering extended mode
**./icwsm2017_poster.tex
(icwsm2017_poster.tex
LaTeX2e <2015/10/01> patch level 2
Babel <3.9n> and hyphenation patterns for 69 languages loaded.
("C:\Program Files\MiKTeX 2.9\tex\latex\base\article.cls"
Document Class: article 2014/09/29 v1.4h Standard LaTeX document class
("C:\Program Files\MiKTeX 2.9\tex\latex\base\size10.clo"
File: size10.clo 2014/09/29 v1.4h Standard LaTeX file (size option)
)
\c@part=\count79
\c@section=\count80
\c@subsection=\count81
\c@subsubsection=\count82
\c@paragraph=\count83
\c@subparagraph=\count84
\c@figure=\count85
\c@table=\count86
\abovecaptionskip=\skip41
\belowcaptionskip=\skip42
\bibindent=\dimen102
) (aaai17.sty
Conference Style for AAAI for LaTeX 2e -- version of 1 January 2017
\titlebox=\skip43
) ("C:\Program Files\MiKTeX 2.9\tex\latex\psnfss\times.sty"
Package: times 2005/04/12 PSNFSS-v9.2a (SPQR) 
)
("C:\Program Files\MiKTeX 2.9\tex\latex\psnfss\helvet.sty"
Package: helvet 2005/04/12 PSNFSS-v9.2a (WaS) 

("C:\Program Files\MiKTeX 2.9\tex\latex\graphics\keyval.sty"
Package: keyval 2014/10/28 v1.15 key=value parser (DPC)
\KV@toks@=\toks14
))
(C:\Users\ssann\AppData\Roaming\MiKTeX\2.9\tex\latex\subfig\subfig.sty
Package: subfig 2005/06/28 ver: 1.3 subfig package

(C:\Users\ssann\AppData\Roaming\MiKTeX\2.9\tex\latex\caption\caption.sty
Package: caption 2016/02/21 v3.3-144 Customizing captions (AR)

(C:\Users\ssann\AppData\Roaming\MiKTeX\2.9\tex\latex\caption\caption3.sty
Package: caption3 2016/05/22 v1.7-166 caption3 kernel (AR)
Package caption3 Info: TeX engine: e-TeX on input line 67.
\captionmargin=\dimen103
\captionmargin@=\dimen104
\captionwidth=\dimen105
\caption@tempdima=\dimen106
\caption@indent=\dimen107
\caption@parindent=\dimen108
\caption@hangindent=\dimen109
)
\c@ContinuedFloat=\count87
)
\c@KVtest=\count88
\sf@farskip=\skip44
\sf@captopadj=\dimen110
\sf@capskip=\skip45
\sf@nearskip=\skip46
\c@subfigure=\count89
\c@subfigure@save=\count90
\c@lofdepth=\count91
\c@subtable=\count92
\c@subtable@save=\count93
\c@lotdepth=\count94
\sf@top=\skip47
\sf@bottom=\skip48
)
("C:\Program Files\MiKTeX 2.9\tex\latex\amsfonts\amssymb.sty"
Package: amssymb 2013/01/14 v3.01 AMS font symbols

("C:\Program Files\MiKTeX 2.9\tex\latex\amsfonts\amsfonts.sty"
Package: amsfonts 2013/01/14 v3.01 Basic AMSFonts support
\@emptytoks=\toks15
\symAMSa=\mathgroup4
\symAMSb=\mathgroup5
LaTeX Font Info:    Overwriting math alphabet `\mathfrak' in version `bold'
(Font)                  U/euf/m/n --> U/euf/b/n on input line 106.
))
(C:\Users\ssann\AppData\Roaming\MiKTeX\2.9\tex\latex\enumitem\enumitem.sty
Package: enumitem 2011/09/28 v3.5.2 Customized lists
\labelindent=\skip49
\enit@outerparindent=\dimen111
\enit@toks=\toks16
\enit@inbox=\box26
\enitdp@description=\count95
)
("C:\Program Files\MiKTeX 2.9\tex\latex\amsmath\amsmath.sty"
Package: amsmath 2013/01/14 v2.14 AMS math features
\@mathmargin=\skip50

For additional information on amsmath, use the `?' option.
("C:\Program Files\MiKTeX 2.9\tex\latex\amsmath\amstext.sty"
Package: amstext 2000/06/29 v2.01

("C:\Program Files\MiKTeX 2.9\tex\latex\amsmath\amsgen.sty"
File: amsgen.sty 1999/11/30 v2.0
\@emptytoks=\toks17
\ex@=\dimen112
))
("C:\Program Files\MiKTeX 2.9\tex\latex\amsmath\amsbsy.sty"
Package: amsbsy 1999/11/29 v1.2d
\pmbraise@=\dimen113
)
("C:\Program Files\MiKTeX 2.9\tex\latex\amsmath\amsopn.sty"
Package: amsopn 1999/12/14 v2.01 operator names
)
\inf@bad=\count96
LaTeX Info: Redefining \frac on input line 210.
\uproot@=\count97
\leftroot@=\count98
LaTeX Info: Redefining \overline on input line 306.
\classnum@=\count99
\DOTSCASE@=\count100
LaTeX Info: Redefining \ldots on input line 378.
LaTeX Info: Redefining \dots on input line 381.
LaTeX Info: Redefining \cdots on input line 466.
\Mathstrutbox@=\box27
\strutbox@=\box28
\big@size=\dimen114
LaTeX Font Info:    Redeclaring font encoding OML on input line 566.
LaTeX Font Info:    Redeclaring font encoding OMS on input line 567.
\macc@depth=\count101
\c@MaxMatrixCols=\count102
\dotsspace@=\muskip10
\c@parentequation=\count103
\dspbrk@lvl=\count104
\tag@help=\toks18
\row@=\count105
\column@=\count106
\maxfields@=\count107
\andhelp@=\toks19
\eqnshift@=\dimen115
\alignsep@=\dimen116
\tagshift@=\dimen117
\tagwidth@=\dimen118
\totwidth@=\dimen119
\lineht@=\dimen120
\@envbody=\toks20
\multlinegap=\skip51
\multlinetaggap=\skip52
\mathdisplay@stack=\toks21
LaTeX Info: Redefining \[ on input line 2665.
LaTeX Info: Redefining \] on input line 2666.
)
("C:\Program Files\MiKTeX 2.9\tex\latex\psnfss\pifont.sty"
Package: pifont 2005/04/12 PSNFSS-v9.2a Pi font support (SPQR) 
LaTeX Font Info:    Try loading font information for U+pzd on input line 63.

("C:\Program Files\MiKTeX 2.9\tex\latex\psnfss\upzd.fd"
File: upzd.fd 2001/06/04 font definitions for U/pzd.
)
LaTeX Font Info:    Try loading font information for U+psy on input line 64.

("C:\Program Files\MiKTeX 2.9\tex\latex\psnfss\upsy.fd"
File: upsy.fd 2001/06/04 font definitions for U/psy.
))
("C:\Program Files\MiKTeX 2.9\tex\latex\multirow\multirow.sty"
\bigstrutjot=\dimen121
)
("C:\Program Files\MiKTeX 2.9\tex\latex\hyperref\hyperref.sty"
Package: hyperref 2012/11/06 v6.83m Hypertext links for LaTeX

("C:\Program Files\MiKTeX 2.9\tex\generic\oberdiek\hobsub-hyperref.sty"
Package: hobsub-hyperref 2012/04/25 v1.12 Bundle oberdiek, subset hyperref (HO)


("C:\Program Files\MiKTeX 2.9\tex\generic\oberdiek\hobsub-generic.sty"
Package: hobsub-generic 2012/04/25 v1.12 Bundle oberdiek, subset generic (HO)
Package: hobsub 2012/04/25 v1.12 Construct package bundles (HO)
Package: infwarerr 2010/04/08 v1.3 Providing info/warning/error messages (HO)
Package: ltxcmds 2011/11/09 v1.22 LaTeX kernel commands for general use (HO)
Package: ifluatex 2010/03/01 v1.3 Provides the ifluatex switch (HO)
Package ifluatex Info: LuaTeX not detected.
Package: ifvtex 2010/03/01 v1.5 Detect VTeX and its facilities (HO)
Package ifvtex Info: VTeX not detected.
Package: intcalc 2007/09/27 v1.1 Expandable calculations with integers (HO)
Package: ifpdf 2011/01/30 v2.3 Provides the ifpdf switch (HO)
Package ifpdf Info: pdfTeX in PDF mode is detected.
Package: etexcmds 2011/02/16 v1.5 Avoid name clashes with e-TeX commands (HO)
Package etexcmds Info: Could not find \expanded.
(etexcmds)             That can mean that you are not using pdfTeX 1.50 or
(etexcmds)             that some package has redefined \expanded.
(etexcmds)             In the latter case, load this package earlier.
Package: kvsetkeys 2012/04/25 v1.16 Key value parser (HO)
Package: kvdefinekeys 2011/04/07 v1.3 Define keys (HO)
Package: pdftexcmds 2011/11/29 v0.20 Utility functions of pdfTeX for LuaTeX (HO
)
Package pdftexcmds Info: LuaTeX not detected.
Package pdftexcmds Info: \pdf@primitive is available.
Package pdftexcmds Info: \pdf@ifprimitive is available.
Package pdftexcmds Info: \pdfdraftmode found.
Package: pdfescape 2011/11/25 v1.13 Implements pdfTeX's escape features (HO)
Package: bigintcalc 2012/04/08 v1.3 Expandable calculations on big integers (HO
)
Package: bitset 2011/01/30 v1.1 Handle bit-vector datatype (HO)
Package: uniquecounter 2011/01/30 v1.2 Provide unlimited unique counter (HO)
)
Package hobsub Info: Skipping package `hobsub' (already loaded).
Package: letltxmacro 2010/09/02 v1.4 Let assignment for LaTeX macros (HO)
Package: hopatch 2011/06/24 v1.1 Wrapper for package hooks (HO)
Package: xcolor-patch 2011/01/30 xcolor patch
Package: atveryend 2011/06/30 v1.8 Hooks at the very end of document (HO)
Package atveryend Info: \enddocument detected (standard20110627).
Package: atbegshi 2011/10/05 v1.16 At begin shipout hook (HO)
Package: refcount 2011/10/16 v3.4 Data extraction from label references (HO)
Package: hycolor 2011/01/30 v1.7 Color options for hyperref/bookmark (HO)
)
("C:\Program Files\MiKTeX 2.9\tex\generic\ifxetex\ifxetex.sty"
Package: ifxetex 2010/09/12 v0.6 Provides ifxetex conditional
)
("C:\Program Files\MiKTeX 2.9\tex\latex\oberdiek\auxhook.sty"
Package: auxhook 2011/03/04 v1.3 Hooks for auxiliary files (HO)
)
("C:\Program Files\MiKTeX 2.9\tex\latex\oberdiek\kvoptions.sty"
Package: kvoptions 2011/06/30 v3.11 Key value format for package options (HO)
)
\@linkdim=\dimen122
\Hy@linkcounter=\count108
\Hy@pagecounter=\count109

("C:\Program Files\MiKTeX 2.9\tex\latex\hyperref\pd1enc.def"
File: pd1enc.def 2012/11/06 v6.83m Hyperref: PDFDocEncoding definition (HO)
)
\Hy@SavedSpaceFactor=\count110

("C:\Program Files\MiKTeX 2.9\tex\latex\00miktex\hyperref.cfg"
File: hyperref.cfg 2002/06/06 v1.2 hyperref configuration of TeXLive
)
Package hyperref Info: Hyper figures OFF on input line 4443.
Package hyperref Info: Link nesting OFF on input line 4448.
Package hyperref Info: Hyper index ON on input line 4451.
Package hyperref Info: Plain pages OFF on input line 4458.
Package hyperref Info: Backreferencing OFF on input line 4463.
Package hyperref Info: Implicit mode ON; LaTeX internals redefined.
Package hyperref Info: Bookmarks ON on input line 4688.
\c@Hy@tempcnt=\count111

(C:\Users\ssann\AppData\Roaming\MiKTeX\2.9\tex\latex\url\url.sty
\Urlmuskip=\muskip11
Package: url 2013/09/16  ver 3.4  Verb mode for urls, etc.
)
LaTeX Info: Redefining \url on input line 5041.
\XeTeXLinkMargin=\dimen123
\Fld@menulength=\count112
\Field@Width=\dimen124
\Fld@charsize=\dimen125
Package hyperref Info: Hyper figures OFF on input line 6295.
Package hyperref Info: Link nesting OFF on input line 6300.
Package hyperref Info: Hyper index ON on input line 6303.
Package hyperref Info: backreferencing OFF on input line 6310.
Package hyperref Info: Link coloring OFF on input line 6315.
Package hyperref Info: Link coloring with OCG OFF on input line 6320.
Package hyperref Info: PDF/A mode OFF on input line 6325.
LaTeX Info: Redefining \ref on input line 6365.
LaTeX Info: Redefining \pageref on input line 6369.
\Hy@abspage=\count113
\c@Item=\count114
\c@Hfootnote=\count115
)

Package hyperref Message: Driver (autodetected): hpdftex.

("C:\Program Files\MiKTeX 2.9\tex\latex\hyperref\hpdftex.def"
File: hpdftex.def 2012/11/06 v6.83m Hyperref driver for pdfTeX
\Fld@listcount=\count116
\c@bookmark@seq@number=\count117

("C:\Program Files\MiKTeX 2.9\tex\latex\oberdiek\rerunfilecheck.sty"
Package: rerunfilecheck 2011/04/15 v1.7 Rerun checks for auxiliary files (HO)
Package uniquecounter Info: New unique counter `rerunfilecheck' on input line 2
82.
)
\Hy@SectionHShift=\skip53
)
(C:\Users\ssann\AppData\Roaming\MiKTeX\2.9\tex\latex\xcolor\xcolor.sty
Package: xcolor 2007/01/21 v2.11 LaTeX color extensions (UK)

("C:\Program Files\MiKTeX 2.9\tex\latex\00miktex\color.cfg"
File: color.cfg 2007/01/18 v1.5 color configuration of teTeX/TeXLive
)
Package xcolor Info: Driver file: pdftex.def on input line 225.

("C:\Program Files\MiKTeX 2.9\tex\latex\pdftex-def\pdftex.def"
File: pdftex.def 2011/05/27 v0.06d Graphics/color for pdfTeX
\Gread@gobject=\count118
)
(C:\Users\ssann\AppData\Roaming\MiKTeX\2.9\tex\latex\colortbl\colortbl.sty
Package: colortbl 2012/02/13 v1.0a Color table columns (DPC)

("C:\Program Files\MiKTeX 2.9\tex\latex\tools\array.sty"
Package: array 2014/10/28 v2.4c Tabular extension package (FMi)
\col@sep=\dimen126
\extrarowheight=\dimen127
\NC@list=\toks22
\extratabsurround=\skip54
\backup@length=\skip55
)
\everycr=\toks23
\minrowclearance=\skip56
)
\rownum=\count119
Package xcolor Info: Model `cmy' substituted by `cmy0' on input line 1337.
Package xcolor Info: Model `hsb' substituted by `rgb' on input line 1341.
Package xcolor Info: Model `RGB' extended on input line 1353.
Package xcolor Info: Model `HTML' substituted by `rgb' on input line 1355.
Package xcolor Info: Model `Hsb' substituted by `hsb' on input line 1356.
Package xcolor Info: Model `tHsb' substituted by `hsb' on input line 1357.
Package xcolor Info: Model `HSB' substituted by `hsb' on input line 1358.
Package xcolor Info: Model `Gray' substituted by `gray' on input line 1359.
Package xcolor Info: Model `wave' substituted by `hsb' on input line 1360.
)
(C:\Users\ssann\AppData\Roaming\MiKTeX\2.9\tex\latex\ulem\ulem.sty
\UL@box=\box29
\UL@hyphenbox=\box30
\UL@skip=\skip57
\UL@hook=\toks24
\UL@height=\dimen128
\UL@pe=\count120
\UL@pixel=\dimen129
\ULC@box=\box31
Package: ulem 2012/05/18
\ULdepth=\dimen130
)
("C:\Program Files\MiKTeX 2.9\tex\latex\psnfss\courier.sty"
Package: courier 2005/04/12 PSNFSS-v9.2a (WaS) 
)
("C:\Program Files\MiKTeX 2.9\tex\latex\graphics\graphicx.sty"
Package: graphicx 2014/10/28 v1.0g Enhanced LaTeX Graphics (DPC,SPQR)

("C:\Program Files\MiKTeX 2.9\tex\latex\graphics\graphics.sty"
Package: graphics 2014/10/28 v1.0p Standard LaTeX Graphics (DPC,SPQR)

("C:\Program Files\MiKTeX 2.9\tex\latex\graphics\trig.sty"
Package: trig 1999/03/16 v1.09 sin cos tan (DPC)
)
("C:\Program Files\MiKTeX 2.9\tex\latex\00miktex\graphics.cfg"
File: graphics.cfg 2007/01/18 v1.5 graphics configuration of teTeX/TeXLive
)
Package graphics Info: Driver file: pdftex.def on input line 94.
)
\Gin@req@height=\dimen131
\Gin@req@width=\dimen132
)
("C:\Program Files\MiKTeX 2.9\tex\latex\oberdiek\epstopdf.sty"
Package: epstopdf 2010/02/09 v2.5 Conversion with epstopdf on the fly (HO)

("C:\Program Files\MiKTeX 2.9\tex\latex\oberdiek\epstopdf-base.sty"
Package: epstopdf-base 2010/02/09 v2.5 Base part for package epstopdf

("C:\Program Files\MiKTeX 2.9\tex\latex\oberdiek\grfext.sty"
Package: grfext 2010/08/19 v1.1 Manage graphics extensions (HO)
)
Package grfext Info: Graphics extension search list:
(grfext)             [.png,.pdf,.jpg,.mps,.jpeg,.jbig2,.jb2,.PNG,.PDF,.JPG,.JPE
G,.JBIG2,.JB2,.eps]
(grfext)             \AppendGraphicsExtensions on input line 452.
))
("C:\Program Files\MiKTeX 2.9\tex\latex\graphics\epsfig.sty"
Package: epsfig 1999/02/16 v1.7a (e)psfig emulation (SPQR)
\epsfxsize=\dimen133
\epsfysize=\dimen134
)
("C:\Program Files\MiKTeX 2.9\tex\latex\tools\xr.sty"
Package: xr 1994/05/28 v5.02 eXternal References (DPC)
) (icwsm2017_poster.aux)
\openout1 = `icwsm2017_poster.aux'.

LaTeX Font Info:    Checking defaults for OML/cmm/m/it on input line 43.
LaTeX Font Info:    ... okay on input line 43.
LaTeX Font Info:    Checking defaults for T1/cmr/m/n on input line 43.
LaTeX Font Info:    ... okay on input line 43.
LaTeX Font Info:    Checking defaults for OT1/cmr/m/n on input line 43.
LaTeX Font Info:    ... okay on input line 43.
LaTeX Font Info:    Checking defaults for OMS/cmsy/m/n on input line 43.
LaTeX Font Info:    ... okay on input line 43.
LaTeX Font Info:    Checking defaults for OMX/cmex/m/n on input line 43.
LaTeX Font Info:    ... okay on input line 43.
LaTeX Font Info:    Checking defaults for U/cmr/m/n on input line 43.
LaTeX Font Info:    ... okay on input line 43.
LaTeX Font Info:    Checking defaults for PD1/pdf/m/n on input line 43.
LaTeX Font Info:    ... okay on input line 43.
LaTeX Font Info:    Try loading font information for OT1+ptm on input line 43.

("C:\Program Files\MiKTeX 2.9\tex\latex\psnfss\ot1ptm.fd"
File: ot1ptm.fd 2001/06/04 font definitions for OT1/ptm.
)
Package caption Info: Begin \AtBeginDocument code.
Package caption Info: subfig package v1.3 is loaded.
Package caption Info: hyperref package is loaded.
Package caption Info: End \AtBeginDocument code.
\AtBeginShipoutBox=\box32
Package hyperref Info: Link coloring OFF on input line 43.

("C:\Program Files\MiKTeX 2.9\tex\latex\hyperref\nameref.sty"
Package: nameref 2012/10/27 v2.43 Cross-referencing by name of section

("C:\Program Files\MiKTeX 2.9\tex\generic\oberdiek\gettitlestring.sty"
Package: gettitlestring 2010/12/03 v1.4 Cleanup title references (HO)
)
\c@section@level=\count121
)
LaTeX Info: Redefining \ref on input line 43.
LaTeX Info: Redefining \pageref on input line 43.
LaTeX Info: Redefining \nameref on input line 43.

(icwsm2017_poster.out) (icwsm2017_poster.out)
\@outlinefile=\write3
\openout3 = `icwsm2017_poster.out'.


(C:\Users\ssann\AppData\Roaming\MiKTeX\2.9\tex\context\base\supp-pdf.mkii
[Loading MPS to PDF converter (version 2006.09.02).]
\scratchcounter=\count122
\scratchdimen=\dimen135
\scratchbox=\box33
\nofMPsegments=\count123
\nofMParguments=\count124
\everyMPshowfont=\toks25
\MPscratchCnt=\count125
\MPscratchDim=\dimen136
\MPnumerator=\count126
\makeMPintoPDFobject=\count127
\everyMPtoPDFconversion=\toks26
)
LaTeX Font Info:    Font shape `OT1/ptm/bx/n' in size <14.4> not available
(Font)              Font shape `OT1/ptm/b/n' tried instead on input line 52.
LaTeX Font Info:    Try loading font information for U+msa on input line 52.
 ("C:\Program Files\MiKTeX 2.9\tex\latex\amsfonts\umsa.fd"
File: umsa.fd 2013/01/14 v3.01 AMS symbols A
)
LaTeX Font Info:    Try loading font information for U+msb on input line 52.

("C:\Program Files\MiKTeX 2.9\tex\latex\amsfonts\umsb.fd"
File: umsb.fd 2013/01/14 v3.01 AMS symbols B
)
LaTeX Font Info:    Font shape `OT1/ptm/bx/n' in size <12> not available
(Font)              Font shape `OT1/ptm/b/n' tried instead on input line 52.
LaTeX Font Info:    Try loading font information for OMS+ptm on input line 52.

("C:\Program Files\MiKTeX 2.9\tex\latex\psnfss\omsptm.fd"
File: omsptm.fd 
)
LaTeX Font Info:    Font shape `OMS/ptm/m/n' in size <9> not available
(Font)              Font shape `OMS/cmsy/m/n' tried instead on input line 52.
LaTeX Font Info:    Font shape `OT1/ptm/bx/n' in size <10> not available
(Font)              Font shape `OT1/ptm/b/n' tried instead on input line 52.
 (abstract.tex)
(lss.tex) (datasetStatistics.tex
Overfull \hbox (3.43625pt too wide) in paragraph at lines 6--45
 [][] 
 []


Overfull \hbox (3.43152pt too wide) in paragraph at lines 6--45
 [] 
 []

Package epstopdf Info: Source file: <images/location/world/socialsensor-world-H
umanCausedDisaster_location.eps>
(epstopdf)                    date: 2017-03-03 20:56:38
(epstopdf)                    size: 1045349 bytes
(epstopdf)             Output file: <images/location/world/socialsensor-world-H
umanCausedDisaster_location-eps-converted-to.pdf>
(epstopdf)                    date: 2017-03-03 20:56:38
(epstopdf)                    size: 251741 bytes
(epstopdf)             Command: <epstopdf --outfile=images/location/world/socia
lsensor-world-HumanCausedDisaster_location-eps-converted-to.pdf images/location
/world/socialsensor-world-HumanCausedDisaster_location.eps>
(epstopdf)             \includegraphics on input line 53.
Package epstopdf Info: Output file is already uptodate.

<images/location/world/socialsensor-world-HumanCausedDisaster_location-eps-conv
erted-to.pdf, id=36, 1653.17625pt x 848.16875pt>
File: images/location/world/socialsensor-world-HumanCausedDisaster_location-eps
-converted-to.pdf Graphic file (type pdf)

<use images/location/world/socialsensor-world-HumanCausedDisaster_location-eps-
converted-to.pdf>
Package pdftex.def Info: images/location/world/socialsensor-world-HumanCausedDi
saster_location-eps-converted-to.pdf used on input line 53.
(pdftex.def)             Requested size: 166.94463pt x 85.65013pt.
Package epstopdf Info: Source file: <images/location/world/socialsensor-world-i
rannucleardeal_location.eps>
(epstopdf)                    date: 2017-03-03 20:56:38
(epstopdf)                    size: 860094 bytes
(epstopdf)             Output file: <images/location/world/socialsensor-world-i
rannucleardeal_location-eps-converted-to.pdf>
(epstopdf)                    date: 2017-03-03 20:56:38
(epstopdf)                    size: 209614 bytes
(epstopdf)             Command: <epstopdf --outfile=images/location/world/socia
lsensor-world-irannucleardeal_location-eps-converted-to.pdf images/location/wor
ld/socialsensor-world-irannucleardeal_location.eps>
(epstopdf)             \includegraphics on input line 54.
Package epstopdf Info: Output file is already uptodate.

<images/location/world/socialsensor-world-irannucleardeal_location-eps-converte
d-to.pdf, id=37, 1653.17625pt x 848.16875pt>
File: images/location/world/socialsensor-world-irannucleardeal_location-eps-con
verted-to.pdf Graphic file (type pdf)

<use images/location/world/socialsensor-world-irannucleardeal_location-eps-conv
erted-to.pdf>
Package pdftex.def Info: images/location/world/socialsensor-world-irannuclearde
al_location-eps-converted-to.pdf used on input line 54.
(pdftex.def)             Requested size: 166.94463pt x 85.65013pt.
Package epstopdf Info: Source file: <images/location/world/socialsensor-world-s
occer_location.eps>
(epstopdf)                    date: 2017-03-03 20:56:38
(epstopdf)                    size: 1059134 bytes
(epstopdf)             Output file: <images/location/world/socialsensor-world-s
occer_location-eps-converted-to.pdf>
(epstopdf)                    date: 2017-03-03 20:56:38
(epstopdf)                    size: 252789 bytes
(epstopdf)             Command: <epstopdf --outfile=images/location/world/socia
lsensor-world-soccer_location-eps-converted-to.pdf images/location/world/social
sensor-world-soccer_location.eps>
(epstopdf)             \includegraphics on input line 55.
Package epstopdf Info: Output file is already uptodate.

<images/location/world/socialsensor-world-soccer_location-eps-converted-to.pdf,
 id=38, 1653.17625pt x 877.2775pt>
File: images/location/world/socialsensor-world-soccer_location-eps-converted-to
.pdf Graphic file (type pdf)

<use images/location/world/socialsensor-world-soccer_location-eps-converted-to.
pdf>
Package pdftex.def Info: images/location/world/socialsensor-world-soccer_locati
on-eps-converted-to.pdf used on input line 55.
(pdftex.def)             Requested size: 166.94463pt x 88.5896pt.
Package epstopdf Info: Source file: <images/location/states/SocialSensor-us-sta
tes-health_epidemics_location.eps>
(epstopdf)                    date: 2017-03-03 20:56:38
(epstopdf)                    size: 309844 bytes
(epstopdf)             Output file: <images/location/states/SocialSensor-us-sta
tes-health_epidemics_location-eps-converted-to.pdf>
(epstopdf)                    date: 2017-03-03 20:56:38
(epstopdf)                    size: 61158 bytes
(epstopdf)             Command: <epstopdf --outfile=images/location/states/Soci
alSensor-us-states-health_epidemics_location-eps-converted-to.pdf images/locati
on/states/SocialSensor-us-states-health_epidemics_location.eps>
(epstopdf)             \includegraphics on input line 57.
Package epstopdf Info: Output file is already uptodate.

<images/location/states/SocialSensor-us-states-health_epidemics_location-eps-co
nverted-to.pdf, id=39, 1653.17625pt x 848.16875pt>
File: images/location/states/SocialSensor-us-states-health_epidemics_location-e
ps-converted-to.pdf Graphic file (type pdf)

<use images/location/states/SocialSensor-us-states-health_epidemics_location-ep
s-converted-to.pdf>
Package pdftex.def Info: images/location/states/SocialSensor-us-states-health_e
pidemics_location-eps-converted-to.pdf used on input line 57.
(pdftex.def)             Requested size: 166.94463pt x 85.65013pt.
Package epstopdf Info: Source file: <images/location/states/SocialSensor-us-sta
tes-socialissues_location.eps>
(epstopdf)                    date: 2017-03-03 20:56:38
(epstopdf)                    size: 294045 bytes
(epstopdf)             Output file: <images/location/states/SocialSensor-us-sta
tes-socialissues_location-eps-converted-to.pdf>
(epstopdf)                    date: 2017-03-03 20:56:38
(epstopdf)                    size: 58083 bytes
(epstopdf)             Command: <epstopdf --outfile=images/location/states/Soci
alSensor-us-states-socialissues_location-eps-converted-to.pdf images/location/s
tates/SocialSensor-us-states-socialissues_location.eps>
(epstopdf)             \includegraphics on input line 58.
Package epstopdf Info: Output file is already uptodate.

<images/location/states/SocialSensor-us-states-socialissues_location-eps-conver
ted-to.pdf, id=40, 1653.17625pt x 848.16875pt>
File: images/location/states/SocialSensor-us-states-socialissues_location-eps-c
onverted-to.pdf Graphic file (type pdf)

<use images/location/states/SocialSensor-us-states-socialissues_location-eps-co
nverted-to.pdf>
Package pdftex.def Info: images/location/states/SocialSensor-us-states-socialis
sues_location-eps-converted-to.pdf used on input line 58.
(pdftex.def)             Requested size: 166.94463pt x 85.65013pt.

<images/location/states/SocialSensor-us-states-space_location.pdf, id=41, 1653.
17625pt x 848.16875pt>
File: images/location/states/SocialSensor-us-states-space_location.pdf Graphic 
file (type pdf)

<use images/location/states/SocialSensor-us-states-space_location.pdf>
Package pdftex.def Info: images/location/states/SocialSensor-us-states-space_lo
cation.pdf used on input line 59.
(pdftex.def)             Requested size: 166.94463pt x 85.65013pt.

Overfull \hbox (6.94388pt too wide) in paragraph at lines 52--62
 [][] 
 []

[1{C:/Users/ssann/AppData/Local/MiKTeX/2.9/pdftex/config/pdftex.map}



]
LaTeX Font Info:    Font shape `OMS/ptm/m/n' in size <10> not available
(Font)              Font shape `OMS/cmsy/m/n' tried instead on input line 81.
)
(methodology.tex
LaTeX Font Info:    Font shape `OT1/ptm/bx/n' in size <9> not available
(Font)              Font shape `OT1/ptm/b/n' tried instead on input line 37.
 [2 <./images/location/world/socialsensor-world-HumanCausedDisaster_location-ep
s-converted-to.pdf> <./images/location/world/socialsensor-world-irannucleardeal
_location-eps-converted-to.pdf> <./images/location/world/socialsensor-world-soc
cer_location-eps-converted-to.pdf> <./images/location/states/SocialSensor-us-st
ates-health_epidemics_location-eps-converted-to.pdf> <./images/location/states/
SocialSensor-us-states-socialissues_location-eps-converted-to.pdf> <./images/lo
cation/states/SocialSensor-us-states-space_location.pdf>]
LaTeX Font Info:    Font shape `OT1/ptm/bx/n' in size <10.95> not available
(Font)              Font shape `OT1/ptm/b/n' tried instead on input line 149.

(Commented text...) [3]

LaTeX Warning: Reference `table:topTweets' on page 4 undefined on input line 30
4.

) (featureAnalysis.tex
<images/avgMI_gray.pdf, id=119, 531.41536pt x 363.29727pt>
File: images/avgMI_gray.pdf Graphic file (type pdf)

<use images/avgMI_gray.pdf>
Package pdftex.def Info: images/avgMI_gray.pdf used on input line 13.
(pdftex.def)             Requested size: 227.64462pt x 170.72202pt.

<images/avgMIBoxPlots/TermVsTopics.pdf, id=120, 274.64607pt x 304.92921pt>
File: images/avgMIBoxPlots/TermVsTopics.pdf Graphic file (type pdf)

<use images/avgMIBoxPlots/TermVsTopics.pdf>
Package pdftex.def Info: images/avgMIBoxPlots/TermVsTopics.pdf used on input li
ne 25.
(pdftex.def)             Requested size: 96.73941pt x 99.5847pt.

<images/avgMIBoxPlots/LocationVsTopics.pdf, id=121, 274.64607pt x 304.92921pt>
File: images/avgMIBoxPlots/LocationVsTopics.pdf Graphic file (type pdf)

<use images/avgMIBoxPlots/LocationVsTopics.pdf>
Package pdftex.def Info: images/avgMIBoxPlots/LocationVsTopics.pdf used on inpu
t line 26.
(pdftex.def)             Requested size: 96.73941pt x 99.5847pt.

<images/avgMIBoxPlots/HashtagVsTopics.pdf, id=122, 266.87706pt x 287.83536pt>
File: images/avgMIBoxPlots/HashtagVsTopics.pdf Graphic file (type pdf)

<use images/avgMIBoxPlots/HashtagVsTopics.pdf>
Package pdftex.def Info: images/avgMIBoxPlots/HashtagVsTopics.pdf used on input
 line 27.
(pdftex.def)             Requested size: 96.73943pt x 99.58438pt.

<images/avgMIBoxPlots/MentionVsTopics.pdf, id=123, 274.64607pt x 304.92921pt>
File: images/avgMIBoxPlots/MentionVsTopics.pdf Graphic file (type pdf)

<use images/avgMIBoxPlots/MentionVsTopics.pdf>
Package pdftex.def Info: images/avgMIBoxPlots/MentionVsTopics.pdf used on input
 line 28.
(pdftex.def)             Requested size: 96.73941pt x 99.5847pt.

<images/avgMIBoxPlots/FromVsTopics.pdf, id=124, 274.64607pt x 304.92921pt>
File: images/avgMIBoxPlots/FromVsTopics.pdf Graphic file (type pdf)

<use images/avgMIBoxPlots/FromVsTopics.pdf>
Package pdftex.def Info: images/avgMIBoxPlots/FromVsTopics.pdf used on input li
ne 29.
(pdftex.def)             Requested size: 96.73941pt x 99.5847pt.
 (Commented text...)
(Commented text...)
Missing character: There is no Â in font ptmr7t!
Missing character: There is no Œ in font ptmr7t!
Missing character: There is no Ã in font ptmr7t!
Missing character: There is no § in font ptmr7t!
 [4 <./images/avgMI_gray.pdf>]

LaTeX Warning: Reference `fig:violinplots' on page 5 undefined on input line 18
6.

[5 <./images/avgMIBoxPlots/TermVsTopics.pdf> <./images/avgMIBoxPlots/LocationVs
Topics.pdf> <./images/avgMIBoxPlots/HashtagVsTopics.pdf> <./images/avgMIBoxPlot
s/MentionVsTopics.pdf> <./images/avgMIBoxPlots/FromVsTopics.pdf>]

LaTeX Warning: Reference `fig:violinplots' on page 6 undefined on input line 21
2.


LaTeX Warning: Reference `fig:densityplots' on page 6 undefined on input line 2
21.

) (Commented text...) (conclusion.tex (Commented text...))
(icwsm2017_poster.bbl
Underfull \hbox (badness 4048) in paragraph at lines 27--31
[]\OT1/ptm/m/n/10 Magdy, W., and El-sayed, T.
 []


Underfull \hbox (badness 4531) in paragraph at lines 34--38
[]\OT1/ptm/m/n/10 Manning, C. D.;
 []

)
Package atveryend Info: Empty hook `BeforeClearDocument' on input line 95.
 [6]
Package atveryend Info: Empty hook `AfterLastShipout' on input line 95.
 (icwsm2017_poster.aux)
Package atveryend Info: Executing hook `AtVeryEndDocument' on input line 95.
Package atveryend Info: Executing hook `AtEndAfterFileList' on input line 95.
Package rerunfilecheck Info: File `icwsm2017_poster.out' has not changed.
(rerunfilecheck)             Checksum: C02E9B13F71537881A7E9B48023A5FB3;432.


LaTeX Warning: There were undefined references.

Package atveryend Info: Empty hook `AtVeryVeryEnd' on input line 95.
 ) 
Here is how much of TeX's memory you used:
 8379 strings out of 493634
 126063 string characters out of 3143744
 254733 words of memory out of 3000000
 11560 multiletter control sequences out of 15000+200000
 25852 words of font info for 60 fonts, out of 3000000 for 9000
 1025 hyphenation exceptions out of 8191
 44i,17n,49p,1862b,497s stack positions out of 5000i,500n,10000p,200000b,50000s
{C:/Program Files/MiKTeX 2.9/fonts/enc/dvips/fontname/8r.enc}<C:/Program File
s/MiKTeX 2.9/fonts/type1/public/amsfonts/cm/cmex10.pfb><C:/Program Files/MiKTeX
 2.9/fonts/type1/public/amsfonts/cm/cmmi10.pfb><C:/Program Files/MiKTeX 2.9/fon
ts/type1/public/amsfonts/cm/cmmi7.pfb><C:/Program Files/MiKTeX 2.9/fonts/type1/
public/amsfonts/cm/cmr10.pfb><C:/Program Files/MiKTeX 2.9/fonts/type1/public/am
sfonts/cm/cmr7.pfb><C:/Program Files/MiKTeX 2.9/fonts/type1/public/amsfonts/cm/
cmsy10.pfb><C:/Program Files/MiKTeX 2.9/fonts/type1/public/amsfonts/cm/cmsy7.pf
b><C:/Program Files/MiKTeX 2.9/fonts/type1/public/amsfonts/cm/cmsy9.pfb><C:/Pro
gram Files/MiKTeX 2.9/fonts/type1/public/amsfonts/symbols/msam10.pfb><C:/Progra
m Files/MiKTeX 2.9/fonts/type1/urw/times/utmb8a.pfb><C:/Program Files/MiKTeX 2.
9/fonts/type1/urw/times/utmr8a.pfb><C:/Program Files/MiKTeX 2.9/fonts/type1/urw
/times/utmri8a.pfb><C:/Program Files/MiKTeX 2.9/fonts/type1/urw/zapfding/uzdr.p
fb>
Output written on icwsm2017_poster.pdf (6 pages, 2111609 bytes).
PDF statistics:
 260 PDF objects out of 1000 (max. 8388607)
 45 named destinations out of 1000 (max. 500000)
 117 words of extra memory for PDF output out of 10000 (max. 10000000)

